
 *------------------------------------------------------------------------------------* 
 |                                                                                    | 
 |  *------------------------------------------------------------------------------*  | 
 |  |                                                                              |  | 
 |  |                                                                              |  | 
 |  |   PPP   Y   Y  TTTTT  H   H  III    A      Welcome to the Lund Monte Carlo!  |  | 
 |  |   P  P   Y Y     T    H   H   I    A A     This is PYTHIA version 8.219      |  | 
 |  |   PPP     Y      T    HHHHH   I   AAAAA    Last date of change: 10 May 2016  |  | 
 |  |   P       Y      T    H   H   I   A   A                                      |  | 
 |  |   P       Y      T    H   H  III  A   A    Now is 01 Aug 2016 at 07:57:44    |  | 
 |  |                                                                              |  | 
 |  |   Torbjorn Sjostrand;  Department of Astronomy and Theoretical Physics,      |  | 
 |  |      Lund University, Solvegatan 14A, SE-223 62 Lund, Sweden;                |  | 
 |  |      e-mail: torbjorn@thep.lu.se                                             |  | 
 |  |   Jesper Roy Christiansen;  Department of Astronomy and Theoretical Physics, |  | 
 |  |      Lund University, Solvegatan 14A, SE-223 62 Lund, Sweden;                |  | 
 |  |      e-mail: Jesper.Roy.Christiansen@thep.lu.se                              |  | 
 |  |   Nishita Desai;  Institut fuer Theoretische Physik,                         |  | 
 |  |     Universitaet Heidelberg, Philosophenweg 16, D-69120 Heidelberg, Germany; |  | 
 |  |      e-mail: n.desai@thphys.uni-heidelberg.de                                |  | 
 |  |   Ilkka Helenius;  Department of Astronomy and Theoretical Physics,          |  | 
 |  |      Lund University, Solvegatan 14A, SE-223 62 Lund, Sweden;                |  | 
 |  |      e-mail: ilkka.helenius@thep.lu.se                                       |  | 
 |  |   Philip Ilten;  Massachusetts Institute of Technology,                      |  | 
 |  |      77 Massachusetts Ave, Cambridge, MA 02139, USA;                         |  | 
 |  |      e-mail: philten@cern.ch                                                 |  | 
 |  |   Stephen Mrenna;  Computing Division, Simulations Group,                    |  | 
 |  |      Fermi National Accelerator Laboratory, MS 234, Batavia, IL 60510, USA;  |  | 
 |  |      e-mail: mrenna@fnal.gov                                                 |  | 
 |  |   Stefan Prestel;  Theoretical Physics Group,                                |  | 
 |  |      SLAC National Accelerator Laboratory, Menlo Park, CA 94025, USA;        |  | 
 |  |      e-mail: prestel@slac.stanford.edu                                       |  | 
 |  |   Christine O. Rasmussen;  Department of Astronomy and Theoretical Physics,  |  | 
 |  |      Lund University, Solvegatan 14A, SE-223 62 Lund, Sweden;                |  | 
 |  |      e-mail: christine.rasmussen@thep.lu.se                                  |  | 
 |  |   Peter Skands;  School of Physics,                                          |  | 
 |  |      Monash University, PO Box 27, 3800 Melbourne, Australia;                |  | 
 |  |      e-mail: peter.skands@monash.edu                                         |  | 
 |  |                                                                              |  | 
 |  |   The main program reference is 'An Introduction to PYTHIA 8.2',             |  | 
 |  |   T. Sjostrand et al, Comput. Phys. Commun. 191 (2015) 159                   |  | 
 |  |   [arXiv:1410.3012 [hep-ph]]                                                 |  | 
 |  |                                                                              |  | 
 |  |   The main physics reference is the 'PYTHIA 6.4 Physics and Manual',         |  | 
 |  |   T. Sjostrand, S. Mrenna and P. Skands, JHEP05 (2006) 026 [hep-ph/0603175]  |  | 
 |  |                                                                              |  | 
 |  |   An archive of program versions and documentation is found on the web:      |  | 
 |  |   http://www.thep.lu.se/Pythia                                               |  | 
 |  |                                                                              |  | 
 |  |   This program is released under the GNU General Public Licence version 2.   |  | 
 |  |   Please respect the MCnet Guidelines for Event Generator Authors and Users. |  | 
 |  |                                                                              |  | 
 |  |   Disclaimer: this program comes without any guarantees.                     |  | 
 |  |   Beware of errors and use common sense when interpreting results.           |  | 
 |  |                                                                              |  | 
 |  |   Copyright (C) 2016 Torbjorn Sjostrand                                      |  | 
 |  |                                                                              |  | 
 |  |                                                                              |  | 
 |  *------------------------------------------------------------------------------*  | 
 |                                                                                    | 
 *------------------------------------------------------------------------------------* 


 *-------  PYTHIA Process Initialization  --------------------------*
 |                                                                  |
 | We collide p+ with p+ at a CM energy of 8.000e+03 GeV            |
 |                                                                  |
 |------------------------------------------------------------------|
 |                                                    |             |
 | Subprocess                                    Code |   Estimated |
 |                                                    |    max (mb) |
 |                                                    |             |
 |------------------------------------------------------------------|
 |                                                    |             |
 | f f' -> f f' (t-channel gamma*/Z0)             211 |   5.856e-02 |
 | f_1 f_2 -> f_3 f_4 (t-channel W+-)             212 |   9.073e-05 |
 |                                                                  |
 *-------  End PYTHIA Process Initialization -----------------------*

 *-------  PYTHIA Multiparton Interactions Initialization  ---------* 
 |                                                                  | 
 |                   sigmaNonDiffractive =   52.12 mb               | 
 |                                                                  | 
 |    pT0 =  2.35 gives sigmaInteraction =  258.80 mb: accepted     | 
 |                                                                  | 
 *-------  End PYTHIA Multiparton Interactions Initialization  -----* 

 *-------  PYTHIA Flag + Mode + Parm + Word + FVec + MVec + PVec + WVec Settings (changes only)  ------------------* 
 |                                                                                                                 | 
 | Name                                          |                      Now |      Default         Min         Max | 
 |                                               |                          |                                      | 
 | Beams:eCM                                     |                 8000.000 |    14000.000    10.00000             | 
 | WeakBosonExchange:all                         |                       on |          off                         | 
 |                                                                                                                 | 
 *-------  End PYTHIA Flag + Mode + Parm + Word + FVec + MVec + PVec + WVec Settings  -----------------------------* 

 --------  PYTHIA Particle Data Table (changed only)  ------------------------------------------------------------------------------
 
      id   name            antiName         spn chg col      m0        mWidth      mMin       mMax       tau0    res dec ext vis wid
             no onMode   bRatio   meMode     products 

 no particle data has been changed from its default value 

 --------  End PYTHIA Particle Data Table  -----------------------------------------------------------------------------------------


 --------  PYTHIA Info Listing  ---------------------------------------- 
 
 Beam A: id =   2212, pz =  4.000e+03, e =  4.000e+03, m =  9.383e-01.
 Beam B: id =   2212, pz = -4.000e+03, e =  4.000e+03, m =  9.383e-01.

 In 1: id =    2, x =  1.987e-01, pdf =  6.987e-01 at Q2 =  1.094e+00.
 In 2: id =    3, x =  4.277e-06, pdf =  1.003e+00 at same Q2.

 Subprocess f f' -> f f' (t-channel gamma*/Z0) with code 211 is 2 -> 2.
 It has sHat =  5.439e+01,    tHat = -1.117e+00,    uHat = -5.327e+01,
       pTHat =  1.039e+00,   m3Hat =  3.300e-01,   m4Hat =  5.000e-01,
    thetaHat =  2.876e-01,  phiHat =  3.684e+00.
     alphaEM =  7.449e-03,  alphaS =  4.901e-01    at Q2 =  1.094e+00.

 Impact parameter b =  1.027e+00 gives enhancement factor =  5.789e-01.
 Max pT scale for MPI =  1.046e+00, ISR =  1.046e+00, FSR =  1.046e+00.
 Number of MPI =     1, ISR =     0, FSRproc =     0, FSRreson =     0.

 --------  End PYTHIA Info Listing  ------------------------------------

 --------  PYTHIA Event Listing  (hard process)  -----------------------------------------------------------------------------------
 
    no        id   name            status     mothers   daughters     colours      p_x        p_y        p_z         e          m 
     0        90   (system)           -11     0     0     0     0     0     0      0.000      0.000      0.000   8000.000   8000.000
     1      2212   (p+)               -12     0     0     3     0     0     0      0.000      0.000   4000.000   4000.000      0.938
     2      2212   (p+)               -12     0     0     4     0     0     0      0.000      0.000  -4000.000   4000.000      0.938
     3         2   (u)                -21     1     0     5     6   101     0      0.000      0.000    794.723    794.723      0.000
     4         3   (s)                -21     2     0     5     6   102     0      0.000      0.000     -0.017      0.017      0.000
     5         2   u                   23     3     4     0     0   101     0     -0.890     -0.536    774.854    774.854      0.330
     6         3   s                   23     3     4     0     0   102     0      0.890      0.536     19.852     19.886      0.500
                                   Charge sum:  0.333           Momentum sum:      0.000      0.000    794.706    794.740      7.375

 --------  End PYTHIA Event Listing  -----------------------------------------------------------------------------------------------

 --------  PYTHIA Event Listing  (complete event)  ---------------------------------------------------------------------------------
 
    no        id   name            status     mothers   daughters     colours      p_x        p_y        p_z         e          m 
     0        90   (system)           -11     0     0     0     0     0     0      0.000      0.000      0.000   8000.000   8000.000
     1      2212   (p+)               -12     0     0     7     0     0     0      0.000      0.000   4000.000   4000.000      0.938
     2      2212   (p+)               -12     0     0     8     0     0     0      0.000      0.000  -4000.000   4000.000      0.938
     3         2   (u)                -21     7     7     5     6   101     0      0.000      0.000    794.723    794.723      0.000
     4         3   (s)                -21     8     8     5     6   102     0      0.000      0.000     -0.017      0.017      0.000
     5         2   (u)                -23     3     4     9     9   101     0     -0.890     -0.536    774.854    774.854      0.330
     6         3   (s)                -23     3     4    10    10   102     0      0.890      0.536     19.852     19.886      0.500
     7         2   (u)                -61     1     0     3     3   101     0     -0.046     -0.147    786.696    786.696      0.000
     8         3   (s)                -61     2     0     4     4   102     0     -0.035      0.927     12.495     12.530      0.000
     9         2   (u)                -62     5     5    17    17   101     0     -0.935     -0.656    753.775    753.775      0.330
    10         3   (s)                -62     6     6    21    21   102     0      0.853      1.437     45.416     45.450      0.500
    11      2101   (ud_0)             -63     1     0    18    18     0   101      0.046      0.147   3200.791   3200.791      0.579
    12      2101   (ud_0)             -63     2     0    22    22     0   102     -0.419     -0.187  -2892.394   2892.394      0.579
    13         2   (u)                -63     2     0    15    16   105     0      0.064      0.076   -256.043    256.043      0.330
    14        -3   (sbar)             -63     2     0    15    16     0   105      0.390     -0.816   -851.545    851.546      0.500
    15       211   pi+                 82    13    14     0     0     0     0      0.126      0.183   -150.211    150.212      0.140
    16       311   (K0)               -82    13    14    40    40     0     0      0.328     -0.923   -957.377    957.377      0.498
    17         2   (u)                -71     9     9    19    20   101     0     -0.935     -0.656    753.775    753.775      0.330
    18      2101   (ud_0)             -71    11    11    19    20     0   101      0.046      0.147   3200.791   3200.791      0.579
    19       223   (omega)            -83    17    18    49    51     0     0     -0.736     -0.477    811.094    811.095      0.780
    20      2212   p+                  84    17    18     0     0     0     0     -0.152     -0.032   3143.472   3143.472      0.938
    21         3   (s)                -71    10    10    23    39   102     0      0.853      1.437     45.416     45.450      0.500
    22      2101   (ud_0)             -71    12    12    23    39     0   102     -0.419     -0.187  -2892.394   2892.394      0.579
    23      -321   K-                  83    21    22     0     0     0     0      0.915      0.521     25.255     25.281      0.494
    24       213   (rho+)             -83    21    22    41    42     0     0     -0.436      0.569      8.445      8.511      0.784
    25      -211   pi-                 83    21    22     0     0     0     0      0.307      0.505      4.414      4.456      0.140
    26       223   (omega)            -83    21    22    52    54     0     0     -0.199     -0.337      6.202      6.262      0.776
    27       111   (pi0)              -83    21    22    55    56     0     0      0.491      0.249     -0.045      0.569      0.135
    28       211   pi+                 83    21    22     0     0     0     0      0.078      0.003      0.049      0.167      0.140
    29      -211   pi-                 83    21    22     0     0     0     0     -0.785     -0.431      0.014      0.906      0.140
    30       213   (rho+)             -83    21    22    43    44     0     0      0.253      0.494     -1.362      1.621      0.683
    31       223   (omega)            -83    21    22    57    59     0     0      0.049     -0.348    -16.683     16.704      0.767
    32      -211   pi-                 83    21    22     0     0     0     0      0.140      0.106     -0.323      0.393      0.140
    33       211   pi+                 84    21    22     0     0     0     0     -0.366     -0.103    -16.701     16.706      0.140
    34       221   (eta)              -84    21    22    60    61     0     0      0.281      0.472    -63.300     63.304      0.548
    35       113   (rho0)             -84    21    22    45    46     0     0      0.179      0.063    -27.599     27.616      0.947
    36       223   (omega)            -84    21    22    62    64     0     0      0.140      0.011   -252.095    252.096      0.779
    37       113   (rho0)             -84    21    22    47    48     0     0      0.019     -0.484  -1311.155   1311.155      0.734
    38      2112   n0                  84    21    22     0     0     0     0     -0.561     -0.079   -456.716    456.717      0.940
    39       221   (eta)              -84    21    22    65    66     0     0     -0.070      0.038   -745.377    745.378      0.548
    40       130   K_L0                91    16    16     0     0     0     0      0.328     -0.923   -957.377    957.377      0.498
    41       211   pi+                 91    24     0     0     0     0     0     -0.161      0.380      7.263      7.277      0.140
    42       111   (pi0)              -91    24     0    67    68     0     0     -0.275      0.189      1.181      1.235      0.135
    43       211   pi+                 91    30     0     0     0     0     0      0.413      0.489     -0.888      1.104      0.140
    44       111   (pi0)              -91    30     0    69    70     0     0     -0.160      0.005     -0.474      0.518      0.135
    45       211   pi+                 91    35     0     0     0     0     0     -0.137     -0.169    -21.959     21.961      0.140
    46      -211   pi-                 91    35     0     0     0     0     0      0.317      0.232     -5.640      5.656      0.140
    47       211   pi+                 91    37     0     0     0     0     0     -0.104     -0.402   -351.229    351.229      0.140
    48      -211   pi-                 91    37     0     0     0     0     0      0.123     -0.082   -959.926    959.927      0.140
    49       211   pi+                 91    19     0     0     0     0     0     -0.522     -0.331    335.437    335.437      0.140
    50      -211   pi-                 91    19     0     0     0     0     0     -0.157     -0.233    338.052    338.052      0.140
    51       111   (pi0)              -91    19     0    71    72     0     0     -0.058      0.086    137.605    137.605      0.135
    52       211   pi+                 91    26     0     0     0     0     0     -0.296     -0.401      3.775      3.810      0.140
    53      -211   pi-                 91    26     0     0     0     0     0      0.066     -0.018      0.661      0.679      0.140
    54       111   (pi0)              -91    26     0    73    74     0     0      0.030      0.082      1.766      1.773      0.135
    55        22   gamma               91    27     0     0     0     0     0      0.478      0.261     -0.056      0.548      0.000
    56        22   gamma               91    27     0     0     0     0     0      0.013     -0.012      0.012      0.021      0.000
    57       211   pi+                 91    31     0     0     0     0     0      0.043     -0.349     -7.691      7.700      0.140
    58      -211   pi-                 91    31     0     0     0     0     0      0.147      0.116     -3.932      3.939      0.140
    59       111   (pi0)              -91    31     0    75    76     0     0     -0.141     -0.115     -5.060      5.065      0.135
    60        22   gamma               91    34     0     0     0     0     0      0.325      0.478    -35.357     35.362      0.000
    61        22   gamma               91    34     0     0     0     0     0     -0.044     -0.006    -27.943     27.943      0.000
    62       211   pi+                 91    36     0     0     0     0     0     -0.135      0.142    -70.889     70.889      0.140
    63      -211   pi-                 91    36     0     0     0     0     0      0.147     -0.232    -76.824     76.825      0.140
    64       111   (pi0)              -91    36     0    77    78     0     0      0.128      0.101   -104.382    104.382      0.135
    65        22   gamma               91    39     0     0     0     0     0      0.070      0.272   -375.881    375.881      0.000
    66        22   gamma               91    39     0     0     0     0     0     -0.140     -0.234   -369.497    369.497      0.000
    67        22   gamma               91    42     0     0     0     0     0     -0.173      0.184      0.742      0.784      0.000
    68        22   gamma               91    42     0     0     0     0     0     -0.102      0.004      0.439      0.451      0.000
    69        22   gamma               91    44     0     0     0     0     0     -0.090      0.054     -0.150      0.183      0.000
    70        22   gamma               91    44     0     0     0     0     0     -0.070     -0.049     -0.324      0.335      0.000
    71        22   gamma               91    51     0     0     0     0     0     -0.039     -0.032     42.832     42.832      0.000
    72        22   gamma               91    51     0     0     0     0     0     -0.019      0.118     94.774     94.774      0.000
    73        22   gamma               91    54     0     0     0     0     0      0.060      0.100      1.545      1.549      0.000
    74        22   gamma               91    54     0     0     0     0     0     -0.030     -0.019      0.221      0.224      0.000
    75        22   gamma               91    59     0     0     0     0     0     -0.121     -0.061     -2.025      2.029      0.000
    76        22   gamma               91    59     0     0     0     0     0     -0.020     -0.053     -3.035      3.036      0.000
    77        22   gamma               91    64     0     0     0     0     0     -0.021     -0.013    -11.549     11.549      0.000
    78        22   gamma               91    64     0     0     0     0     0      0.148      0.114    -92.833     92.833      0.000
                                   Charge sum:  2.000           Momentum sum:     -0.000     -0.000      0.000   8000.000   8000.000

 --------  End PYTHIA Event Listing  -----------------------------------------------------------------------------------------------
 PYTHIA Warning in Pythia::check: not quite matched particle energy/momentum/mass  

 Pythia::next(): 1000 events have been generated 

 Pythia::next(): 2000 events have been generated 

 Pythia::next(): 3000 events have been generated 

 Pythia::next(): 4000 events have been generated 

 Pythia::next(): 5000 events have been generated 

 Pythia::next(): 6000 events have been generated 

 Pythia::next(): 7000 events have been generated 
 PYTHIA Warning in StringFragmentation::fragmentToJunction: bad convergence junction rest frame  

 Pythia::next(): 8000 events have been generated 

 Pythia::next(): 9000 events have been generated 
