This file contains any messages produced by compilers while
running configure, to aid debugging if configure makes a mistake.

It was created by YODA configure 1.5.9, which was
generated by GNU Autoconf 2.69.  Invocation command line was

  $ ./configure --prefix=/home/aevans/CMS/phistar/rivet/local --with-boost=/home/aevans/CMS/phistar/rivet/local

## --------- ##
## Platform. ##
## --------- ##

hostname = zebra03.spa.umn.edu
uname -m = x86_64
uname -r = 2.6.32-573.26.1.el6.x86_64
uname -s = Linux
uname -v = #1 SMP Tue May 3 14:22:07 CDT 2016

/usr/bin/uname -p = unknown
/bin/uname -X     = unknown

/bin/arch              = x86_64
/usr/bin/arch -k       = unknown
/usr/convex/getsysinfo = unknown
/usr/bin/hostinfo      = unknown
/bin/machine           = unknown
/usr/bin/oslevel       = unknown
/bin/universe          = unknown

PATH: /home/aevans/CMS/phistar/rivet/local/bin
PATH: /home/aevans/CMS/phistar/rivet/local/bin
PATH: /home/aevans/CMS/phistar/rivet/local/lib/../bin
PATH: /home/aevans/bin
PATH: /local/site/pkg/texlive/2015/bin/x86_64-linux
PATH: /usr/lib64/qt-3.3/bin
PATH: /home/aevans/bin
PATH: /usr/local/bin
PATH: /bin
PATH: /usr/bin
PATH: /home/aevans/CMS/oral/LHAPDF-6.1.5-bin/bin
PATH: /home/aevans/CMS/oral/fastjet-3.1.2-bin/bin
PATH: /home/aevans/bin


## ----------- ##
## Core tests. ##
## ----------- ##

configure:2550: checking for a BSD-compatible install
configure:2618: result: /usr/bin/install -c
configure:2629: checking whether build environment is sane
configure:2684: result: yes
configure:2835: checking for a thread-safe mkdir -p
configure:2874: result: /bin/mkdir -p
configure:2881: checking for gawk
configure:2897: found /bin/gawk
configure:2908: result: gawk
configure:2919: checking whether make sets $(MAKE)
configure:2941: result: yes
configure:2970: checking whether make supports nested variables
configure:2987: result: yes
configure:3124: checking whether make supports nested variables
configure:3141: result: yes
configure:3164: checking for style of include used by make
configure:3192: result: GNU
configure:3263: checking for gcc
configure:3279: found /usr/bin/gcc
configure:3290: result: gcc
configure:3519: checking for C compiler version
configure:3528: gcc --version >&5
gcc (GCC) 4.4.7 20120313 (Red Hat 4.4.7-16)
Copyright (C) 2010 Free Software Foundation, Inc.
This is free software; see the source for copying conditions.  There is NO
warranty; not even for MERCHANTABILITY or FITNESS FOR A PARTICULAR PURPOSE.

configure:3539: $? = 0
configure:3528: gcc -v >&5
Using built-in specs.
Target: x86_64-redhat-linux
Configured with: ../configure --prefix=/usr --mandir=/usr/share/man --infodir=/usr/share/info --with-bugurl=http://bugzilla.redhat.com/bugzilla --enable-bootstrap --enable-shared --enable-threads=posix --enable-checking=release --with-system-zlib --enable-__cxa_atexit --disable-libunwind-exceptions --enable-gnu-unique-object --enable-languages=c,c++,objc,obj-c++,java,fortran,ada --enable-java-awt=gtk --disable-dssi --with-java-home=/usr/lib/jvm/java-1.5.0-gcj-1.5.0.0/jre --enable-libgcj-multifile --enable-java-maintainer-mode --with-ecj-jar=/usr/share/java/eclipse-ecj.jar --disable-libjava-multilib --with-ppl --with-cloog --with-tune=generic --with-arch_32=i686 --build=x86_64-redhat-linux
Thread model: posix
gcc version 4.4.7 20120313 (Red Hat 4.4.7-16) (GCC) 
configure:3539: $? = 0
configure:3528: gcc -V >&5
gcc: '-V' option must have argument
configure:3539: $? = 1
configure:3528: gcc -qversion >&5
gcc: unrecognized option '-qversion'
gcc: no input files
configure:3539: $? = 1
configure:3559: checking whether the C compiler works
configure:3581: gcc   -DNDEBUG  conftest.c  >&5
configure:3585: $? = 0
configure:3633: result: yes
configure:3636: checking for C compiler default output file name
configure:3638: result: a.out
configure:3644: checking for suffix of executables
configure:3651: gcc -o conftest   -DNDEBUG  conftest.c  >&5
configure:3655: $? = 0
configure:3677: result: 
configure:3699: checking whether we are cross compiling
configure:3707: gcc -o conftest   -DNDEBUG  conftest.c  >&5
configure:3711: $? = 0
configure:3718: ./conftest
configure:3722: $? = 0
configure:3737: result: no
configure:3742: checking for suffix of object files
configure:3764: gcc -c   -DNDEBUG conftest.c >&5
configure:3768: $? = 0
configure:3789: result: o
configure:3793: checking whether we are using the GNU C compiler
configure:3812: gcc -c   -DNDEBUG conftest.c >&5
configure:3812: $? = 0
configure:3821: result: yes
configure:3830: checking whether gcc accepts -g
configure:3850: gcc -c -g  -DNDEBUG conftest.c >&5
configure:3850: $? = 0
configure:3891: result: yes
configure:3908: checking for gcc option to accept ISO C89
configure:3971: gcc  -c -g -O2  -DNDEBUG conftest.c >&5
configure:3971: $? = 0
configure:3984: result: none needed
configure:4009: checking whether gcc understands -c and -o together
configure:4031: gcc -c conftest.c -o conftest2.o
configure:4034: $? = 0
configure:4031: gcc -c conftest.c -o conftest2.o
configure:4034: $? = 0
configure:4046: result: yes
configure:4065: checking dependency style of gcc
configure:4176: result: gcc3
configure:4241: checking for ar
configure:4257: found /usr/bin/ar
configure:4268: result: ar
configure:4294: checking the archiver (ar) interface
configure:4310: gcc -c -g -O2  -DNDEBUG conftest.c >&5
configure:4310: $? = 0
configure:4312: ar cru libconftest.a conftest.o >&5
configure:4315: $? = 0
configure:4343: result: ar
configure:4439: checking for sw_vers
configure:4469: result: no
configure:4580: checking for g++
configure:4596: found /usr/bin/g++
configure:4607: result: g++
configure:4634: checking for C++ compiler version
configure:4643: g++ --version >&5
g++ (GCC) 4.4.7 20120313 (Red Hat 4.4.7-16)
Copyright (C) 2010 Free Software Foundation, Inc.
This is free software; see the source for copying conditions.  There is NO
warranty; not even for MERCHANTABILITY or FITNESS FOR A PARTICULAR PURPOSE.

configure:4654: $? = 0
configure:4643: g++ -v >&5
Using built-in specs.
Target: x86_64-redhat-linux
Configured with: ../configure --prefix=/usr --mandir=/usr/share/man --infodir=/usr/share/info --with-bugurl=http://bugzilla.redhat.com/bugzilla --enable-bootstrap --enable-shared --enable-threads=posix --enable-checking=release --with-system-zlib --enable-__cxa_atexit --disable-libunwind-exceptions --enable-gnu-unique-object --enable-languages=c,c++,objc,obj-c++,java,fortran,ada --enable-java-awt=gtk --disable-dssi --with-java-home=/usr/lib/jvm/java-1.5.0-gcj-1.5.0.0/jre --enable-libgcj-multifile --enable-java-maintainer-mode --with-ecj-jar=/usr/share/java/eclipse-ecj.jar --disable-libjava-multilib --with-ppl --with-cloog --with-tune=generic --with-arch_32=i686 --build=x86_64-redhat-linux
Thread model: posix
gcc version 4.4.7 20120313 (Red Hat 4.4.7-16) (GCC) 
configure:4654: $? = 0
configure:4643: g++ -V >&5
g++: '-V' option must have argument
configure:4654: $? = 1
configure:4643: g++ -qversion >&5
g++: unrecognized option '-qversion'
g++: no input files
configure:4654: $? = 1
configure:4658: checking whether we are using the GNU C++ compiler
configure:4677: g++ -c -O3  -DNDEBUG conftest.cpp >&5
configure:4677: $? = 0
configure:4686: result: yes
configure:4695: checking whether g++ accepts -g
configure:4715: g++ -c -g  -DNDEBUG conftest.cpp >&5
configure:4715: $? = 0
configure:4756: result: yes
configure:4781: checking dependency style of g++
configure:4892: result: gcc3
configure:4908: checking whether to include C++11 flag for testing
configure:5050: result: no
configure:5057: checking whether ln -s works
configure:5061: result: yes
configure:5132: checking build system type
configure:5146: result: x86_64-unknown-linux-gnu
configure:5166: checking host system type
configure:5179: result: x86_64-unknown-linux-gnu
configure:5220: checking how to print strings
configure:5247: result: printf
configure:5268: checking for a sed that does not truncate output
configure:5332: result: /bin/sed
configure:5350: checking for grep that handles long lines and -e
configure:5408: result: /bin/grep
configure:5413: checking for egrep
configure:5475: result: /bin/grep -E
configure:5480: checking for fgrep
configure:5542: result: /bin/grep -F
configure:5577: checking for ld used by gcc
configure:5644: result: /usr/bin/ld
configure:5651: checking if the linker (/usr/bin/ld) is GNU ld
configure:5666: result: yes
configure:5678: checking for BSD- or MS-compatible name lister (nm)
configure:5727: result: /usr/bin/nm -B
configure:5857: checking the name lister (/usr/bin/nm -B) interface
configure:5864: g++ -c -O3  -DNDEBUG conftest.cpp >&5
configure:5867: /usr/bin/nm -B "conftest.o"
configure:5870: output
0000000000000000 B some_variable
configure:5877: result: BSD nm
configure:5881: checking the maximum length of command line arguments
configure:6012: result: 1966080
configure:6029: checking whether the shell understands some XSI constructs
configure:6039: result: yes
configure:6043: checking whether the shell understands "+="
configure:6049: result: yes
configure:6084: checking how to convert x86_64-unknown-linux-gnu file names to x86_64-unknown-linux-gnu format
configure:6124: result: func_convert_file_noop
configure:6131: checking how to convert x86_64-unknown-linux-gnu file names to toolchain format
configure:6151: result: func_convert_file_noop
configure:6158: checking for /usr/bin/ld option to reload object files
configure:6165: result: -r
configure:6239: checking for objdump
configure:6255: found /usr/bin/objdump
configure:6266: result: objdump
configure:6298: checking how to recognize dependent libraries
configure:6496: result: pass_all
configure:6581: checking for dlltool
configure:6611: result: no
configure:6641: checking how to associate runtime and link libraries
configure:6668: result: printf %s\n
configure:6792: checking for archiver @FILE support
configure:6809: g++ -c -O3  -DNDEBUG conftest.cpp >&5
configure:6809: $? = 0
configure:6812: ar cru libconftest.a @conftest.lst >&5
configure:6815: $? = 0
configure:6820: ar cru libconftest.a @conftest.lst >&5
ar: conftest.o: No such file or directory
configure:6823: $? = 1
configure:6835: result: @
configure:6893: checking for strip
configure:6909: found /usr/bin/strip
configure:6920: result: strip
configure:6992: checking for ranlib
configure:7008: found /usr/bin/ranlib
configure:7019: result: ranlib
configure:7121: checking command to parse /usr/bin/nm -B output from gcc object
configure:7241: g++ -c -O3  -DNDEBUG conftest.cpp >&5
configure:7244: $? = 0
configure:7248: /usr/bin/nm -B conftest.o \| sed -n -e 's/^.*[ ]\([ABCDGIRSTW][ABCDGIRSTW]*\)[ ][ ]*\([_A-Za-z][_A-Za-z0-9]*\)$/\1 \2 \2/p' | sed '/ __gnu_lto/d' \> conftest.nm
configure:7251: $? = 0
configure:7317: g++ -o conftest -O3  -DNDEBUG  conftest.cpp conftstm.o >&5
configure:7320: $? = 0
configure:7358: result: ok
configure:7395: checking for sysroot
configure:7425: result: no
configure:7502: g++ -c -O3  -DNDEBUG conftest.cpp >&5
configure:7505: $? = 0
configure:7694: checking for mt
configure:7724: result: no
configure:7744: checking if : is a manifest tool
configure:7750: : '-?'
configure:7758: result: no
configure:8400: checking how to run the C preprocessor
configure:8431: gcc -E  -DNDEBUG conftest.c
configure:8431: $? = 0
configure:8445: gcc -E  -DNDEBUG conftest.c
conftest.c:16:28: error: ac_nonexistent.h: No such file or directory
configure:8445: $? = 1
configure: failed program was:
| /* confdefs.h */
| #define PACKAGE_NAME "YODA"
| #define PACKAGE_TARNAME "YODA"
| #define PACKAGE_VERSION "1.5.9"
| #define PACKAGE_STRING "YODA 1.5.9"
| #define PACKAGE_BUGREPORT "yoda@projects.hepforge.org"
| #define PACKAGE_URL ""
| #define PACKAGE "YODA"
| #define VERSION "1.5.9"
| #define YODA_VERSION "1.5.9"
| #define YODA_NAME "YODA"
| #define YODA_STRING "YODA 1.5.9"
| #define YODA_TARNAME "YODA"
| #define YODA_BUGREPORT "yoda@projects.hepforge.org"
| /* end confdefs.h.  */
| #include <ac_nonexistent.h>
configure:8470: result: gcc -E
configure:8490: gcc -E  -DNDEBUG conftest.c
configure:8490: $? = 0
configure:8504: gcc -E  -DNDEBUG conftest.c
conftest.c:16:28: error: ac_nonexistent.h: No such file or directory
configure:8504: $? = 1
configure: failed program was:
| /* confdefs.h */
| #define PACKAGE_NAME "YODA"
| #define PACKAGE_TARNAME "YODA"
| #define PACKAGE_VERSION "1.5.9"
| #define PACKAGE_STRING "YODA 1.5.9"
| #define PACKAGE_BUGREPORT "yoda@projects.hepforge.org"
| #define PACKAGE_URL ""
| #define PACKAGE "YODA"
| #define VERSION "1.5.9"
| #define YODA_VERSION "1.5.9"
| #define YODA_NAME "YODA"
| #define YODA_STRING "YODA 1.5.9"
| #define YODA_TARNAME "YODA"
| #define YODA_BUGREPORT "yoda@projects.hepforge.org"
| /* end confdefs.h.  */
| #include <ac_nonexistent.h>
configure:8533: checking for ANSI C header files
configure:8553: gcc -c -g -O2  -DNDEBUG conftest.c >&5
configure:8553: $? = 0
configure:8626: gcc -o conftest -g -O2  -DNDEBUG  conftest.c  >&5
configure:8626: $? = 0
configure:8626: ./conftest
configure:8626: $? = 0
configure:8637: result: yes
configure:8650: checking for sys/types.h
configure:8650: gcc -c -g -O2  -DNDEBUG conftest.c >&5
configure:8650: $? = 0
configure:8650: result: yes
configure:8650: checking for sys/stat.h
configure:8650: gcc -c -g -O2  -DNDEBUG conftest.c >&5
configure:8650: $? = 0
configure:8650: result: yes
configure:8650: checking for stdlib.h
configure:8650: gcc -c -g -O2  -DNDEBUG conftest.c >&5
configure:8650: $? = 0
configure:8650: result: yes
configure:8650: checking for string.h
configure:8650: gcc -c -g -O2  -DNDEBUG conftest.c >&5
configure:8650: $? = 0
configure:8650: result: yes
configure:8650: checking for memory.h
configure:8650: gcc -c -g -O2  -DNDEBUG conftest.c >&5
configure:8650: $? = 0
configure:8650: result: yes
configure:8650: checking for strings.h
configure:8650: gcc -c -g -O2  -DNDEBUG conftest.c >&5
configure:8650: $? = 0
configure:8650: result: yes
configure:8650: checking for inttypes.h
configure:8650: gcc -c -g -O2  -DNDEBUG conftest.c >&5
configure:8650: $? = 0
configure:8650: result: yes
configure:8650: checking for stdint.h
configure:8650: gcc -c -g -O2  -DNDEBUG conftest.c >&5
configure:8650: $? = 0
configure:8650: result: yes
configure:8650: checking for unistd.h
configure:8650: gcc -c -g -O2  -DNDEBUG conftest.c >&5
configure:8650: $? = 0
configure:8650: result: yes
configure:8664: checking for dlfcn.h
configure:8664: gcc -c -g -O2  -DNDEBUG conftest.c >&5
configure:8664: $? = 0
configure:8664: result: yes
configure:8848: checking for objdir
configure:8863: result: .libs
configure:9134: checking if gcc supports -fno-rtti -fno-exceptions
configure:9152: gcc -c -g -O2  -DNDEBUG -fno-rtti -fno-exceptions conftest.c >&5
cc1: warning: command line option "-fno-rtti" is valid for C++/ObjC++ but not for C
configure:9156: $? = 0
configure:9169: result: no
configure:9496: checking for gcc option to produce PIC
configure:9503: result: -fPIC -DPIC
configure:9511: checking if gcc PIC flag -fPIC -DPIC works
configure:9529: gcc -c -g -O2  -DNDEBUG -fPIC -DPIC -DPIC conftest.c >&5
configure:9533: $? = 0
configure:9546: result: yes
configure:9575: checking if gcc static flag -static works
configure:9603: result: yes
configure:9618: checking if gcc supports -c -o file.o
configure:9639: gcc -c -g -O2  -DNDEBUG -o out/conftest2.o conftest.c >&5
configure:9643: $? = 0
configure:9665: result: yes
configure:9673: checking if gcc supports -c -o file.o
configure:9720: result: yes
configure:9753: checking whether the gcc linker (/usr/bin/ld -m elf_x86_64) supports shared libraries
configure:10910: result: yes
configure:10947: checking whether -lc should be explicitly linked in
configure:10955: gcc -c -g -O2  -DNDEBUG conftest.c >&5
configure:10958: $? = 0
configure:10973: gcc -shared  -fPIC -DPIC conftest.o  -v -Wl,-soname -Wl,conftest -o conftest 2\>\&1 \| /bin/grep  -lc  \>/dev/null 2\>\&1
configure:10976: $? = 0
configure:10990: result: no
configure:11150: checking dynamic linker characteristics
configure:11650: gcc -o conftest -g -O2  -DNDEBUG  -Wl,-rpath -Wl,/foo conftest.c  >&5
configure:11650: $? = 0
configure:11884: result: GNU/Linux ld.so
configure:11991: checking how to hardcode library paths into programs
configure:12016: result: immediate
configure:12110: checking for shl_load
configure:12110: gcc -o conftest -g -O2  -DNDEBUG  conftest.c  >&5
/export/scratch/tmp/cc739vV9.o: In function `main':
/home/aevans/CMS/phistar/rivet/YODA-1.5.9/conftest.c:62: undefined reference to `shl_load'
collect2: ld returned 1 exit status
configure:12110: $? = 1
configure: failed program was:
| /* confdefs.h */
| #define PACKAGE_NAME "YODA"
| #define PACKAGE_TARNAME "YODA"
| #define PACKAGE_VERSION "1.5.9"
| #define PACKAGE_STRING "YODA 1.5.9"
| #define PACKAGE_BUGREPORT "yoda@projects.hepforge.org"
| #define PACKAGE_URL ""
| #define PACKAGE "YODA"
| #define VERSION "1.5.9"
| #define YODA_VERSION "1.5.9"
| #define YODA_NAME "YODA"
| #define YODA_STRING "YODA 1.5.9"
| #define YODA_TARNAME "YODA"
| #define YODA_BUGREPORT "yoda@projects.hepforge.org"
| #define STDC_HEADERS 1
| #define HAVE_SYS_TYPES_H 1
| #define HAVE_SYS_STAT_H 1
| #define HAVE_STDLIB_H 1
| #define HAVE_STRING_H 1
| #define HAVE_MEMORY_H 1
| #define HAVE_STRINGS_H 1
| #define HAVE_INTTYPES_H 1
| #define HAVE_STDINT_H 1
| #define HAVE_UNISTD_H 1
| #define HAVE_DLFCN_H 1
| #define LT_OBJDIR ".libs/"
| /* end confdefs.h.  */
| /* Define shl_load to an innocuous variant, in case <limits.h> declares shl_load.
|    For example, HP-UX 11i <limits.h> declares gettimeofday.  */
| #define shl_load innocuous_shl_load
| 
| /* System header to define __stub macros and hopefully few prototypes,
|     which can conflict with char shl_load (); below.
|     Prefer <limits.h> to <assert.h> if __STDC__ is defined, since
|     <limits.h> exists even on freestanding compilers.  */
| 
| #ifdef __STDC__
| # include <limits.h>
| #else
| # include <assert.h>
| #endif
| 
| #undef shl_load
| 
| /* Override any GCC internal prototype to avoid an error.
|    Use char because int might match the return type of a GCC
|    builtin and then its argument prototype would still apply.  */
| #ifdef __cplusplus
| extern "C"
| #endif
| char shl_load ();
| /* The GNU C library defines this for functions which it implements
|     to always fail with ENOSYS.  Some functions are actually named
|     something starting with __ and the normal name is an alias.  */
| #if defined __stub_shl_load || defined __stub___shl_load
| choke me
| #endif
| 
| int
| main ()
| {
| return shl_load ();
|   ;
|   return 0;
| }
configure:12110: result: no
configure:12114: checking for shl_load in -ldld
configure:12139: gcc -o conftest -g -O2  -DNDEBUG  conftest.c -ldld   >&5
/usr/bin/ld.real: cannot find -ldld
collect2: ld returned 1 exit status
configure:12139: $? = 1
configure: failed program was:
| /* confdefs.h */
| #define PACKAGE_NAME "YODA"
| #define PACKAGE_TARNAME "YODA"
| #define PACKAGE_VERSION "1.5.9"
| #define PACKAGE_STRING "YODA 1.5.9"
| #define PACKAGE_BUGREPORT "yoda@projects.hepforge.org"
| #define PACKAGE_URL ""
| #define PACKAGE "YODA"
| #define VERSION "1.5.9"
| #define YODA_VERSION "1.5.9"
| #define YODA_NAME "YODA"
| #define YODA_STRING "YODA 1.5.9"
| #define YODA_TARNAME "YODA"
| #define YODA_BUGREPORT "yoda@projects.hepforge.org"
| #define STDC_HEADERS 1
| #define HAVE_SYS_TYPES_H 1
| #define HAVE_SYS_STAT_H 1
| #define HAVE_STDLIB_H 1
| #define HAVE_STRING_H 1
| #define HAVE_MEMORY_H 1
| #define HAVE_STRINGS_H 1
| #define HAVE_INTTYPES_H 1
| #define HAVE_STDINT_H 1
| #define HAVE_UNISTD_H 1
| #define HAVE_DLFCN_H 1
| #define LT_OBJDIR ".libs/"
| /* end confdefs.h.  */
| 
| /* Override any GCC internal prototype to avoid an error.
|    Use char because int might match the return type of a GCC
|    builtin and then its argument prototype would still apply.  */
| #ifdef __cplusplus
| extern "C"
| #endif
| char shl_load ();
| int
| main ()
| {
| return shl_load ();
|   ;
|   return 0;
| }
configure:12148: result: no
configure:12153: checking for dlopen
configure:12153: gcc -o conftest -g -O2  -DNDEBUG  conftest.c  >&5
/export/scratch/tmp/cc2hS82t.o: In function `main':
/home/aevans/CMS/phistar/rivet/YODA-1.5.9/conftest.c:62: undefined reference to `dlopen'
collect2: ld returned 1 exit status
configure:12153: $? = 1
configure: failed program was:
| /* confdefs.h */
| #define PACKAGE_NAME "YODA"
| #define PACKAGE_TARNAME "YODA"
| #define PACKAGE_VERSION "1.5.9"
| #define PACKAGE_STRING "YODA 1.5.9"
| #define PACKAGE_BUGREPORT "yoda@projects.hepforge.org"
| #define PACKAGE_URL ""
| #define PACKAGE "YODA"
| #define VERSION "1.5.9"
| #define YODA_VERSION "1.5.9"
| #define YODA_NAME "YODA"
| #define YODA_STRING "YODA 1.5.9"
| #define YODA_TARNAME "YODA"
| #define YODA_BUGREPORT "yoda@projects.hepforge.org"
| #define STDC_HEADERS 1
| #define HAVE_SYS_TYPES_H 1
| #define HAVE_SYS_STAT_H 1
| #define HAVE_STDLIB_H 1
| #define HAVE_STRING_H 1
| #define HAVE_MEMORY_H 1
| #define HAVE_STRINGS_H 1
| #define HAVE_INTTYPES_H 1
| #define HAVE_STDINT_H 1
| #define HAVE_UNISTD_H 1
| #define HAVE_DLFCN_H 1
| #define LT_OBJDIR ".libs/"
| /* end confdefs.h.  */
| /* Define dlopen to an innocuous variant, in case <limits.h> declares dlopen.
|    For example, HP-UX 11i <limits.h> declares gettimeofday.  */
| #define dlopen innocuous_dlopen
| 
| /* System header to define __stub macros and hopefully few prototypes,
|     which can conflict with char dlopen (); below.
|     Prefer <limits.h> to <assert.h> if __STDC__ is defined, since
|     <limits.h> exists even on freestanding compilers.  */
| 
| #ifdef __STDC__
| # include <limits.h>
| #else
| # include <assert.h>
| #endif
| 
| #undef dlopen
| 
| /* Override any GCC internal prototype to avoid an error.
|    Use char because int might match the return type of a GCC
|    builtin and then its argument prototype would still apply.  */
| #ifdef __cplusplus
| extern "C"
| #endif
| char dlopen ();
| /* The GNU C library defines this for functions which it implements
|     to always fail with ENOSYS.  Some functions are actually named
|     something starting with __ and the normal name is an alias.  */
| #if defined __stub_dlopen || defined __stub___dlopen
| choke me
| #endif
| 
| int
| main ()
| {
| return dlopen ();
|   ;
|   return 0;
| }
configure:12153: result: no
configure:12157: checking for dlopen in -ldl
configure:12182: gcc -o conftest -g -O2  -DNDEBUG  conftest.c -ldl   >&5
configure:12182: $? = 0
configure:12191: result: yes
configure:12310: checking whether a program can dlopen itself
configure:12390: gcc -o conftest -g -O2  -DNDEBUG -DHAVE_DLFCN_H  -Wl,--export-dynamic conftest.c -ldl  >&5
configure:12393: $? = 0
configure:12411: result: yes
configure:12416: checking whether a statically linked program can dlopen itself
configure:12496: gcc -o conftest -g -O2  -DNDEBUG -DHAVE_DLFCN_H  -Wl,--export-dynamic -static conftest.c -ldl  >&5
/export/scratch/tmp/cc5imR1R.o: In function `main':
/home/aevans/CMS/phistar/rivet/YODA-1.5.9/configure:12475: warning: Using 'dlopen' in statically linked applications requires at runtime the shared libraries from the glibc version used for linking
/usr/bin/ld.real: dynamic STT_GNU_IFUNC symbol `strcmp' with pointer equality in `/usr/lib/gcc/x86_64-redhat-linux/4.4.7/../../../../lib64/libc.a(strcmp.o)' can not be used when making an executable; recompile with -fPIE and relink with -pie
collect2: ld returned 1 exit status
configure:12499: $? = 1
configure:12517: result: no
configure:12556: checking whether stripping libraries is possible
configure:12561: result: yes
configure:12596: checking if libtool supports shared libraries
configure:12598: result: yes
configure:12601: checking whether to build shared libraries
configure:12622: result: yes
configure:12625: checking whether to build static libraries
configure:12629: result: no
configure:12652: checking how to run the C++ preprocessor
configure:12679: g++ -E  -DNDEBUG conftest.cpp
configure:12679: $? = 0
configure:12693: g++ -E  -DNDEBUG conftest.cpp
conftest.cpp:28:28: error: ac_nonexistent.h: No such file or directory
configure:12693: $? = 1
configure: failed program was:
| /* confdefs.h */
| #define PACKAGE_NAME "YODA"
| #define PACKAGE_TARNAME "YODA"
| #define PACKAGE_VERSION "1.5.9"
| #define PACKAGE_STRING "YODA 1.5.9"
| #define PACKAGE_BUGREPORT "yoda@projects.hepforge.org"
| #define PACKAGE_URL ""
| #define PACKAGE "YODA"
| #define VERSION "1.5.9"
| #define YODA_VERSION "1.5.9"
| #define YODA_NAME "YODA"
| #define YODA_STRING "YODA 1.5.9"
| #define YODA_TARNAME "YODA"
| #define YODA_BUGREPORT "yoda@projects.hepforge.org"
| #define STDC_HEADERS 1
| #define HAVE_SYS_TYPES_H 1
| #define HAVE_SYS_STAT_H 1
| #define HAVE_STDLIB_H 1
| #define HAVE_STRING_H 1
| #define HAVE_MEMORY_H 1
| #define HAVE_STRINGS_H 1
| #define HAVE_INTTYPES_H 1
| #define HAVE_STDINT_H 1
| #define HAVE_UNISTD_H 1
| #define HAVE_DLFCN_H 1
| #define LT_OBJDIR ".libs/"
| /* end confdefs.h.  */
| #include <ac_nonexistent.h>
configure:12718: result: g++ -E
configure:12738: g++ -E  -DNDEBUG conftest.cpp
configure:12738: $? = 0
configure:12752: g++ -E  -DNDEBUG conftest.cpp
conftest.cpp:28:28: error: ac_nonexistent.h: No such file or directory
configure:12752: $? = 1
configure: failed program was:
| /* confdefs.h */
| #define PACKAGE_NAME "YODA"
| #define PACKAGE_TARNAME "YODA"
| #define PACKAGE_VERSION "1.5.9"
| #define PACKAGE_STRING "YODA 1.5.9"
| #define PACKAGE_BUGREPORT "yoda@projects.hepforge.org"
| #define PACKAGE_URL ""
| #define PACKAGE "YODA"
| #define VERSION "1.5.9"
| #define YODA_VERSION "1.5.9"
| #define YODA_NAME "YODA"
| #define YODA_STRING "YODA 1.5.9"
| #define YODA_TARNAME "YODA"
| #define YODA_BUGREPORT "yoda@projects.hepforge.org"
| #define STDC_HEADERS 1
| #define HAVE_SYS_TYPES_H 1
| #define HAVE_SYS_STAT_H 1
| #define HAVE_STDLIB_H 1
| #define HAVE_STRING_H 1
| #define HAVE_MEMORY_H 1
| #define HAVE_STRINGS_H 1
| #define HAVE_INTTYPES_H 1
| #define HAVE_STDINT_H 1
| #define HAVE_UNISTD_H 1
| #define HAVE_DLFCN_H 1
| #define LT_OBJDIR ".libs/"
| /* end confdefs.h.  */
| #include <ac_nonexistent.h>
configure:12921: checking for ld used by g++
configure:12988: result: /usr/bin/ld -m elf_x86_64
configure:12995: checking if the linker (/usr/bin/ld -m elf_x86_64) is GNU ld
configure:13010: result: yes
configure:13065: checking whether the g++ linker (/usr/bin/ld -m elf_x86_64) supports shared libraries
configure:14067: result: yes
configure:14103: g++ -c -O3  -DNDEBUG conftest.cpp >&5
configure:14106: $? = 0
configure:14626: checking for g++ option to produce PIC
configure:14633: result: -fPIC -DPIC
configure:14641: checking if g++ PIC flag -fPIC -DPIC works
configure:14659: g++ -c -O3  -DNDEBUG -fPIC -DPIC -DPIC conftest.cpp >&5
configure:14663: $? = 0
configure:14676: result: yes
configure:14699: checking if g++ static flag -static works
configure:14727: result: yes
configure:14739: checking if g++ supports -c -o file.o
configure:14760: g++ -c -O3  -DNDEBUG -o out/conftest2.o conftest.cpp >&5
configure:14764: $? = 0
configure:14786: result: yes
configure:14791: checking if g++ supports -c -o file.o
configure:14838: result: yes
configure:14868: checking whether the g++ linker (/usr/bin/ld -m elf_x86_64) supports shared libraries
configure:14907: result: yes
configure:15048: checking dynamic linker characteristics
configure:15716: result: GNU/Linux ld.so
configure:15769: checking how to hardcode library paths into programs
configure:15794: result: immediate
configure:15869: checking if the g++ compiler accepts the -pedantic flag
configure:15886: result: yes
configure:15909: checking if the g++ compiler accepts the -Wall flag
configure:15926: result: yes
configure: this is boost.m4 serial 25
configure:15986: checking for Boost headers version >= 1.48.0
configure:16057: g++ -c -O3  -DNDEBUG -I/home/aevans/CMS/phistar/rivet/local/include conftest.cpp >&5
configure:16057: $? = 0
configure:16078: result: /home/aevans/CMS/phistar/rivet/local/include
configure:16097: checking for Boost's header version
configure:16127: result: 1_60
configure:16150: checking boost/foreach.hpp usability
configure:16150: g++ -c -O3  -DNDEBUG -I/home/aevans/CMS/phistar/rivet/local/include conftest.cpp >&5
configure:16150: $? = 0
configure:16150: result: yes
configure:16150: checking boost/foreach.hpp presence
configure:16150: g++ -E  -DNDEBUG -I/home/aevans/CMS/phistar/rivet/local/include conftest.cpp
configure:16150: $? = 0
configure:16150: result: yes
configure:16150: checking for boost/foreach.hpp
configure:16150: result: yes
configure:16180: checking boost/scoped_ptr.hpp usability
configure:16180: g++ -c -O3  -DNDEBUG -I/home/aevans/CMS/phistar/rivet/local/include conftest.cpp >&5
configure:16180: $? = 0
configure:16180: result: yes
configure:16180: checking boost/scoped_ptr.hpp presence
configure:16180: g++ -E  -DNDEBUG -I/home/aevans/CMS/phistar/rivet/local/include conftest.cpp
configure:16180: $? = 0
configure:16180: result: yes
configure:16180: checking for boost/scoped_ptr.hpp
configure:16180: result: yes
configure:16209: checking boost/shared_ptr.hpp usability
configure:16209: g++ -c -O3  -DNDEBUG -I/home/aevans/CMS/phistar/rivet/local/include conftest.cpp >&5
configure:16209: $? = 0
configure:16209: result: yes
configure:16209: checking boost/shared_ptr.hpp presence
configure:16209: g++ -E  -DNDEBUG -I/home/aevans/CMS/phistar/rivet/local/include conftest.cpp
configure:16209: $? = 0
configure:16209: result: yes
configure:16209: checking for boost/shared_ptr.hpp
configure:16209: result: yes
configure:16240: checking boost/lexical_cast.hpp usability
configure:16240: g++ -c -O3  -DNDEBUG -I/home/aevans/CMS/phistar/rivet/local/include conftest.cpp >&5
configure:16240: $? = 0
configure:16240: result: yes
configure:16240: checking boost/lexical_cast.hpp presence
configure:16240: g++ -E  -DNDEBUG -I/home/aevans/CMS/phistar/rivet/local/include conftest.cpp
configure:16240: $? = 0
configure:16240: result: yes
configure:16240: checking for boost/lexical_cast.hpp
configure:16240: result: yes
configure:16269: checking boost/assign.hpp usability
configure:16269: g++ -c -O3  -DNDEBUG -I/home/aevans/CMS/phistar/rivet/local/include conftest.cpp >&5
configure:16269: $? = 0
configure:16269: result: yes
configure:16269: checking boost/assign.hpp presence
configure:16269: g++ -E  -DNDEBUG -I/home/aevans/CMS/phistar/rivet/local/include conftest.cpp
configure:16269: $? = 0
configure:16269: result: yes
configure:16269: checking for boost/assign.hpp
configure:16269: result: yes
configure:16298: checking boost/type_traits/has_dereference.hpp usability
configure:16298: g++ -c -O3  -DNDEBUG -I/home/aevans/CMS/phistar/rivet/local/include conftest.cpp >&5
configure:16298: $? = 0
configure:16298: result: yes
configure:16298: checking boost/type_traits/has_dereference.hpp presence
configure:16298: g++ -E  -DNDEBUG -I/home/aevans/CMS/phistar/rivet/local/include conftest.cpp
configure:16298: $? = 0
configure:16298: result: yes
configure:16298: checking for boost/type_traits/has_dereference.hpp
configure:16298: result: yes
configure:16318: checking if boost rvalue bug is present
configure:16356: g++ -o conftest -O3  -DNDEBUG -I/home/aevans/CMS/phistar/rivet/local/include  conftest.cpp  >&5
configure:16356: $? = 0
configure:16356: ./conftest
configure:16356: $? = 0
configure:16358: result: no
configure:16478: Not building extra ROOT compatibility tools
configure:16508: checking for python
configure:16526: found /usr/bin/python
configure:16538: result: /usr/bin/python
configure:16566: checking whether /usr/bin/python version >= 2.5
configure:16599: result: yes
configure:16615: checking for Python include path
configure:16618: result: /usr/include/python2.6
configure:16643: checking if the g++ compiler accepts the -Wno-unused-but-set-variable flag
configure:16660: result: yes
configure:16683: checking if the g++ compiler accepts the -Wno-sign-compare flag
configure:16700: result: yes
configure:16723: checking if the g++ compiler accepts the -Wno-strict-prototypes flag
configure:16740: result: no
configure:16757: All Python build checks successful: 'yoda' Python extension will be built
configure:16835: checking for python version
configure:16842: result: 2.6
configure:16854: checking for python platform
configure:16861: result: linux2
configure:16887: checking for python script directory
configure:16922: result: ${prefix}/lib/python2.6/site-packages
configure:16931: checking for python extension module directory
configure:16966: result: ${exec_prefix}/lib64/python2.6/site-packages
configure:16982: checking for Cython >= 0.20
Traceback (most recent call last):
  File "<string>", line 1, in <module>
ImportError: No module named Cython.Compiler.Version
configure:17016: result: no
configure:17052: checking for doxygen
configure:17070: found /usr/bin/doxygen
configure:17082: result: /usr/bin/doxygen
configure:17228: checking that generated files are newer than configure
configure:17234: result: done
configure:17289: creating ./config.status

## ---------------------- ##
## Running config.status. ##
## ---------------------- ##

This file was extended by YODA config.status 1.5.9, which was
generated by GNU Autoconf 2.69.  Invocation command line was

  CONFIG_FILES    = 
  CONFIG_HEADERS  = 
  CONFIG_LINKS    = 
  CONFIG_COMMANDS = 
  $ ./config.status 

on zebra03.spa.umn.edu

config.status:1208: creating Makefile
config.status:1208: creating Doxyfile
config.status:1208: creating include/Makefile
config.status:1208: creating include/YODA/Makefile
config.status:1208: creating src/Makefile
config.status:1208: creating src/tinyxml/Makefile
config.status:1208: creating tests/Makefile
config.status:1208: creating pyext/Makefile
config.status:1208: creating pyext/setup.py
config.status:1208: creating pyext/yoda/Makefile
config.status:1208: creating bin/Makefile
config.status:1208: creating bin/yoda-config
config.status:1208: creating yodaenv.sh
config.status:1208: creating yoda.pc
config.status:1208: creating include/YODA/Config/DummyConfig.h
config.status:1389: include/YODA/Config/DummyConfig.h is unchanged
config.status:1208: creating include/YODA/Config/YodaConfig.h
config.status:1389: include/YODA/Config/YodaConfig.h is unchanged
config.status:1208: creating include/YODA/Config/BuildConfig.h
config.status:1389: include/YODA/Config/BuildConfig.h is unchanged
config.status:1437: executing depfiles commands
config.status:1437: executing libtool commands

## ---------------- ##
## Cache variables. ##
## ---------------- ##

ac_cv_build=x86_64-unknown-linux-gnu
ac_cv_c_compiler_gnu=yes
ac_cv_cxx_compiler_gnu=yes
ac_cv_env_BOOST_ROOT_set=
ac_cv_env_BOOST_ROOT_value=
ac_cv_env_CCC_set=
ac_cv_env_CCC_value=
ac_cv_env_CC_set=
ac_cv_env_CC_value=
ac_cv_env_CFLAGS_set=
ac_cv_env_CFLAGS_value=
ac_cv_env_CPPFLAGS_set=set
ac_cv_env_CPPFLAGS_value=' -DNDEBUG'
ac_cv_env_CPP_set=
ac_cv_env_CPP_value=
ac_cv_env_CXXCPP_set=
ac_cv_env_CXXCPP_value=
ac_cv_env_CXXFLAGS_set=
ac_cv_env_CXXFLAGS_value=
ac_cv_env_CXX_set=
ac_cv_env_CXX_value=
ac_cv_env_LDFLAGS_set=
ac_cv_env_LDFLAGS_value=
ac_cv_env_LIBS_set=
ac_cv_env_LIBS_value=
ac_cv_env_PYTHON_set=
ac_cv_env_PYTHON_value=
ac_cv_env_build_alias_set=
ac_cv_env_build_alias_value=
ac_cv_env_host_alias_set=
ac_cv_env_host_alias_value=
ac_cv_env_target_alias_set=
ac_cv_env_target_alias_value=
ac_cv_func_dlopen=no
ac_cv_func_shl_load=no
ac_cv_header_boost_assign_hpp=yes
ac_cv_header_boost_foreach_hpp=yes
ac_cv_header_boost_lexical_cast_hpp=yes
ac_cv_header_boost_scoped_ptr_hpp=yes
ac_cv_header_boost_shared_ptr_hpp=yes
ac_cv_header_boost_type_traits_has_dereference_hpp=yes
ac_cv_header_dlfcn_h=yes
ac_cv_header_inttypes_h=yes
ac_cv_header_memory_h=yes
ac_cv_header_stdc=yes
ac_cv_header_stdint_h=yes
ac_cv_header_stdlib_h=yes
ac_cv_header_string_h=yes
ac_cv_header_strings_h=yes
ac_cv_header_sys_stat_h=yes
ac_cv_header_sys_types_h=yes
ac_cv_header_unistd_h=yes
ac_cv_host=x86_64-unknown-linux-gnu
ac_cv_lib_dl_dlopen=yes
ac_cv_lib_dld_shl_load=no
ac_cv_objext=o
ac_cv_path_DOXYGEN=/usr/bin/doxygen
ac_cv_path_EGREP='/bin/grep -E'
ac_cv_path_FGREP='/bin/grep -F'
ac_cv_path_GREP=/bin/grep
ac_cv_path_PYTHON=/usr/bin/python
ac_cv_path_SED=/bin/sed
ac_cv_path_install='/usr/bin/install -c'
ac_cv_path_mkdir=/bin/mkdir
ac_cv_prog_AWK=gawk
ac_cv_prog_CPP='gcc -E'
ac_cv_prog_CXXCPP='g++ -E'
ac_cv_prog_ac_ct_AR=ar
ac_cv_prog_ac_ct_CC=gcc
ac_cv_prog_ac_ct_CXX=g++
ac_cv_prog_ac_ct_OBJDUMP=objdump
ac_cv_prog_ac_ct_RANLIB=ranlib
ac_cv_prog_ac_ct_STRIP=strip
ac_cv_prog_cc_c89=
ac_cv_prog_cc_g=yes
ac_cv_prog_cxx_g=yes
ac_cv_prog_make_make_set=yes
am_cv_CC_dependencies_compiler_type=gcc3
am_cv_CXX_dependencies_compiler_type=gcc3
am_cv_ar_interface=ar
am_cv_make_support_nested_variables=yes
am_cv_prog_cc_c_o=yes
am_cv_python_platform=linux2
am_cv_python_pyexecdir='${exec_prefix}/lib64/python2.6/site-packages'
am_cv_python_pythondir='${prefix}/lib/python2.6/site-packages'
am_cv_python_version=2.6
boost_cv_inc_path=/home/aevans/CMS/phistar/rivet/local/include
boost_cv_lib_version=1_60
lt_cv_ar_at_file=@
lt_cv_archive_cmds_need_lc=no
lt_cv_deplibs_check_method=pass_all
lt_cv_dlopen=dlopen
lt_cv_dlopen_libs=-ldl
lt_cv_dlopen_self=yes
lt_cv_dlopen_self_static=no
lt_cv_file_magic_cmd='$MAGIC_CMD'
lt_cv_file_magic_test_file=
lt_cv_ld_reload_flag=-r
lt_cv_nm_interface='BSD nm'
lt_cv_objdir=.libs
lt_cv_path_LD=/usr/bin/ld
lt_cv_path_LDCXX='/usr/bin/ld -m elf_x86_64'
lt_cv_path_NM='/usr/bin/nm -B'
lt_cv_path_mainfest_tool=no
lt_cv_prog_compiler_c_o=yes
lt_cv_prog_compiler_c_o_CXX=yes
lt_cv_prog_compiler_pic='-fPIC -DPIC'
lt_cv_prog_compiler_pic_CXX='-fPIC -DPIC'
lt_cv_prog_compiler_pic_works=yes
lt_cv_prog_compiler_pic_works_CXX=yes
lt_cv_prog_compiler_rtti_exceptions=no
lt_cv_prog_compiler_static_works=yes
lt_cv_prog_compiler_static_works_CXX=yes
lt_cv_prog_gnu_ld=yes
lt_cv_prog_gnu_ldcxx=yes
lt_cv_sharedlib_from_linklib_cmd='printf %s\n'
lt_cv_shlibpath_overrides_runpath=no
lt_cv_sys_global_symbol_pipe='sed -n -e '\''s/^.*[	 ]\([ABCDGIRSTW][ABCDGIRSTW]*\)[	 ][	 ]*\([_A-Za-z][_A-Za-z0-9]*\)$/\1 \2 \2/p'\'' | sed '\''/ __gnu_lto/d'\'''
lt_cv_sys_global_symbol_to_c_name_address='sed -n -e '\''s/^: \([^ ]*\)[ ]*$/  {\"\1\", (void *) 0},/p'\'' -e '\''s/^[ABCDGIRSTW]* \([^ ]*\) \([^ ]*\)$/  {"\2", (void *) \&\2},/p'\'''
lt_cv_sys_global_symbol_to_c_name_address_lib_prefix='sed -n -e '\''s/^: \([^ ]*\)[ ]*$/  {\"\1\", (void *) 0},/p'\'' -e '\''s/^[ABCDGIRSTW]* \([^ ]*\) \(lib[^ ]*\)$/  {"\2", (void *) \&\2},/p'\'' -e '\''s/^[ABCDGIRSTW]* \([^ ]*\) \([^ ]*\)$/  {"lib\2", (void *) \&\2},/p'\'''
lt_cv_sys_global_symbol_to_cdecl='sed -n -e '\''s/^T .* \(.*\)$/extern int \1();/p'\'' -e '\''s/^[ABCDGIRSTW]* .* \(.*\)$/extern char \1;/p'\'''
lt_cv_sys_max_cmd_len=1966080
lt_cv_to_host_file_cmd=func_convert_file_noop
lt_cv_to_tool_file_cmd=func_convert_file_noop
py_cv_cython=no

## ----------------- ##
## Output variables. ##
## ----------------- ##

ACLOCAL='${SHELL} /home/aevans/CMS/phistar/rivet/YODA-1.5.9/missing aclocal-1.15'
AMDEPBACKSLASH='\'
AMDEP_FALSE='#'
AMDEP_TRUE=''
AMTAR='$${TAR-tar}'
AM_BACKSLASH='\'
AM_CPPFLAGS='-I$(top_srcdir)/include -I$(top_builddir)/include -I/home/aevans/CMS/phistar/rivet/local/include'
AM_CXXFLAGS=' -pedantic -Wall -Wno-format'
AM_DEFAULT_V='$(AM_DEFAULT_VERBOSITY)'
AM_DEFAULT_VERBOSITY='0'
AM_V='$(V)'
AR='ar'
AUTOCONF='${SHELL} /home/aevans/CMS/phistar/rivet/YODA-1.5.9/missing autoconf'
AUTOHEADER='${SHELL} /home/aevans/CMS/phistar/rivet/YODA-1.5.9/missing autoheader'
AUTOMAKE='${SHELL} /home/aevans/CMS/phistar/rivet/YODA-1.5.9/missing automake-1.15'
AWK='gawk'
BOOST_CPPFLAGS='-I/home/aevans/CMS/phistar/rivet/local/include'
BOOST_ROOT=''
CC='gcc'
CCDEPMODE='depmode=gcc3'
CFLAGS='-g -O2'
CPP='gcc -E'
CPPFLAGS=' -DNDEBUG'
CXX='g++'
CXXCPP='g++ -E'
CXXDEPMODE='depmode=gcc3'
CXXFLAGS='-O3'
CYGPATH_W='echo'
DEFS='-DHAVE_CONFIG_H'
DEPDIR='.deps'
DISTCHECK_CONFIGURE_FLAGS=' '\''--with-boost=/home/aevans/CMS/phistar/rivet/local'\'''
DLLTOOL='false'
DOXYGEN='/usr/bin/doxygen'
DSYMUTIL=''
DUMPBIN=''
ECHO_C=''
ECHO_N='-n'
ECHO_T=''
EGREP='/bin/grep -E'
EMPTY=''
ENABLE_PYEXT_FALSE='#'
ENABLE_PYEXT_TRUE=''
ENABLE_ROOT_FALSE=''
ENABLE_ROOT_TRUE='#'
EXEEXT=''
FGREP='/bin/grep -F'
GREP='/bin/grep'
HAVE_CXX11=''
INSTALL_DATA='${INSTALL} -m 644'
INSTALL_PROGRAM='${INSTALL}'
INSTALL_SCRIPT='${INSTALL}'
INSTALL_STRIP_PROGRAM='$(install_sh) -c -s'
LD='/usr/bin/ld -m elf_x86_64'
LDFLAGS=''
LIBOBJS=''
LIBPATHVARNAME='LD_LIBRARY_PATH'
LIBS=''
LIBTOOL='$(SHELL) $(top_builddir)/libtool'
LIB_SUFFIX='\".so\"'
LIPO=''
LN_S='ln -s'
LTLIBOBJS=''
MAKEINFO='${SHELL} /home/aevans/CMS/phistar/rivet/YODA-1.5.9/missing makeinfo'
MANIFEST_TOOL=':'
MKDIR_P='/bin/mkdir -p'
NM='/usr/bin/nm -B'
NMEDIT=''
OBJDUMP='objdump'
OBJEXT='o'
OTOOL64=''
OTOOL=''
PACKAGE='YODA'
PACKAGE_BUGREPORT='yoda@projects.hepforge.org'
PACKAGE_NAME='YODA'
PACKAGE_STRING='YODA 1.5.9'
PACKAGE_TARNAME='YODA'
PACKAGE_URL=''
PACKAGE_VERSION='1.5.9'
PATH_SEPARATOR=':'
PYEXT_CXXFLAGS=' -Wno-unused-but-set-variable -Wno-sign-compare'
PYTHON='/usr/bin/python'
PYTHON_EXEC_PREFIX='${exec_prefix}'
PYTHON_PLATFORM='linux2'
PYTHON_PREFIX='${prefix}'
PYTHON_USE_FALSE='#'
PYTHON_USE_TRUE=''
PYTHON_VERSION='2.6'
RANLIB='ranlib'
ROOTCONFIG=''
ROOT_CXXFLAGS=''
ROOT_LDFLAGS=''
ROOT_LIBS=''
SED='/bin/sed'
SET_MAKE=''
SHELL='/bin/sh'
STRIP='strip'
SWVERS=''
VERSION='1.5.9'
WITH_CYTHON_FALSE=''
WITH_CYTHON_TRUE='#'
WITH_DOXYGEN_FALSE='#'
WITH_DOXYGEN_TRUE=''
WITH_OSX_FALSE=''
WITH_OSX_TRUE='#'
YODA_PYTHONPATH='/home/aevans/CMS/phistar/rivet/local/lib64/python2.6/site-packages'
ac_ct_AR='ar'
ac_ct_CC='gcc'
ac_ct_CXX='g++'
ac_ct_DUMPBIN=''
am__EXEEXT_FALSE=''
am__EXEEXT_TRUE='#'
am__fastdepCC_FALSE='#'
am__fastdepCC_TRUE=''
am__fastdepCXX_FALSE='#'
am__fastdepCXX_TRUE=''
am__include='include'
am__isrc=''
am__leading_dot='.'
am__nodep='_no'
am__quote=''
am__tar='$${TAR-tar} chof - "$$tardir"'
am__untar='$${TAR-tar} xf -'
bindir='${exec_prefix}/bin'
build='x86_64-unknown-linux-gnu'
build_alias=''
build_cpu='x86_64'
build_os='linux-gnu'
build_vendor='unknown'
datadir='${datarootdir}'
datarootdir='${prefix}/share'
docdir='${datarootdir}/doc/${PACKAGE_TARNAME}'
dvidir='${docdir}'
exec_prefix='${prefix}'
host='x86_64-unknown-linux-gnu'
host_alias=''
host_cpu='x86_64'
host_os='linux-gnu'
host_vendor='unknown'
htmldir='${docdir}'
includedir='${prefix}/include'
infodir='${datarootdir}/info'
install_sh='${SHELL} /home/aevans/CMS/phistar/rivet/YODA-1.5.9/install-sh'
libdir='${exec_prefix}/lib'
libexecdir='${exec_prefix}/libexec'
localedir='${datarootdir}/locale'
localstatedir='${prefix}/var'
mandir='${datarootdir}/man'
mkdir_p='$(MKDIR_P)'
oldincludedir='/usr/include'
pdfdir='${docdir}'
pkgpyexecdir='${pyexecdir}/YODA'
pkgpythondir='${pythondir}/YODA'
prefix='/home/aevans/CMS/phistar/rivet/local'
program_transform_name='s,x,x,'
psdir='${docdir}'
pyexecdir='${exec_prefix}/lib64/python2.6/site-packages'
pythondir='${prefix}/lib/python2.6/site-packages'
sbindir='${exec_prefix}/sbin'
sharedstatedir='${prefix}/com'
sysconfdir='${prefix}/etc'
target_alias=''

## ----------- ##
## confdefs.h. ##
## ----------- ##

/* confdefs.h */
#define PACKAGE_NAME "YODA"
#define PACKAGE_TARNAME "YODA"
#define PACKAGE_VERSION "1.5.9"
#define PACKAGE_STRING "YODA 1.5.9"
#define PACKAGE_BUGREPORT "yoda@projects.hepforge.org"
#define PACKAGE_URL ""
#define PACKAGE "YODA"
#define VERSION "1.5.9"
#define YODA_VERSION "1.5.9"
#define YODA_NAME "YODA"
#define YODA_STRING "YODA 1.5.9"
#define YODA_TARNAME "YODA"
#define YODA_BUGREPORT "yoda@projects.hepforge.org"
#define STDC_HEADERS 1
#define HAVE_SYS_TYPES_H 1
#define HAVE_SYS_STAT_H 1
#define HAVE_STDLIB_H 1
#define HAVE_STRING_H 1
#define HAVE_MEMORY_H 1
#define HAVE_STRINGS_H 1
#define HAVE_INTTYPES_H 1
#define HAVE_STDINT_H 1
#define HAVE_UNISTD_H 1
#define HAVE_DLFCN_H 1
#define LT_OBJDIR ".libs/"
#define HAVE_BOOST 1
#define HAVE_BOOST_FOREACH_HPP 1
#define HAVE_BOOST_SCOPED_PTR_HPP 1
#define HAVE_BOOST_SHARED_PTR_HPP 1
#define HAVE_BOOST_LEXICAL_CAST_HPP 1
#define HAVE_BOOST_ASSIGN_HPP 1
#define HAVE_BOOST_TYPE_TRAITS_HAS_DEREFERENCE_HPP 1

configure: exit 0
