This file contains any messages produced by compilers while
running configure, to aid debugging if configure makes a mistake.

It was created by Rivet configure 2.4.3, which was
generated by GNU Autoconf 2.69.  Invocation command line was

  $ ./configure --prefix=/home/aevans/CMS/phistar/rivet/local --with-yoda=/home/aevans/CMS/phistar/rivet/local --with-hepmc=/home/aevans/CMS/phistar/rivet/local --with-fastjet=/home/aevans/CMS/phistar/rivet/local --with-boost=/home/aevans/CMS/phistar/rivet/local --with-gsl=/home/aevans/CMS/phistar/rivet/local

## --------- ##
## Platform. ##
## --------- ##

hostname = zebra03.spa.umn.edu
uname -m = x86_64
uname -r = 2.6.32-573.26.1.el6.x86_64
uname -s = Linux
uname -v = #1 SMP Tue May 3 14:22:07 CDT 2016

/usr/bin/uname -p = unknown
/bin/uname -X     = unknown

/bin/arch              = x86_64
/usr/bin/arch -k       = unknown
/usr/convex/getsysinfo = unknown
/usr/bin/hostinfo      = unknown
/bin/machine           = unknown
/usr/bin/oslevel       = unknown
/bin/universe          = unknown

PATH: /home/aevans/CMS/phistar/rivet/local/bin
PATH: /home/aevans/CMS/phistar/rivet/local/bin
PATH: /home/aevans/CMS/phistar/rivet/local/lib/../bin
PATH: /home/aevans/bin
PATH: /local/site/pkg/texlive/2015/bin/x86_64-linux
PATH: /usr/lib64/qt-3.3/bin
PATH: /home/aevans/bin
PATH: /usr/local/bin
PATH: /bin
PATH: /usr/bin
PATH: /home/aevans/CMS/oral/LHAPDF-6.1.5-bin/bin
PATH: /home/aevans/CMS/oral/fastjet-3.1.2-bin/bin
PATH: /home/aevans/bin


## ----------- ##
## Core tests. ##
## ----------- ##

configure:2786: checking for a BSD-compatible install
configure:2854: result: /usr/bin/install -c
configure:2865: checking whether build environment is sane
configure:2920: result: yes
configure:3071: checking for a thread-safe mkdir -p
configure:3110: result: /bin/mkdir -p
configure:3117: checking for gawk
configure:3133: found /bin/gawk
configure:3144: result: gawk
configure:3155: checking whether make sets $(MAKE)
configure:3177: result: yes
configure:3206: checking whether make supports nested variables
configure:3223: result: yes
configure:3360: checking whether make supports nested variables
configure:3377: result: yes
configure:3400: checking for style of include used by make
configure:3428: result: GNU
configure:3499: checking for gcc
configure:3515: found /usr/bin/gcc
configure:3526: result: gcc
configure:3755: checking for C compiler version
configure:3764: gcc --version >&5
gcc (GCC) 4.4.7 20120313 (Red Hat 4.4.7-16)
Copyright (C) 2010 Free Software Foundation, Inc.
This is free software; see the source for copying conditions.  There is NO
warranty; not even for MERCHANTABILITY or FITNESS FOR A PARTICULAR PURPOSE.

configure:3775: $? = 0
configure:3764: gcc -v >&5
Using built-in specs.
Target: x86_64-redhat-linux
Configured with: ../configure --prefix=/usr --mandir=/usr/share/man --infodir=/usr/share/info --with-bugurl=http://bugzilla.redhat.com/bugzilla --enable-bootstrap --enable-shared --enable-threads=posix --enable-checking=release --with-system-zlib --enable-__cxa_atexit --disable-libunwind-exceptions --enable-gnu-unique-object --enable-languages=c,c++,objc,obj-c++,java,fortran,ada --enable-java-awt=gtk --disable-dssi --with-java-home=/usr/lib/jvm/java-1.5.0-gcj-1.5.0.0/jre --enable-libgcj-multifile --enable-java-maintainer-mode --with-ecj-jar=/usr/share/java/eclipse-ecj.jar --disable-libjava-multilib --with-ppl --with-cloog --with-tune=generic --with-arch_32=i686 --build=x86_64-redhat-linux
Thread model: posix
gcc version 4.4.7 20120313 (Red Hat 4.4.7-16) (GCC) 
configure:3775: $? = 0
configure:3764: gcc -V >&5
gcc: '-V' option must have argument
configure:3775: $? = 1
configure:3764: gcc -qversion >&5
gcc: unrecognized option '-qversion'
gcc: no input files
configure:3775: $? = 1
configure:3795: checking whether the C compiler works
configure:3817: gcc   -DNDEBUG  conftest.c  >&5
configure:3821: $? = 0
configure:3869: result: yes
configure:3872: checking for C compiler default output file name
configure:3874: result: a.out
configure:3880: checking for suffix of executables
configure:3887: gcc -o conftest   -DNDEBUG  conftest.c  >&5
configure:3891: $? = 0
configure:3913: result: 
configure:3935: checking whether we are cross compiling
configure:3943: gcc -o conftest   -DNDEBUG  conftest.c  >&5
configure:3947: $? = 0
configure:3954: ./conftest
configure:3958: $? = 0
configure:3973: result: no
configure:3978: checking for suffix of object files
configure:4000: gcc -c   -DNDEBUG conftest.c >&5
configure:4004: $? = 0
configure:4025: result: o
configure:4029: checking whether we are using the GNU C compiler
configure:4048: gcc -c   -DNDEBUG conftest.c >&5
configure:4048: $? = 0
configure:4057: result: yes
configure:4066: checking whether gcc accepts -g
configure:4086: gcc -c -g  -DNDEBUG conftest.c >&5
configure:4086: $? = 0
configure:4127: result: yes
configure:4144: checking for gcc option to accept ISO C89
configure:4207: gcc  -c -g -O2  -DNDEBUG conftest.c >&5
configure:4207: $? = 0
configure:4220: result: none needed
configure:4245: checking whether gcc understands -c and -o together
configure:4267: gcc -c conftest.c -o conftest2.o
configure:4270: $? = 0
configure:4267: gcc -c conftest.c -o conftest2.o
configure:4270: $? = 0
configure:4282: result: yes
configure:4301: checking dependency style of gcc
configure:4412: result: gcc3
configure:4477: checking for ar
configure:4493: found /usr/bin/ar
configure:4504: result: ar
configure:4530: checking the archiver (ar) interface
configure:4546: gcc -c -g -O2  -DNDEBUG conftest.c >&5
configure:4546: $? = 0
configure:4548: ar cru libconftest.a conftest.o >&5
configure:4551: $? = 0
configure:4579: result: ar
configure:4675: checking for sw_vers
configure:4705: result: no
configure:4755: Calculating LCG platform tag from system properties
configure:4757: checking for OS type
configure:4783: result: slc6
configure:4787: checking for architecture type
configure:4790: result: x86_64
configure:4798: checking for g++
configure:4816: found /usr/bin/g++
configure:4828: result: /usr/bin/g++
configure:4838: checking for gcc/g++ version
configure:4845: result: gcc44
configure:4897: LCG platform tag is 'x86_64-slc6-gcc44-opt'
configure:5026: checking for C++ compiler version
configure:5035: /usr/bin/g++ --version >&5
g++ (GCC) 4.4.7 20120313 (Red Hat 4.4.7-16)
Copyright (C) 2010 Free Software Foundation, Inc.
This is free software; see the source for copying conditions.  There is NO
warranty; not even for MERCHANTABILITY or FITNESS FOR A PARTICULAR PURPOSE.

configure:5046: $? = 0
configure:5035: /usr/bin/g++ -v >&5
Using built-in specs.
Target: x86_64-redhat-linux
Configured with: ../configure --prefix=/usr --mandir=/usr/share/man --infodir=/usr/share/info --with-bugurl=http://bugzilla.redhat.com/bugzilla --enable-bootstrap --enable-shared --enable-threads=posix --enable-checking=release --with-system-zlib --enable-__cxa_atexit --disable-libunwind-exceptions --enable-gnu-unique-object --enable-languages=c,c++,objc,obj-c++,java,fortran,ada --enable-java-awt=gtk --disable-dssi --with-java-home=/usr/lib/jvm/java-1.5.0-gcj-1.5.0.0/jre --enable-libgcj-multifile --enable-java-maintainer-mode --with-ecj-jar=/usr/share/java/eclipse-ecj.jar --disable-libjava-multilib --with-ppl --with-cloog --with-tune=generic --with-arch_32=i686 --build=x86_64-redhat-linux
Thread model: posix
gcc version 4.4.7 20120313 (Red Hat 4.4.7-16) (GCC) 
configure:5046: $? = 0
configure:5035: /usr/bin/g++ -V >&5
g++: '-V' option must have argument
configure:5046: $? = 1
configure:5035: /usr/bin/g++ -qversion >&5
g++: unrecognized option '-qversion'
g++: no input files
configure:5046: $? = 1
configure:5050: checking whether we are using the GNU C++ compiler
configure:5069: /usr/bin/g++ -c -O2  -DNDEBUG conftest.cpp >&5
configure:5069: $? = 0
configure:5078: result: yes
configure:5087: checking whether /usr/bin/g++ accepts -g
configure:5107: /usr/bin/g++ -c -g  -DNDEBUG conftest.cpp >&5
configure:5107: $? = 0
configure:5148: result: yes
configure:5173: checking dependency style of /usr/bin/g++
configure:5284: result: gcc3
configure:5300: checking whether to include C++11 flag for testing
configure:5442: result: no
configure:5447: checking whether ln -s works
configure:5451: result: yes
configure:5522: checking build system type
configure:5536: result: x86_64-unknown-linux-gnu
configure:5556: checking host system type
configure:5569: result: x86_64-unknown-linux-gnu
configure:5610: checking how to print strings
configure:5637: result: printf
configure:5658: checking for a sed that does not truncate output
configure:5722: result: /bin/sed
configure:5740: checking for grep that handles long lines and -e
configure:5798: result: /bin/grep
configure:5803: checking for egrep
configure:5865: result: /bin/grep -E
configure:5870: checking for fgrep
configure:5932: result: /bin/grep -F
configure:5967: checking for ld used by gcc
configure:6034: result: /usr/bin/ld
configure:6041: checking if the linker (/usr/bin/ld) is GNU ld
configure:6056: result: yes
configure:6068: checking for BSD- or MS-compatible name lister (nm)
configure:6122: result: /usr/bin/nm -B
configure:6252: checking the name lister (/usr/bin/nm -B) interface
configure:6259: /usr/bin/g++ -c -O2  -DNDEBUG conftest.cpp >&5
configure:6262: /usr/bin/nm -B "conftest.o"
configure:6265: output
0000000000000000 B some_variable
configure:6272: result: BSD nm
configure:6276: checking the maximum length of command line arguments
configure:6407: result: 1966080
configure:6455: checking how to convert x86_64-unknown-linux-gnu file names to x86_64-unknown-linux-gnu format
configure:6495: result: func_convert_file_noop
configure:6502: checking how to convert x86_64-unknown-linux-gnu file names to toolchain format
configure:6522: result: func_convert_file_noop
configure:6529: checking for /usr/bin/ld option to reload object files
configure:6536: result: -r
configure:6610: checking for objdump
configure:6626: found /usr/bin/objdump
configure:6637: result: objdump
configure:6669: checking how to recognize dependent libraries
configure:6869: result: pass_all
configure:6954: checking for dlltool
configure:6984: result: no
configure:7014: checking how to associate runtime and link libraries
configure:7041: result: printf %s\n
configure:7165: checking for archiver @FILE support
configure:7182: /usr/bin/g++ -c -O2  -DNDEBUG conftest.cpp >&5
configure:7182: $? = 0
configure:7185: ar cru libconftest.a @conftest.lst >&5
configure:7188: $? = 0
configure:7193: ar cru libconftest.a @conftest.lst >&5
ar: conftest.o: No such file or directory
configure:7196: $? = 1
configure:7208: result: @
configure:7266: checking for strip
configure:7282: found /usr/bin/strip
configure:7293: result: strip
configure:7365: checking for ranlib
configure:7381: found /usr/bin/ranlib
configure:7392: result: ranlib
configure:7494: checking command to parse /usr/bin/nm -B output from gcc object
configure:7647: /usr/bin/g++ -c -O2  -DNDEBUG conftest.cpp >&5
configure:7650: $? = 0
configure:7654: /usr/bin/nm -B conftest.o \| sed -n -e 's/^.*[ ]\([ABCDGIRSTW][ABCDGIRSTW]*\)[ ][ ]*\([_A-Za-z][_A-Za-z0-9]*\)$/\1 \2 \2/p' | sed '/ __gnu_lto/d' \> conftest.nm
configure:7657: $? = 0
configure:7723: /usr/bin/g++ -o conftest -O2  -DNDEBUG  conftest.cpp conftstm.o >&5
configure:7726: $? = 0
configure:7764: result: ok
configure:7811: checking for sysroot
configure:7841: result: no
configure:7848: checking for a working dd
configure:7886: result: /bin/dd
configure:7890: checking how to truncate binary pipes
configure:7905: result: /bin/dd bs=4096 count=1
configure:8041: /usr/bin/g++ -c -O2  -DNDEBUG conftest.cpp >&5
configure:8044: $? = 0
configure:8234: checking for mt
configure:8264: result: no
configure:8284: checking if : is a manifest tool
configure:8290: : '-?'
configure:8298: result: no
configure:8975: checking how to run the C preprocessor
configure:9006: gcc -E  -DNDEBUG conftest.c
configure:9006: $? = 0
configure:9020: gcc -E  -DNDEBUG conftest.c
conftest.c:16:28: error: ac_nonexistent.h: No such file or directory
configure:9020: $? = 1
configure: failed program was:
| /* confdefs.h */
| #define PACKAGE_NAME "Rivet"
| #define PACKAGE_TARNAME "Rivet"
| #define PACKAGE_VERSION "2.4.3"
| #define PACKAGE_STRING "Rivet 2.4.3"
| #define PACKAGE_BUGREPORT "rivet@projects.hepforge.org"
| #define PACKAGE_URL ""
| #define PACKAGE "Rivet"
| #define VERSION "2.4.3"
| #define RIVET_VERSION "2.4.3"
| #define RIVET_NAME "Rivet"
| #define RIVET_STRING "Rivet 2.4.3"
| #define RIVET_TARNAME "Rivet"
| #define RIVET_BUGREPORT "rivet@projects.hepforge.org"
| /* end confdefs.h.  */
| #include <ac_nonexistent.h>
configure:9045: result: gcc -E
configure:9065: gcc -E  -DNDEBUG conftest.c
configure:9065: $? = 0
configure:9079: gcc -E  -DNDEBUG conftest.c
conftest.c:16:28: error: ac_nonexistent.h: No such file or directory
configure:9079: $? = 1
configure: failed program was:
| /* confdefs.h */
| #define PACKAGE_NAME "Rivet"
| #define PACKAGE_TARNAME "Rivet"
| #define PACKAGE_VERSION "2.4.3"
| #define PACKAGE_STRING "Rivet 2.4.3"
| #define PACKAGE_BUGREPORT "rivet@projects.hepforge.org"
| #define PACKAGE_URL ""
| #define PACKAGE "Rivet"
| #define VERSION "2.4.3"
| #define RIVET_VERSION "2.4.3"
| #define RIVET_NAME "Rivet"
| #define RIVET_STRING "Rivet 2.4.3"
| #define RIVET_TARNAME "Rivet"
| #define RIVET_BUGREPORT "rivet@projects.hepforge.org"
| /* end confdefs.h.  */
| #include <ac_nonexistent.h>
configure:9108: checking for ANSI C header files
configure:9128: gcc -c -g -O2  -DNDEBUG conftest.c >&5
configure:9128: $? = 0
configure:9201: gcc -o conftest -g -O2  -DNDEBUG  conftest.c  >&5
configure:9201: $? = 0
configure:9201: ./conftest
configure:9201: $? = 0
configure:9212: result: yes
configure:9225: checking for sys/types.h
configure:9225: gcc -c -g -O2  -DNDEBUG conftest.c >&5
configure:9225: $? = 0
configure:9225: result: yes
configure:9225: checking for sys/stat.h
configure:9225: gcc -c -g -O2  -DNDEBUG conftest.c >&5
configure:9225: $? = 0
configure:9225: result: yes
configure:9225: checking for stdlib.h
configure:9225: gcc -c -g -O2  -DNDEBUG conftest.c >&5
configure:9225: $? = 0
configure:9225: result: yes
configure:9225: checking for string.h
configure:9225: gcc -c -g -O2  -DNDEBUG conftest.c >&5
configure:9225: $? = 0
configure:9225: result: yes
configure:9225: checking for memory.h
configure:9225: gcc -c -g -O2  -DNDEBUG conftest.c >&5
configure:9225: $? = 0
configure:9225: result: yes
configure:9225: checking for strings.h
configure:9225: gcc -c -g -O2  -DNDEBUG conftest.c >&5
configure:9225: $? = 0
configure:9225: result: yes
configure:9225: checking for inttypes.h
configure:9225: gcc -c -g -O2  -DNDEBUG conftest.c >&5
configure:9225: $? = 0
configure:9225: result: yes
configure:9225: checking for stdint.h
configure:9225: gcc -c -g -O2  -DNDEBUG conftest.c >&5
configure:9225: $? = 0
configure:9225: result: yes
configure:9225: checking for unistd.h
configure:9225: gcc -c -g -O2  -DNDEBUG conftest.c >&5
configure:9225: $? = 0
configure:9225: result: yes
configure:9239: checking for dlfcn.h
configure:9239: gcc -c -g -O2  -DNDEBUG conftest.c >&5
configure:9239: $? = 0
configure:9239: result: yes
configure:9423: checking for objdir
configure:9438: result: .libs
configure:9702: checking if gcc supports -fno-rtti -fno-exceptions
configure:9720: gcc -c -g -O2  -DNDEBUG -fno-rtti -fno-exceptions conftest.c >&5
cc1: warning: command line option "-fno-rtti" is valid for C++/ObjC++ but not for C
configure:9724: $? = 0
configure:9737: result: no
configure:10095: checking for gcc option to produce PIC
configure:10102: result: -fPIC -DPIC
configure:10110: checking if gcc PIC flag -fPIC -DPIC works
configure:10128: gcc -c -g -O2  -DNDEBUG -fPIC -DPIC -DPIC conftest.c >&5
configure:10132: $? = 0
configure:10145: result: yes
configure:10174: checking if gcc static flag -static works
configure:10202: result: yes
configure:10217: checking if gcc supports -c -o file.o
configure:10238: gcc -c -g -O2  -DNDEBUG -o out/conftest2.o conftest.c >&5
configure:10242: $? = 0
configure:10264: result: yes
configure:10272: checking if gcc supports -c -o file.o
configure:10319: result: yes
configure:10352: checking whether the gcc linker (/usr/bin/ld -m elf_x86_64) supports shared libraries
configure:11611: result: yes
configure:11648: checking whether -lc should be explicitly linked in
configure:11656: gcc -c -g -O2  -DNDEBUG conftest.c >&5
configure:11659: $? = 0
configure:11674: gcc -shared  -fPIC -DPIC conftest.o  -v -Wl,-soname -Wl,conftest -o conftest 2\>\&1 \| /bin/grep  -lc  \>/dev/null 2\>\&1
configure:11677: $? = 0
configure:11691: result: no
configure:11851: checking dynamic linker characteristics
configure:12432: gcc -o conftest -g -O2  -DNDEBUG  -Wl,-rpath -Wl,/foo conftest.c  >&5
configure:12432: $? = 0
configure:12669: result: GNU/Linux ld.so
configure:12791: checking how to hardcode library paths into programs
configure:12816: result: immediate
configure:12918: checking for shl_load
configure:12918: gcc -o conftest -g -O2  -DNDEBUG  conftest.c  >&5
/export/scratch/tmp/ccJhqW7I.o: In function `main':
/home/aevans/CMS/phistar/rivet/Rivet-2.4.3/conftest.c:62: undefined reference to `shl_load'
collect2: ld returned 1 exit status
configure:12918: $? = 1
configure: failed program was:
| /* confdefs.h */
| #define PACKAGE_NAME "Rivet"
| #define PACKAGE_TARNAME "Rivet"
| #define PACKAGE_VERSION "2.4.3"
| #define PACKAGE_STRING "Rivet 2.4.3"
| #define PACKAGE_BUGREPORT "rivet@projects.hepforge.org"
| #define PACKAGE_URL ""
| #define PACKAGE "Rivet"
| #define VERSION "2.4.3"
| #define RIVET_VERSION "2.4.3"
| #define RIVET_NAME "Rivet"
| #define RIVET_STRING "Rivet 2.4.3"
| #define RIVET_TARNAME "Rivet"
| #define RIVET_BUGREPORT "rivet@projects.hepforge.org"
| #define STDC_HEADERS 1
| #define HAVE_SYS_TYPES_H 1
| #define HAVE_SYS_STAT_H 1
| #define HAVE_STDLIB_H 1
| #define HAVE_STRING_H 1
| #define HAVE_MEMORY_H 1
| #define HAVE_STRINGS_H 1
| #define HAVE_INTTYPES_H 1
| #define HAVE_STDINT_H 1
| #define HAVE_UNISTD_H 1
| #define HAVE_DLFCN_H 1
| #define LT_OBJDIR ".libs/"
| /* end confdefs.h.  */
| /* Define shl_load to an innocuous variant, in case <limits.h> declares shl_load.
|    For example, HP-UX 11i <limits.h> declares gettimeofday.  */
| #define shl_load innocuous_shl_load
| 
| /* System header to define __stub macros and hopefully few prototypes,
|     which can conflict with char shl_load (); below.
|     Prefer <limits.h> to <assert.h> if __STDC__ is defined, since
|     <limits.h> exists even on freestanding compilers.  */
| 
| #ifdef __STDC__
| # include <limits.h>
| #else
| # include <assert.h>
| #endif
| 
| #undef shl_load
| 
| /* Override any GCC internal prototype to avoid an error.
|    Use char because int might match the return type of a GCC
|    builtin and then its argument prototype would still apply.  */
| #ifdef __cplusplus
| extern "C"
| #endif
| char shl_load ();
| /* The GNU C library defines this for functions which it implements
|     to always fail with ENOSYS.  Some functions are actually named
|     something starting with __ and the normal name is an alias.  */
| #if defined __stub_shl_load || defined __stub___shl_load
| choke me
| #endif
| 
| int
| main ()
| {
| return shl_load ();
|   ;
|   return 0;
| }
configure:12918: result: no
configure:12922: checking for shl_load in -ldld
configure:12947: gcc -o conftest -g -O2  -DNDEBUG  conftest.c -ldld   >&5
/usr/bin/ld.real: cannot find -ldld
collect2: ld returned 1 exit status
configure:12947: $? = 1
configure: failed program was:
| /* confdefs.h */
| #define PACKAGE_NAME "Rivet"
| #define PACKAGE_TARNAME "Rivet"
| #define PACKAGE_VERSION "2.4.3"
| #define PACKAGE_STRING "Rivet 2.4.3"
| #define PACKAGE_BUGREPORT "rivet@projects.hepforge.org"
| #define PACKAGE_URL ""
| #define PACKAGE "Rivet"
| #define VERSION "2.4.3"
| #define RIVET_VERSION "2.4.3"
| #define RIVET_NAME "Rivet"
| #define RIVET_STRING "Rivet 2.4.3"
| #define RIVET_TARNAME "Rivet"
| #define RIVET_BUGREPORT "rivet@projects.hepforge.org"
| #define STDC_HEADERS 1
| #define HAVE_SYS_TYPES_H 1
| #define HAVE_SYS_STAT_H 1
| #define HAVE_STDLIB_H 1
| #define HAVE_STRING_H 1
| #define HAVE_MEMORY_H 1
| #define HAVE_STRINGS_H 1
| #define HAVE_INTTYPES_H 1
| #define HAVE_STDINT_H 1
| #define HAVE_UNISTD_H 1
| #define HAVE_DLFCN_H 1
| #define LT_OBJDIR ".libs/"
| /* end confdefs.h.  */
| 
| /* Override any GCC internal prototype to avoid an error.
|    Use char because int might match the return type of a GCC
|    builtin and then its argument prototype would still apply.  */
| #ifdef __cplusplus
| extern "C"
| #endif
| char shl_load ();
| int
| main ()
| {
| return shl_load ();
|   ;
|   return 0;
| }
configure:12956: result: no
configure:12961: checking for dlopen
configure:12961: gcc -o conftest -g -O2  -DNDEBUG  conftest.c  >&5
/export/scratch/tmp/ccmq2HLY.o: In function `main':
/home/aevans/CMS/phistar/rivet/Rivet-2.4.3/conftest.c:62: undefined reference to `dlopen'
collect2: ld returned 1 exit status
configure:12961: $? = 1
configure: failed program was:
| /* confdefs.h */
| #define PACKAGE_NAME "Rivet"
| #define PACKAGE_TARNAME "Rivet"
| #define PACKAGE_VERSION "2.4.3"
| #define PACKAGE_STRING "Rivet 2.4.3"
| #define PACKAGE_BUGREPORT "rivet@projects.hepforge.org"
| #define PACKAGE_URL ""
| #define PACKAGE "Rivet"
| #define VERSION "2.4.3"
| #define RIVET_VERSION "2.4.3"
| #define RIVET_NAME "Rivet"
| #define RIVET_STRING "Rivet 2.4.3"
| #define RIVET_TARNAME "Rivet"
| #define RIVET_BUGREPORT "rivet@projects.hepforge.org"
| #define STDC_HEADERS 1
| #define HAVE_SYS_TYPES_H 1
| #define HAVE_SYS_STAT_H 1
| #define HAVE_STDLIB_H 1
| #define HAVE_STRING_H 1
| #define HAVE_MEMORY_H 1
| #define HAVE_STRINGS_H 1
| #define HAVE_INTTYPES_H 1
| #define HAVE_STDINT_H 1
| #define HAVE_UNISTD_H 1
| #define HAVE_DLFCN_H 1
| #define LT_OBJDIR ".libs/"
| /* end confdefs.h.  */
| /* Define dlopen to an innocuous variant, in case <limits.h> declares dlopen.
|    For example, HP-UX 11i <limits.h> declares gettimeofday.  */
| #define dlopen innocuous_dlopen
| 
| /* System header to define __stub macros and hopefully few prototypes,
|     which can conflict with char dlopen (); below.
|     Prefer <limits.h> to <assert.h> if __STDC__ is defined, since
|     <limits.h> exists even on freestanding compilers.  */
| 
| #ifdef __STDC__
| # include <limits.h>
| #else
| # include <assert.h>
| #endif
| 
| #undef dlopen
| 
| /* Override any GCC internal prototype to avoid an error.
|    Use char because int might match the return type of a GCC
|    builtin and then its argument prototype would still apply.  */
| #ifdef __cplusplus
| extern "C"
| #endif
| char dlopen ();
| /* The GNU C library defines this for functions which it implements
|     to always fail with ENOSYS.  Some functions are actually named
|     something starting with __ and the normal name is an alias.  */
| #if defined __stub_dlopen || defined __stub___dlopen
| choke me
| #endif
| 
| int
| main ()
| {
| return dlopen ();
|   ;
|   return 0;
| }
configure:12961: result: no
configure:12965: checking for dlopen in -ldl
configure:12990: gcc -o conftest -g -O2  -DNDEBUG  conftest.c -ldl   >&5
configure:12990: $? = 0
configure:12999: result: yes
configure:13118: checking whether a program can dlopen itself
configure:13198: gcc -o conftest -g -O2  -DNDEBUG -DHAVE_DLFCN_H  -Wl,--export-dynamic conftest.c -ldl  >&5
configure:13201: $? = 0
configure:13219: result: yes
configure:13224: checking whether a statically linked program can dlopen itself
configure:13304: gcc -o conftest -g -O2  -DNDEBUG -DHAVE_DLFCN_H  -Wl,--export-dynamic -static conftest.c -ldl  >&5
/export/scratch/tmp/ccM4f0qr.o: In function `main':
/home/aevans/CMS/phistar/rivet/Rivet-2.4.3/configure:13283: warning: Using 'dlopen' in statically linked applications requires at runtime the shared libraries from the glibc version used for linking
/usr/bin/ld.real: dynamic STT_GNU_IFUNC symbol `strcmp' with pointer equality in `/usr/lib/gcc/x86_64-redhat-linux/4.4.7/../../../../lib64/libc.a(strcmp.o)' can not be used when making an executable; recompile with -fPIE and relink with -pie
collect2: ld returned 1 exit status
configure:13307: $? = 1
configure:13325: result: no
configure:13364: checking whether stripping libraries is possible
configure:13369: result: yes
configure:13404: checking if libtool supports shared libraries
configure:13406: result: yes
configure:13409: checking whether to build shared libraries
configure:13434: result: yes
configure:13437: checking whether to build static libraries
configure:13441: result: no
configure:13464: checking how to run the C++ preprocessor
configure:13491: /usr/bin/g++ -E  -DNDEBUG conftest.cpp
configure:13491: $? = 0
configure:13505: /usr/bin/g++ -E  -DNDEBUG conftest.cpp
conftest.cpp:28:28: error: ac_nonexistent.h: No such file or directory
configure:13505: $? = 1
configure: failed program was:
| /* confdefs.h */
| #define PACKAGE_NAME "Rivet"
| #define PACKAGE_TARNAME "Rivet"
| #define PACKAGE_VERSION "2.4.3"
| #define PACKAGE_STRING "Rivet 2.4.3"
| #define PACKAGE_BUGREPORT "rivet@projects.hepforge.org"
| #define PACKAGE_URL ""
| #define PACKAGE "Rivet"
| #define VERSION "2.4.3"
| #define RIVET_VERSION "2.4.3"
| #define RIVET_NAME "Rivet"
| #define RIVET_STRING "Rivet 2.4.3"
| #define RIVET_TARNAME "Rivet"
| #define RIVET_BUGREPORT "rivet@projects.hepforge.org"
| #define STDC_HEADERS 1
| #define HAVE_SYS_TYPES_H 1
| #define HAVE_SYS_STAT_H 1
| #define HAVE_STDLIB_H 1
| #define HAVE_STRING_H 1
| #define HAVE_MEMORY_H 1
| #define HAVE_STRINGS_H 1
| #define HAVE_INTTYPES_H 1
| #define HAVE_STDINT_H 1
| #define HAVE_UNISTD_H 1
| #define HAVE_DLFCN_H 1
| #define LT_OBJDIR ".libs/"
| /* end confdefs.h.  */
| #include <ac_nonexistent.h>
configure:13530: result: /usr/bin/g++ -E
configure:13550: /usr/bin/g++ -E  -DNDEBUG conftest.cpp
configure:13550: $? = 0
configure:13564: /usr/bin/g++ -E  -DNDEBUG conftest.cpp
conftest.cpp:28:28: error: ac_nonexistent.h: No such file or directory
configure:13564: $? = 1
configure: failed program was:
| /* confdefs.h */
| #define PACKAGE_NAME "Rivet"
| #define PACKAGE_TARNAME "Rivet"
| #define PACKAGE_VERSION "2.4.3"
| #define PACKAGE_STRING "Rivet 2.4.3"
| #define PACKAGE_BUGREPORT "rivet@projects.hepforge.org"
| #define PACKAGE_URL ""
| #define PACKAGE "Rivet"
| #define VERSION "2.4.3"
| #define RIVET_VERSION "2.4.3"
| #define RIVET_NAME "Rivet"
| #define RIVET_STRING "Rivet 2.4.3"
| #define RIVET_TARNAME "Rivet"
| #define RIVET_BUGREPORT "rivet@projects.hepforge.org"
| #define STDC_HEADERS 1
| #define HAVE_SYS_TYPES_H 1
| #define HAVE_SYS_STAT_H 1
| #define HAVE_STDLIB_H 1
| #define HAVE_STRING_H 1
| #define HAVE_MEMORY_H 1
| #define HAVE_STRINGS_H 1
| #define HAVE_INTTYPES_H 1
| #define HAVE_STDINT_H 1
| #define HAVE_UNISTD_H 1
| #define HAVE_DLFCN_H 1
| #define LT_OBJDIR ".libs/"
| /* end confdefs.h.  */
| #include <ac_nonexistent.h>
configure:13726: checking for ld used by /usr/bin/g++
configure:13793: result: /usr/bin/ld -m elf_x86_64
configure:13800: checking if the linker (/usr/bin/ld -m elf_x86_64) is GNU ld
configure:13815: result: yes
configure:13870: checking whether the /usr/bin/g++ linker (/usr/bin/ld -m elf_x86_64) supports shared libraries
configure:14943: result: yes
configure:14979: /usr/bin/g++ -c -O2  -DNDEBUG conftest.cpp >&5
configure:14982: $? = 0
configure:15463: checking for /usr/bin/g++ option to produce PIC
configure:15470: result: -fPIC -DPIC
configure:15478: checking if /usr/bin/g++ PIC flag -fPIC -DPIC works
configure:15496: /usr/bin/g++ -c -O2  -DNDEBUG -fPIC -DPIC -DPIC conftest.cpp >&5
configure:15500: $? = 0
configure:15513: result: yes
configure:15536: checking if /usr/bin/g++ static flag -static works
configure:15564: result: yes
configure:15576: checking if /usr/bin/g++ supports -c -o file.o
configure:15597: /usr/bin/g++ -c -O2  -DNDEBUG -o out/conftest2.o conftest.cpp >&5
configure:15601: $? = 0
configure:15623: result: yes
configure:15628: checking if /usr/bin/g++ supports -c -o file.o
configure:15675: result: yes
configure:15705: checking whether the /usr/bin/g++ linker (/usr/bin/ld -m elf_x86_64) supports shared libraries
configure:15745: result: yes
configure:15886: checking dynamic linker characteristics
configure:16631: result: GNU/Linux ld.so
configure:16696: checking how to hardcode library paths into programs
configure:16721: result: immediate
configure:16911: checking for uname
configure:16929: found /bin/uname
configure:16942: result: /bin/uname
configure:17040: Found YODA library at /home/aevans/CMS/phistar/rivet/local/lib/libYODA.la
configure:17187: Found YODA header directory at /home/aevans/CMS/phistar/rivet/local/include
configure:17288: checking for yoda-config
configure:17307: found /home/aevans/CMS/phistar/rivet/local/lib/../bin/yoda-config
configure:17319: result: /home/aevans/CMS/phistar/rivet/local/lib/../bin/yoda-config
configure:17329: checking YODA version using yoda-config
configure:17332: result: 1.5.9
configure:17341: checking YODA Python path using yoda-config
configure:17344: result: /home/aevans/CMS/phistar/rivet/local/lib64/python2.6/site-packages
configure:17605: Found HepMC library at /home/aevans/CMS/phistar/rivet/local/lib/libHepMC.la
configure:17752: Found HepMC header directory at /home/aevans/CMS/phistar/rivet/local/include
configure:17880: HepMC version is 2.06.09 -> 26
configure:18141: Found fastjet library at /home/aevans/CMS/phistar/rivet/local/lib/libfastjet.la
configure:18288: Found fastjet header directory at /home/aevans/CMS/phistar/rivet/local/include
configure:18387: checking for fastjet-config
configure:18406: found /home/aevans/CMS/phistar/rivet/local/bin/fastjet-config
configure:18418: result: /home/aevans/CMS/phistar/rivet/local/bin/fastjet-config
configure:18427: checking FastJet version using fastjet-config
configure:18430: result: 3.2.0
configure:18446: FastJet LIBADD = -Wl,-rpath,/home/aevans/CMS/phistar/rivet/local/lib -lm -L/home/aevans/CMS/phistar/rivet/local/lib -lfastjettools -lfastjet -lfastjetplugins -lsiscone_spherical -lsiscone
configure:18454: checking fastjet/D0RunIIConePlugin.hh usability
configure:18454: /usr/bin/g++ -c -O2  -DNDEBUG -I/home/aevans/CMS/phistar/rivet/local/include conftest.cpp >&5
configure:18454: $? = 0
configure:18454: result: yes
configure:18454: checking fastjet/D0RunIIConePlugin.hh presence
configure:18454: /usr/bin/g++ -E  -DNDEBUG -I/home/aevans/CMS/phistar/rivet/local/include conftest.cpp
configure:18454: $? = 0
configure:18454: result: yes
configure:18454: checking for fastjet/D0RunIIConePlugin.hh
configure:18454: result: yes
configure:18462: checking fastjet/TrackJetPlugin.hh usability
configure:18462: /usr/bin/g++ -c -O2  -DNDEBUG -I/home/aevans/CMS/phistar/rivet/local/include conftest.cpp >&5
configure:18462: $? = 0
configure:18462: result: yes
configure:18462: checking fastjet/TrackJetPlugin.hh presence
configure:18462: /usr/bin/g++ -E  -DNDEBUG -I/home/aevans/CMS/phistar/rivet/local/include conftest.cpp
configure:18462: $? = 0
configure:18462: result: yes
configure:18462: checking for fastjet/TrackJetPlugin.hh
configure:18462: result: yes
configure:18497: checking for gsl-config
configure:18515: found /home/aevans/CMS/phistar/rivet/local/bin/gsl-config
configure:18527: result: /home/aevans/CMS/phistar/rivet/local/bin/gsl-config
configure:18536: Using /home/aevans/CMS/phistar/rivet/local/bin/gsl-config to find GSL flags
configure:18657: GSL include path is /home/aevans/CMS/phistar/rivet/local/include
configure:18659: GSL CPPFLAGS is -I/home/aevans/CMS/phistar/rivet/local/include
configure:18661: GSL CXXFLAGS is -I/home/aevans/CMS/phistar/rivet/local/include
configure:18663: GSL LDFLAGS is -L/home/aevans/CMS/phistar/rivet/local/lib -lgsl -lgslcblas -lm
configure:18773: Found gsl header directory at /home/aevans/CMS/phistar/rivet/local/include
configure:18840: checking gsl/gsl_vector.h usability
configure:18840: /usr/bin/g++ -c -O2  -DNDEBUG -I/home/aevans/CMS/phistar/rivet/local/include conftest.cpp >&5
configure:18840: $? = 0
configure:18840: result: yes
configure:18840: checking gsl/gsl_vector.h presence
configure:18840: /usr/bin/g++ -E  -DNDEBUG -I/home/aevans/CMS/phistar/rivet/local/include conftest.cpp
configure:18840: $? = 0
configure:18840: result: yes
configure:18840: checking for gsl/gsl_vector.h
configure:18840: result: yes
configure: this is boost.m4 serial 25
configure:18880: checking for Boost headers version >= 1.55.0
configure:18951: /usr/bin/g++ -c -O2  -DNDEBUG -I/home/aevans/CMS/phistar/rivet/local/include conftest.cpp >&5
configure:18951: $? = 0
configure:18972: result: /home/aevans/CMS/phistar/rivet/local/include
configure:18991: checking for Boost's header version
configure:19021: result: 1_60
configure:19044: checking boost/foreach.hpp usability
configure:19044: /usr/bin/g++ -c -O2  -DNDEBUG -I/home/aevans/CMS/phistar/rivet/local/include conftest.cpp >&5
configure:19044: $? = 0
configure:19044: result: yes
configure:19044: checking boost/foreach.hpp presence
configure:19044: /usr/bin/g++ -E  -DNDEBUG -I/home/aevans/CMS/phistar/rivet/local/include conftest.cpp
configure:19044: $? = 0
configure:19044: result: yes
configure:19044: checking for boost/foreach.hpp
configure:19044: result: yes
configure:19074: checking boost/scoped_ptr.hpp usability
configure:19074: /usr/bin/g++ -c -O2  -DNDEBUG -I/home/aevans/CMS/phistar/rivet/local/include conftest.cpp >&5
configure:19074: $? = 0
configure:19074: result: yes
configure:19074: checking boost/scoped_ptr.hpp presence
configure:19074: /usr/bin/g++ -E  -DNDEBUG -I/home/aevans/CMS/phistar/rivet/local/include conftest.cpp
configure:19074: $? = 0
configure:19074: result: yes
configure:19074: checking for boost/scoped_ptr.hpp
configure:19074: result: yes
configure:19103: checking boost/shared_ptr.hpp usability
configure:19103: /usr/bin/g++ -c -O2  -DNDEBUG -I/home/aevans/CMS/phistar/rivet/local/include conftest.cpp >&5
configure:19103: $? = 0
configure:19103: result: yes
configure:19103: checking boost/shared_ptr.hpp presence
configure:19103: /usr/bin/g++ -E  -DNDEBUG -I/home/aevans/CMS/phistar/rivet/local/include conftest.cpp
configure:19103: $? = 0
configure:19103: result: yes
configure:19103: checking for boost/shared_ptr.hpp
configure:19103: result: yes
configure:19134: checking boost/lexical_cast.hpp usability
configure:19134: /usr/bin/g++ -c -O2  -DNDEBUG -I/home/aevans/CMS/phistar/rivet/local/include conftest.cpp >&5
configure:19134: $? = 0
configure:19134: result: yes
configure:19134: checking boost/lexical_cast.hpp presence
configure:19134: /usr/bin/g++ -E  -DNDEBUG -I/home/aevans/CMS/phistar/rivet/local/include conftest.cpp
configure:19134: $? = 0
configure:19134: result: yes
configure:19134: checking for boost/lexical_cast.hpp
configure:19134: result: yes
configure:19163: checking boost/range.hpp usability
configure:19163: /usr/bin/g++ -c -O2  -DNDEBUG -I/home/aevans/CMS/phistar/rivet/local/include conftest.cpp >&5
configure:19163: $? = 0
configure:19163: result: yes
configure:19163: checking boost/range.hpp presence
configure:19163: /usr/bin/g++ -E  -DNDEBUG -I/home/aevans/CMS/phistar/rivet/local/include conftest.cpp
configure:19163: $? = 0
configure:19163: result: yes
configure:19163: checking for boost/range.hpp
configure:19163: result: yes
configure:19192: checking boost/assign.hpp usability
configure:19192: /usr/bin/g++ -c -O2  -DNDEBUG -I/home/aevans/CMS/phistar/rivet/local/include conftest.cpp >&5
configure:19192: $? = 0
configure:19192: result: yes
configure:19192: checking boost/assign.hpp presence
configure:19192: /usr/bin/g++ -E  -DNDEBUG -I/home/aevans/CMS/phistar/rivet/local/include conftest.cpp
configure:19192: $? = 0
configure:19192: result: yes
configure:19192: checking for boost/assign.hpp
configure:19192: result: yes
configure:19213: checking if boost rvalue bug is present
configure:19251: /usr/bin/g++ -o conftest -O2  -DNDEBUG -I/home/aevans/CMS/phistar/rivet/local/include  conftest.cpp  >&5
configure:19251: $? = 0
configure:19251: ./conftest
configure:19251: $? = 0
configure:19253: result: no
configure:19309: Not building unvalidated Rivet analyses
configure:19331: Building preliminary Rivet analyses
configure:19356: Building obsolete Rivet analyses
configure:19375: checking for pdflatex
configure:19393: found /local/site/pkg/texlive/2015/bin/x86_64-linux/pdflatex
configure:19405: result: /local/site/pkg/texlive/2015/bin/x86_64-linux/pdflatex
configure:19453: checking for doxygen
configure:19471: found /usr/bin/doxygen
configure:19483: result: /usr/bin/doxygen
configure:19504: checking for asciidoc
configure:19537: result: no
configure:19577: checking for python
configure:19595: found /usr/bin/python
configure:19607: result: /usr/bin/python
configure:19635: checking whether /usr/bin/python version >= 2.5
configure:19668: result: yes
configure:19684: checking for Python include path
configure:19687: result: /usr/include/python2.6
configure:19703: All Python build checks successful: 'yoda' Python extension will be built
configure:19725: checking if the /usr/bin/g++ compiler accepts the -Wno-unused-but-set-variable flag
configure:19741: result: yes
configure:19764: checking if the /usr/bin/g++ compiler accepts the -Wno-sign-compare flag
configure:19780: result: yes
configure:19864: checking for python version
configure:19871: result: 2.6
configure:19883: checking for python platform
configure:19890: result: linux2
configure:19916: checking for python script directory
configure:19951: result: ${prefix}/lib/python2.6/site-packages
configure:19960: checking for python extension module directory
configure:19995: result: ${exec_prefix}/lib64/python2.6/site-packages
configure:20011: checking for Cython >= 0.18
Traceback (most recent call last):
  File "<string>", line 1, in <module>
ImportError: No module named Cython.Compiler.Version
configure:20045: result: no
configure:20073: All Python build checks successful: 'rivet' Python extension will be built
configure:20101: checking if the /usr/bin/g++ compiler accepts the -pedantic flag
configure:20117: result: yes
configure:20140: checking if the /usr/bin/g++ compiler accepts the -ansi flag
configure:20156: result: yes
configure:20179: checking if the /usr/bin/g++ compiler accepts the -Wall flag
configure:20195: result: yes
configure:20218: checking if the /usr/bin/g++ compiler accepts the -Wno-long-long flag
configure:20234: result: yes
configure:20257: checking if the /usr/bin/g++ compiler accepts the -Wno-format flag
configure:20273: result: yes
configure:20296: checking if the /usr/bin/g++ compiler accepts the -Werror=uninitialized flag
configure:20312: result: yes
configure:20335: checking if the /usr/bin/g++ compiler accepts the -Werror=delete-non-virtual-dtor flag
configure:20351: result: no
configure:20577: checking that generated files are newer than configure
configure:20583: result: done
configure:20842: creating ./config.status

## ---------------------- ##
## Running config.status. ##
## ---------------------- ##

This file was extended by Rivet config.status 2.4.3, which was
generated by GNU Autoconf 2.69.  Invocation command line was

  CONFIG_FILES    = 
  CONFIG_HEADERS  = 
  CONFIG_LINKS    = 
  CONFIG_COMMANDS = 
  $ ./config.status 

on zebra03.spa.umn.edu

config.status:1344: creating include/Makefile
config.status:1344: creating include/Rivet/Makefile
config.status:1344: creating src/Makefile
config.status:1344: creating src/Core/Makefile
config.status:1344: creating src/Core/yamlcpp/Makefile
config.status:1344: creating src/Tools/Makefile
config.status:1344: creating src/Projections/Makefile
config.status:1344: creating src/Analyses/Makefile
config.status:1344: creating test/Makefile
config.status:1344: creating pyext/Makefile
config.status:1344: creating pyext/rivet/Makefile
config.status:1344: creating pyext/setup.py
config.status:1344: creating data/Makefile
config.status:1344: creating data/refdata/Makefile
config.status:1344: creating data/anainfo/Makefile
config.status:1344: creating data/plotinfo/Makefile
config.status:1344: creating data/texmf/Makefile
config.status:1344: creating doc/Makefile
config.status:1344: creating doc/rivetversion.sty
config.status:1344: creating doc/diffanas
config.status:1344: creating bin/Makefile
config.status:1344: creating bin/rivet-config
config.status:1344: creating bin/rivet-buildplugin
config.status:1344: creating Makefile
config.status:1344: creating Doxyfile
config.status:1344: creating rivetenv.sh
config.status:1344: creating rivetenv.csh
config.status:1344: creating rivet.pc
config.status:1344: creating include/Rivet/Config/DummyConfig.hh
config.status:1525: include/Rivet/Config/DummyConfig.hh is unchanged
config.status:1344: creating include/Rivet/Config/RivetConfig.hh
config.status:1525: include/Rivet/Config/RivetConfig.hh is unchanged
config.status:1344: creating include/Rivet/Config/BuildOptions.hh
config.status:1525: include/Rivet/Config/BuildOptions.hh is unchanged
config.status:1573: executing depfiles commands
config.status:1573: executing libtool commands

## ---------------- ##
## Cache variables. ##
## ---------------- ##

ac_cv_build=x86_64-unknown-linux-gnu
ac_cv_c_compiler_gnu=yes
ac_cv_cxx_compiler_gnu=yes
ac_cv_env_BOOST_ROOT_set=
ac_cv_env_BOOST_ROOT_value=
ac_cv_env_CCC_set=
ac_cv_env_CCC_value=
ac_cv_env_CC_set=
ac_cv_env_CC_value=
ac_cv_env_CFLAGS_set=
ac_cv_env_CFLAGS_value=
ac_cv_env_CPPFLAGS_set=set
ac_cv_env_CPPFLAGS_value=' -DNDEBUG'
ac_cv_env_CPP_set=
ac_cv_env_CPP_value=
ac_cv_env_CXXCPP_set=
ac_cv_env_CXXCPP_value=
ac_cv_env_CXXFLAGS_set=
ac_cv_env_CXXFLAGS_value=
ac_cv_env_CXX_set=
ac_cv_env_CXX_value=
ac_cv_env_FASTJETINCPATH_set=
ac_cv_env_FASTJETINCPATH_value=
ac_cv_env_FASTJETLIBNAME_set=
ac_cv_env_FASTJETLIBNAME_value=
ac_cv_env_FASTJETLIBPATH_set=
ac_cv_env_FASTJETLIBPATH_value=
ac_cv_env_FASTJETPATH_set=
ac_cv_env_FASTJETPATH_value=
ac_cv_env_GSLINCPATH_set=
ac_cv_env_GSLINCPATH_value=
ac_cv_env_GSLPATH_set=
ac_cv_env_GSLPATH_value=
ac_cv_env_HEPMCINCPATH_set=
ac_cv_env_HEPMCINCPATH_value=
ac_cv_env_HEPMCLIBNAME_set=
ac_cv_env_HEPMCLIBNAME_value=
ac_cv_env_HEPMCLIBPATH_set=
ac_cv_env_HEPMCLIBPATH_value=
ac_cv_env_HEPMCPATH_set=
ac_cv_env_HEPMCPATH_value=
ac_cv_env_LDFLAGS_set=
ac_cv_env_LDFLAGS_value=
ac_cv_env_LIBS_set=
ac_cv_env_LIBS_value=
ac_cv_env_LT_SYS_LIBRARY_PATH_set=
ac_cv_env_LT_SYS_LIBRARY_PATH_value=
ac_cv_env_PYTHON_set=
ac_cv_env_PYTHON_value=
ac_cv_env_YODAINCPATH_set=
ac_cv_env_YODAINCPATH_value=
ac_cv_env_YODALIBNAME_set=
ac_cv_env_YODALIBNAME_value=
ac_cv_env_YODALIBPATH_set=
ac_cv_env_YODALIBPATH_value=
ac_cv_env_YODAPATH_set=
ac_cv_env_YODAPATH_value=
ac_cv_env_build_alias_set=
ac_cv_env_build_alias_value=
ac_cv_env_host_alias_set=
ac_cv_env_host_alias_value=
ac_cv_env_target_alias_set=
ac_cv_env_target_alias_value=
ac_cv_func_dlopen=no
ac_cv_func_shl_load=no
ac_cv_header_boost_assign_hpp=yes
ac_cv_header_boost_foreach_hpp=yes
ac_cv_header_boost_lexical_cast_hpp=yes
ac_cv_header_boost_range_hpp=yes
ac_cv_header_boost_scoped_ptr_hpp=yes
ac_cv_header_boost_shared_ptr_hpp=yes
ac_cv_header_dlfcn_h=yes
ac_cv_header_fastjet_D0RunIIConePlugin_hh=yes
ac_cv_header_fastjet_TrackJetPlugin_hh=yes
ac_cv_header_gsl_gsl_vector_h=yes
ac_cv_header_inttypes_h=yes
ac_cv_header_memory_h=yes
ac_cv_header_stdc=yes
ac_cv_header_stdint_h=yes
ac_cv_header_stdlib_h=yes
ac_cv_header_string_h=yes
ac_cv_header_strings_h=yes
ac_cv_header_sys_stat_h=yes
ac_cv_header_sys_types_h=yes
ac_cv_header_unistd_h=yes
ac_cv_host=x86_64-unknown-linux-gnu
ac_cv_lib_dl_dlopen=yes
ac_cv_lib_dld_shl_load=no
ac_cv_objext=o
ac_cv_path_CXX=/usr/bin/g++
ac_cv_path_DOXYGEN=/usr/bin/doxygen
ac_cv_path_EGREP='/bin/grep -E'
ac_cv_path_FGREP='/bin/grep -F'
ac_cv_path_FJCONFIG=/home/aevans/CMS/phistar/rivet/local/bin/fastjet-config
ac_cv_path_GREP=/bin/grep
ac_cv_path_GSLCONFIG=/home/aevans/CMS/phistar/rivet/local/bin/gsl-config
ac_cv_path_PDFLATEX=/local/site/pkg/texlive/2015/bin/x86_64-linux/pdflatex
ac_cv_path_PYTHON=/usr/bin/python
ac_cv_path_SED=/bin/sed
ac_cv_path_UNAME=/bin/uname
ac_cv_path_YODACONFIG=/home/aevans/CMS/phistar/rivet/local/lib/../bin/yoda-config
ac_cv_path_install='/usr/bin/install -c'
ac_cv_path_lt_DD=/bin/dd
ac_cv_path_mkdir=/bin/mkdir
ac_cv_prog_AWK=gawk
ac_cv_prog_CPP='gcc -E'
ac_cv_prog_CXXCPP='/usr/bin/g++ -E'
ac_cv_prog_ac_ct_AR=ar
ac_cv_prog_ac_ct_CC=gcc
ac_cv_prog_ac_ct_OBJDUMP=objdump
ac_cv_prog_ac_ct_RANLIB=ranlib
ac_cv_prog_ac_ct_STRIP=strip
ac_cv_prog_cc_c89=
ac_cv_prog_cc_g=yes
ac_cv_prog_cxx_g=yes
ac_cv_prog_make_make_set=yes
am_cv_CC_dependencies_compiler_type=gcc3
am_cv_CXX_dependencies_compiler_type=gcc3
am_cv_ar_interface=ar
am_cv_make_support_nested_variables=yes
am_cv_prog_cc_c_o=yes
am_cv_python_platform=linux2
am_cv_python_pyexecdir='${exec_prefix}/lib64/python2.6/site-packages'
am_cv_python_pythondir='${prefix}/lib/python2.6/site-packages'
am_cv_python_version=2.6
boost_cv_inc_path=/home/aevans/CMS/phistar/rivet/local/include
boost_cv_lib_version=1_60
lt_cv_ar_at_file=@
lt_cv_archive_cmds_need_lc=no
lt_cv_deplibs_check_method=pass_all
lt_cv_dlopen=dlopen
lt_cv_dlopen_libs=-ldl
lt_cv_dlopen_self=yes
lt_cv_dlopen_self_static=no
lt_cv_file_magic_cmd='$MAGIC_CMD'
lt_cv_file_magic_test_file=
lt_cv_ld_reload_flag=-r
lt_cv_nm_interface='BSD nm'
lt_cv_objdir=.libs
lt_cv_path_LD=/usr/bin/ld
lt_cv_path_LDCXX='/usr/bin/ld -m elf_x86_64'
lt_cv_path_NM='/usr/bin/nm -B'
lt_cv_path_mainfest_tool=no
lt_cv_prog_compiler_c_o=yes
lt_cv_prog_compiler_c_o_CXX=yes
lt_cv_prog_compiler_pic='-fPIC -DPIC'
lt_cv_prog_compiler_pic_CXX='-fPIC -DPIC'
lt_cv_prog_compiler_pic_works=yes
lt_cv_prog_compiler_pic_works_CXX=yes
lt_cv_prog_compiler_rtti_exceptions=no
lt_cv_prog_compiler_static_works=yes
lt_cv_prog_compiler_static_works_CXX=yes
lt_cv_prog_gnu_ld=yes
lt_cv_prog_gnu_ldcxx=yes
lt_cv_sharedlib_from_linklib_cmd='printf %s\n'
lt_cv_shlibpath_overrides_runpath=no
lt_cv_sys_global_symbol_pipe='sed -n -e '\''s/^.*[	 ]\([ABCDGIRSTW][ABCDGIRSTW]*\)[	 ][	 ]*\([_A-Za-z][_A-Za-z0-9]*\)$/\1 \2 \2/p'\'' | sed '\''/ __gnu_lto/d'\'''
lt_cv_sys_global_symbol_to_c_name_address='sed -n -e '\''s/^: \(.*\) .*$/  {"\1", (void *) 0},/p'\'' -e '\''s/^[ABCDGIRSTW][ABCDGIRSTW]* .* \(.*\)$/  {"\1", (void *) \&\1},/p'\'''
lt_cv_sys_global_symbol_to_c_name_address_lib_prefix='sed -n -e '\''s/^: \(.*\) .*$/  {"\1", (void *) 0},/p'\'' -e '\''s/^[ABCDGIRSTW][ABCDGIRSTW]* .* \(lib.*\)$/  {"\1", (void *) \&\1},/p'\'' -e '\''s/^[ABCDGIRSTW][ABCDGIRSTW]* .* \(.*\)$/  {"lib\1", (void *) \&\1},/p'\'''
lt_cv_sys_global_symbol_to_cdecl='sed -n -e '\''s/^T .* \(.*\)$/extern int \1();/p'\'' -e '\''s/^[ABCDGIRSTW][ABCDGIRSTW]* .* \(.*\)$/extern char \1;/p'\'''
lt_cv_sys_global_symbol_to_import=
lt_cv_sys_max_cmd_len=1966080
lt_cv_to_host_file_cmd=func_convert_file_noop
lt_cv_to_tool_file_cmd=func_convert_file_noop
lt_cv_truncate_bin='/bin/dd bs=4096 count=1'
py_cv_cython=no

## ----------------- ##
## Output variables. ##
## ----------------- ##

ACLOCAL='${SHELL} /home/aevans/CMS/phistar/rivet/Rivet-2.4.3/missing aclocal-1.15'
AMDEPBACKSLASH='\'
AMDEP_FALSE='#'
AMDEP_TRUE=''
AMTAR='$${TAR-tar}'
AM_BACKSLASH='\'
AM_CPPFLAGS='-I$(top_srcdir)/include -I$(top_builddir)/include $(GSL_CPPFLAGS) $(BOOST_CPPFLAGS) -I$(YODAINCPATH) -I$(HEPMCINCPATH) -I$(FASTJETINCPATH)'
AM_CXXFLAGS=' -pedantic -ansi -Wall -Wno-long-long -Wno-format -Werror=uninitialized'
AM_DEFAULT_V='$(AM_DEFAULT_VERBOSITY)'
AM_DEFAULT_VERBOSITY='0'
AM_V='$(V)'
AR='ar'
ASCIIDOC=''
AUTOCONF='${SHELL} /home/aevans/CMS/phistar/rivet/Rivet-2.4.3/missing autoconf'
AUTOHEADER='${SHELL} /home/aevans/CMS/phistar/rivet/Rivet-2.4.3/missing autoheader'
AUTOMAKE='${SHELL} /home/aevans/CMS/phistar/rivet/Rivet-2.4.3/missing automake-1.15'
AWK='gawk'
BOOST_CPPFLAGS='-I/home/aevans/CMS/phistar/rivet/local/include'
BOOST_ROOT=''
CC='gcc'
CCDEPMODE='depmode=gcc3'
CFLAGS='-g -O2'
CPP='gcc -E'
CPPFLAGS=' -DNDEBUG'
CXX='/usr/bin/g++'
CXXCPP='/usr/bin/g++ -E'
CXXDEPMODE='depmode=gcc3'
CXXFLAGS='-O2'
CYGPATH_W='echo'
DEFS='-DHAVE_CONFIG_H'
DEPDIR='.deps'
DISTCHECK_CONFIGURE_FLAGS=' '\''--with-boost=/home/aevans/CMS/phistar/rivet/local'\'''
DLLTOOL='false'
DOXYGEN='/usr/bin/doxygen'
DSYMUTIL=''
DUMPBIN=''
ECHO_C=''
ECHO_N='-n'
ECHO_T=''
EGREP='/bin/grep -E'
EMPTY=''
ENABLE_ANALYSES_FALSE='#'
ENABLE_ANALYSES_TRUE=''
ENABLE_OBSOLETE_FALSE='#'
ENABLE_OBSOLETE_TRUE=''
ENABLE_PDFMANUAL_FALSE=''
ENABLE_PDFMANUAL_TRUE='#'
ENABLE_PRELIMINARY_FALSE='#'
ENABLE_PRELIMINARY_TRUE=''
ENABLE_PYEXT_FALSE='#'
ENABLE_PYEXT_TRUE=''
ENABLE_UNVALIDATED_FALSE=''
ENABLE_UNVALIDATED_TRUE='#'
EXEEXT=''
FASTJETCONFIGLIBADD='-Wl,-rpath,/home/aevans/CMS/phistar/rivet/local/lib -lm -L/home/aevans/CMS/phistar/rivet/local/lib -lfastjettools -lfastjet -lfastjetplugins -lsiscone_spherical -lsiscone'
FASTJETCPPFLAGS='-I/home/aevans/CMS/phistar/rivet/local/include'
FASTJETINCNAME='fastjet'
FASTJETINCPATH='/home/aevans/CMS/phistar/rivet/local/include'
FASTJETINCPATH='/home/aevans/CMS/phistar/rivet/local/include'
FASTJETLDFLAGS='-L/home/aevans/CMS/phistar/rivet/local/lib'
FASTJETLDLIBS='-lfastjet'
FASTJETLIB='/home/aevans/CMS/phistar/rivet/local/lib/libfastjet.la'
FASTJETLIBNAME='fastjet'
FASTJETLIBNAME='fastjet'
FASTJETLIBPATH='/home/aevans/CMS/phistar/rivet/local/lib'
FASTJETLIBPATH='/home/aevans/CMS/phistar/rivet/local/lib'
FASTJETPATH='/home/aevans/CMS/phistar/rivet/local'
FGREP='/bin/grep -F'
FJCONFIG='/home/aevans/CMS/phistar/rivet/local/bin/fastjet-config'
GREP='/bin/grep'
GSLCONFIG='/home/aevans/CMS/phistar/rivet/local/bin/gsl-config'
GSLCPPFLAGS='-I/home/aevans/CMS/phistar/rivet/local/include'
GSLINCNAME='gsl'
GSLINCPATH='/home/aevans/CMS/phistar/rivet/local/include'
GSLINCPATH='/home/aevans/CMS/phistar/rivet/local/include'
GSLINCPATH='/home/aevans/CMS/phistar/rivet/local/include'
GSLLIBPATH='/home/aevans/CMS/phistar/rivet/local/lib'
GSLPATH='/home/aevans/CMS/phistar/rivet/local'
GSLPATH='/home/aevans/CMS/phistar/rivet/local'
GSL_CPPFLAGS='-I/home/aevans/CMS/phistar/rivet/local/include'
GSL_CXXFLAGS='-I/home/aevans/CMS/phistar/rivet/local/include'
GSL_LDFLAGS='-L/home/aevans/CMS/phistar/rivet/local/lib -lgsl -lgslcblas -lm'
HAVE_CXX11=''
HEPMCCPPFLAGS='-I/home/aevans/CMS/phistar/rivet/local/include'
HEPMCINCNAME='HepMC'
HEPMCINCPATH='/home/aevans/CMS/phistar/rivet/local/include'
HEPMCINCPATH='/home/aevans/CMS/phistar/rivet/local/include'
HEPMCLDFLAGS='-L/home/aevans/CMS/phistar/rivet/local/lib'
HEPMCLDLIBS='-lHepMC'
HEPMCLIB='/home/aevans/CMS/phistar/rivet/local/lib/libHepMC.la'
HEPMCLIBNAME='HepMC'
HEPMCLIBNAME='HepMC'
HEPMCLIBPATH='/home/aevans/CMS/phistar/rivet/local/lib'
HEPMCLIBPATH='/home/aevans/CMS/phistar/rivet/local/lib'
HEPMCPATH='/home/aevans/CMS/phistar/rivet/local'
HEPMC_VERSION='26'
INSTALL_DATA='${INSTALL} -m 644'
INSTALL_PROGRAM='${INSTALL}'
INSTALL_SCRIPT='${INSTALL}'
INSTALL_STRIP_PROGRAM='$(install_sh) -c -s'
LCG_TAG='x86_64-slc6-gcc44-opt'
LD='/usr/bin/ld -m elf_x86_64'
LDFLAGS=''
LIBOBJS=''
LIBPATHVARNAME='LD_LIBRARY_PATH'
LIBS=''
LIBTOOL='$(SHELL) $(top_builddir)/libtool'
LIPO=''
LN_S='ln -s'
LTLIBOBJS=''
LT_OBJDIR=''
LT_SYS_LIBRARY_PATH=''
MAKEINFO='${SHELL} /home/aevans/CMS/phistar/rivet/Rivet-2.4.3/missing makeinfo'
MANIFEST_TOOL=':'
MKDIR_P='/bin/mkdir -p'
NM='/usr/bin/nm -B'
NMEDIT=''
OBJDUMP='objdump'
OBJEXT='o'
OTOOL64=''
OTOOL=''
PACKAGE='Rivet'
PACKAGE_BUGREPORT='rivet@projects.hepforge.org'
PACKAGE_NAME='Rivet'
PACKAGE_STRING='Rivet 2.4.3'
PACKAGE_TARNAME='Rivet'
PACKAGE_URL=''
PACKAGE_VERSION='2.4.3'
PATH_SEPARATOR=':'
PDFLATEX='/local/site/pkg/texlive/2015/bin/x86_64-linux/pdflatex'
PYEXT_CXXFLAGS='-O2 -Wno-unused-but-set-variable -Wno-sign-compare'
PYTHON='/usr/bin/python'
PYTHON_EXEC_PREFIX='${exec_prefix}'
PYTHON_PLATFORM='linux2'
PYTHON_PREFIX='${prefix}'
PYTHON_USE_FALSE='#'
PYTHON_USE_TRUE=''
PYTHON_VERSION='2.6'
RANLIB='ranlib'
RIVET_PYTHONPATH='/home/aevans/CMS/phistar/rivet/local/lib64/python2.6/site-packages'
SED='/bin/sed'
SET_MAKE=''
SHELL='/bin/sh'
STRIP='strip'
SWVERS=''
UNAME='/bin/uname'
VERSION='2.4.3'
WITHOUT_FASTJETINC_FALSE=''
WITHOUT_FASTJETINC_TRUE='#'
WITHOUT_FASTJETLIB_FALSE=''
WITHOUT_FASTJETLIB_TRUE='#'
WITHOUT_FASTJET_FALSE=''
WITHOUT_FASTJET_TRUE='#'
WITHOUT_GSLINC_FALSE=''
WITHOUT_GSLINC_FALSE=''
WITHOUT_GSLINC_TRUE='#'
WITHOUT_GSLINC_TRUE='#'
WITHOUT_GSLLIB_FALSE=''
WITHOUT_GSLLIB_TRUE='#'
WITHOUT_GSL_FALSE=''
WITHOUT_GSL_TRUE='#'
WITHOUT_HEPMCINC_FALSE=''
WITHOUT_HEPMCINC_TRUE='#'
WITHOUT_HEPMCLIB_FALSE=''
WITHOUT_HEPMCLIB_TRUE='#'
WITHOUT_HEPMC_FALSE=''
WITHOUT_HEPMC_TRUE='#'
WITHOUT_YODAINC_FALSE=''
WITHOUT_YODAINC_TRUE='#'
WITHOUT_YODALIB_FALSE=''
WITHOUT_YODALIB_TRUE='#'
WITHOUT_YODA_FALSE=''
WITHOUT_YODA_TRUE='#'
WITH_ASCIIDOC_FALSE=''
WITH_ASCIIDOC_TRUE='#'
WITH_CYTHON_FALSE=''
WITH_CYTHON_TRUE='#'
WITH_DOXYGEN_FALSE='#'
WITH_DOXYGEN_TRUE=''
WITH_FASTJETINC_FALSE='#'
WITH_FASTJETINC_TRUE=''
WITH_FASTJETLIB_FALSE='#'
WITH_FASTJETLIB_TRUE=''
WITH_FASTJET_FALSE='#'
WITH_FASTJET_TRUE=''
WITH_GSLINC_FALSE='#'
WITH_GSLINC_FALSE='#'
WITH_GSLINC_TRUE=''
WITH_GSLINC_TRUE=''
WITH_GSLLIB_FALSE='#'
WITH_GSLLIB_TRUE=''
WITH_GSL_FALSE='#'
WITH_GSL_TRUE=''
WITH_HEPMCINC_FALSE='#'
WITH_HEPMCINC_TRUE=''
WITH_HEPMCLIB_FALSE='#'
WITH_HEPMCLIB_TRUE=''
WITH_HEPMC_FALSE='#'
WITH_HEPMC_TRUE=''
WITH_OSX_FALSE=''
WITH_OSX_TRUE='#'
WITH_PDFLATEX_FALSE='#'
WITH_PDFLATEX_TRUE=''
WITH_YODAINC_FALSE='#'
WITH_YODAINC_TRUE=''
WITH_YODALIB_FALSE='#'
WITH_YODALIB_TRUE=''
WITH_YODA_FALSE='#'
WITH_YODA_TRUE=''
YODABINPATH='/home/aevans/CMS/phistar/rivet/local/lib/../bin'
YODACONFIG='/home/aevans/CMS/phistar/rivet/local/lib/../bin/yoda-config'
YODACPPFLAGS='-I/home/aevans/CMS/phistar/rivet/local/include'
YODAINCNAME='YODA'
YODAINCPATH='/home/aevans/CMS/phistar/rivet/local/include'
YODAINCPATH='/home/aevans/CMS/phistar/rivet/local/include'
YODALDFLAGS='-L/home/aevans/CMS/phistar/rivet/local/lib'
YODALDLIBS='-lYODA'
YODALIB='/home/aevans/CMS/phistar/rivet/local/lib/libYODA.la'
YODALIBNAME='YODA'
YODALIBNAME='YODA'
YODALIBPATH='/home/aevans/CMS/phistar/rivet/local/lib'
YODALIBPATH='/home/aevans/CMS/phistar/rivet/local/lib'
YODAPATH='/home/aevans/CMS/phistar/rivet/local'
YODA_PYTHONPATH='/home/aevans/CMS/phistar/rivet/local/lib64/python2.6/site-packages'
ac_ct_AR='ar'
ac_ct_CC='gcc'
ac_ct_CXX=''
ac_ct_DUMPBIN=''
am__EXEEXT_FALSE=''
am__EXEEXT_TRUE='#'
am__fastdepCC_FALSE='#'
am__fastdepCC_TRUE=''
am__fastdepCXX_FALSE='#'
am__fastdepCXX_TRUE=''
am__include='include'
am__isrc=''
am__leading_dot='.'
am__nodep='_no'
am__quote=''
am__tar='$${TAR-tar} chof - "$$tardir"'
am__untar='$${TAR-tar} xf -'
bindir='${exec_prefix}/bin'
build='x86_64-unknown-linux-gnu'
build_alias=''
build_cpu='x86_64'
build_os='linux-gnu'
build_vendor='unknown'
datadir='${datarootdir}'
datarootdir='${prefix}/share'
docdir='${datarootdir}/doc/${PACKAGE_TARNAME}'
dvidir='${docdir}'
exec_prefix='${prefix}'
host='x86_64-unknown-linux-gnu'
host_alias=''
host_cpu='x86_64'
host_os='linux-gnu'
host_vendor='unknown'
htmldir='${docdir}'
includedir='${prefix}/include'
infodir='${datarootdir}/info'
install_sh='${SHELL} /home/aevans/CMS/phistar/rivet/Rivet-2.4.3/install-sh'
libdir='${exec_prefix}/lib'
libexecdir='${exec_prefix}/libexec'
localedir='${datarootdir}/locale'
localstatedir='${prefix}/var'
mandir='${datarootdir}/man'
mkdir_p='$(MKDIR_P)'
oldincludedir='/usr/include'
pdfdir='${docdir}'
pkgpyexecdir='${pyexecdir}/Rivet'
pkgpythondir='${pythondir}/Rivet'
prefix='/home/aevans/CMS/phistar/rivet/local'
program_transform_name='s,x,x,'
psdir='${docdir}'
pyexecdir='${exec_prefix}/lib64/python2.6/site-packages'
pythondir='${prefix}/lib/python2.6/site-packages'
runstatedir='${localstatedir}/run'
sbindir='${exec_prefix}/sbin'
sharedstatedir='${prefix}/com'
sysconfdir='${prefix}/etc'
target_alias=''

## ----------- ##
## confdefs.h. ##
## ----------- ##

/* confdefs.h */
#define PACKAGE_NAME "Rivet"
#define PACKAGE_TARNAME "Rivet"
#define PACKAGE_VERSION "2.4.3"
#define PACKAGE_STRING "Rivet 2.4.3"
#define PACKAGE_BUGREPORT "rivet@projects.hepforge.org"
#define PACKAGE_URL ""
#define PACKAGE "Rivet"
#define VERSION "2.4.3"
#define RIVET_VERSION "2.4.3"
#define RIVET_NAME "Rivet"
#define RIVET_STRING "Rivet 2.4.3"
#define RIVET_TARNAME "Rivet"
#define RIVET_BUGREPORT "rivet@projects.hepforge.org"
#define STDC_HEADERS 1
#define HAVE_SYS_TYPES_H 1
#define HAVE_SYS_STAT_H 1
#define HAVE_STDLIB_H 1
#define HAVE_STRING_H 1
#define HAVE_MEMORY_H 1
#define HAVE_STRINGS_H 1
#define HAVE_INTTYPES_H 1
#define HAVE_STDINT_H 1
#define HAVE_UNISTD_H 1
#define HAVE_DLFCN_H 1
#define LT_OBJDIR ".libs/"
#define HAVE_BOOST 1
#define HAVE_BOOST_FOREACH_HPP 1
#define HAVE_BOOST_SCOPED_PTR_HPP 1
#define HAVE_BOOST_SHARED_PTR_HPP 1
#define HAVE_BOOST_LEXICAL_CAST_HPP 1
#define HAVE_BOOST_RANGE_HPP 1
#define HAVE_BOOST_ASSIGN_HPP 1

configure: exit 0
