This file contains any messages produced by compilers while
running configure, to aid debugging if configure makes a mistake.

It was created by FastJet configure 3.2.0, which was
generated by GNU Autoconf 2.69.  Invocation command line was

  $ ./configure --prefix=/home/aevans/CMS/phistar/rivet/local --enable-shared --enable-allcxxplugins

## --------- ##
## Platform. ##
## --------- ##

hostname = zebra03.spa.umn.edu
uname -m = x86_64
uname -r = 2.6.32-573.26.1.el6.x86_64
uname -s = Linux
uname -v = #1 SMP Tue May 3 14:22:07 CDT 2016

/usr/bin/uname -p = unknown
/bin/uname -X     = unknown

/bin/arch              = x86_64
/usr/bin/arch -k       = unknown
/usr/convex/getsysinfo = unknown
/usr/bin/hostinfo      = unknown
/bin/machine           = unknown
/usr/bin/oslevel       = unknown
/bin/universe          = unknown

PATH: /home/aevans/CMS/phistar/rivet/local/bin
PATH: /home/aevans/CMS/phistar/rivet/local/bin
PATH: /home/aevans/CMS/phistar/rivet/local/lib/../bin
PATH: /home/aevans/bin
PATH: /local/site/pkg/texlive/2015/bin/x86_64-linux
PATH: /usr/lib64/qt-3.3/bin
PATH: /home/aevans/bin
PATH: /usr/local/bin
PATH: /bin
PATH: /usr/bin
PATH: /home/aevans/CMS/oral/LHAPDF-6.1.5-bin/bin
PATH: /home/aevans/CMS/oral/fastjet-3.1.2-bin/bin
PATH: /home/aevans/bin


## ----------- ##
## Core tests. ##
## ----------- ##

configure:2717: checking for a BSD-compatible install
configure:2785: result: /usr/bin/install -c
configure:2796: checking whether build environment is sane
configure:2846: result: yes
configure:2987: checking for a thread-safe mkdir -p
configure:3026: result: /bin/mkdir -p
configure:3039: checking for gawk
configure:3055: found /bin/gawk
configure:3066: result: gawk
configure:3077: checking whether make sets $(MAKE)
configure:3099: result: yes
configure:3174: checking how to create a ustar tar archive
configure:3187: tar --version
tar (GNU tar) 1.23
Copyright (C) 2010 Free Software Foundation, Inc.
License GPLv3+: GNU GPL version 3 or later <http://gnu.org/licenses/gpl.html>.
This is free software: you are free to change and redistribute it.
There is NO WARRANTY, to the extent permitted by law.

Written by John Gilmore and Jay Fenlason.
configure:3190: $? = 0
configure:3230: tardir=conftest.dir && eval tar --format=ustar -chf - "$tardir" >conftest.tar
configure:3233: $? = 0
configure:3237: tar -xf - <conftest.tar
configure:3240: $? = 0
configure:3253: result: gnutar
configure:3285: checking for style of include used by make
configure:3313: result: GNU
configure:3384: checking for gcc
configure:3400: found /usr/bin/gcc
configure:3411: result: gcc
configure:3640: checking for C compiler version
configure:3649: gcc --version >&5
gcc (GCC) 4.4.7 20120313 (Red Hat 4.4.7-16)
Copyright (C) 2010 Free Software Foundation, Inc.
This is free software; see the source for copying conditions.  There is NO
warranty; not even for MERCHANTABILITY or FITNESS FOR A PARTICULAR PURPOSE.

configure:3660: $? = 0
configure:3649: gcc -v >&5
Using built-in specs.
Target: x86_64-redhat-linux
Configured with: ../configure --prefix=/usr --mandir=/usr/share/man --infodir=/usr/share/info --with-bugurl=http://bugzilla.redhat.com/bugzilla --enable-bootstrap --enable-shared --enable-threads=posix --enable-checking=release --with-system-zlib --enable-__cxa_atexit --disable-libunwind-exceptions --enable-gnu-unique-object --enable-languages=c,c++,objc,obj-c++,java,fortran,ada --enable-java-awt=gtk --disable-dssi --with-java-home=/usr/lib/jvm/java-1.5.0-gcj-1.5.0.0/jre --enable-libgcj-multifile --enable-java-maintainer-mode --with-ecj-jar=/usr/share/java/eclipse-ecj.jar --disable-libjava-multilib --with-ppl --with-cloog --with-tune=generic --with-arch_32=i686 --build=x86_64-redhat-linux
Thread model: posix
gcc version 4.4.7 20120313 (Red Hat 4.4.7-16) (GCC) 
configure:3660: $? = 0
configure:3649: gcc -V >&5
gcc: '-V' option must have argument
configure:3660: $? = 1
configure:3649: gcc -qversion >&5
gcc: unrecognized option '-qversion'
gcc: no input files
configure:3660: $? = 1
configure:3680: checking whether the C compiler works
configure:3702: gcc   -DNDEBUG  conftest.c  >&5
configure:3706: $? = 0
configure:3754: result: yes
configure:3757: checking for C compiler default output file name
configure:3759: result: a.out
configure:3765: checking for suffix of executables
configure:3772: gcc -o conftest   -DNDEBUG  conftest.c  >&5
configure:3776: $? = 0
configure:3798: result: 
configure:3820: checking whether we are cross compiling
configure:3828: gcc -o conftest   -DNDEBUG  conftest.c  >&5
configure:3832: $? = 0
configure:3839: ./conftest
configure:3843: $? = 0
configure:3858: result: no
configure:3863: checking for suffix of object files
configure:3885: gcc -c   -DNDEBUG conftest.c >&5
configure:3889: $? = 0
configure:3910: result: o
configure:3914: checking whether we are using the GNU C compiler
configure:3933: gcc -c   -DNDEBUG conftest.c >&5
configure:3933: $? = 0
configure:3942: result: yes
configure:3951: checking whether gcc accepts -g
configure:3971: gcc -c -g  -DNDEBUG conftest.c >&5
configure:3971: $? = 0
configure:4012: result: yes
configure:4029: checking for gcc option to accept ISO C89
configure:4092: gcc  -c -g -O2  -DNDEBUG conftest.c >&5
configure:4092: $? = 0
configure:4105: result: none needed
configure:4127: checking dependency style of gcc
configure:4238: result: gcc3
configure:4259: checking how to run the C preprocessor
configure:4290: gcc -E  -DNDEBUG conftest.c
configure:4290: $? = 0
configure:4304: gcc -E  -DNDEBUG conftest.c
conftest.c:11:28: error: ac_nonexistent.h: No such file or directory
configure:4304: $? = 1
configure: failed program was:
| /* confdefs.h */
| #define PACKAGE_NAME "FastJet"
| #define PACKAGE_TARNAME "fastjet"
| #define PACKAGE_VERSION "3.2.0"
| #define PACKAGE_STRING "FastJet 3.2.0"
| #define PACKAGE_BUGREPORT ""
| #define PACKAGE_URL ""
| #define PACKAGE "fastjet"
| #define VERSION "3.2.0"
| /* end confdefs.h.  */
| #include <ac_nonexistent.h>
configure:4329: result: gcc -E
configure:4349: gcc -E  -DNDEBUG conftest.c
configure:4349: $? = 0
configure:4363: gcc -E  -DNDEBUG conftest.c
conftest.c:11:28: error: ac_nonexistent.h: No such file or directory
configure:4363: $? = 1
configure: failed program was:
| /* confdefs.h */
| #define PACKAGE_NAME "FastJet"
| #define PACKAGE_TARNAME "fastjet"
| #define PACKAGE_VERSION "3.2.0"
| #define PACKAGE_STRING "FastJet 3.2.0"
| #define PACKAGE_BUGREPORT ""
| #define PACKAGE_URL ""
| #define PACKAGE "fastjet"
| #define VERSION "3.2.0"
| /* end confdefs.h.  */
| #include <ac_nonexistent.h>
configure:4392: checking for grep that handles long lines and -e
configure:4450: result: /bin/grep
configure:4455: checking for egrep
configure:4517: result: /bin/grep -E
configure:4522: checking for ANSI C header files
configure:4542: gcc -c -g -O2  -DNDEBUG conftest.c >&5
configure:4542: $? = 0
configure:4615: gcc -o conftest -g -O2  -DNDEBUG  conftest.c  >&5
configure:4615: $? = 0
configure:4615: ./conftest
configure:4615: $? = 0
configure:4626: result: yes
configure:4639: checking for sys/types.h
configure:4639: gcc -c -g -O2  -DNDEBUG conftest.c >&5
configure:4639: $? = 0
configure:4639: result: yes
configure:4639: checking for sys/stat.h
configure:4639: gcc -c -g -O2  -DNDEBUG conftest.c >&5
configure:4639: $? = 0
configure:4639: result: yes
configure:4639: checking for stdlib.h
configure:4639: gcc -c -g -O2  -DNDEBUG conftest.c >&5
configure:4639: $? = 0
configure:4639: result: yes
configure:4639: checking for string.h
configure:4639: gcc -c -g -O2  -DNDEBUG conftest.c >&5
configure:4639: $? = 0
configure:4639: result: yes
configure:4639: checking for memory.h
configure:4639: gcc -c -g -O2  -DNDEBUG conftest.c >&5
configure:4639: $? = 0
configure:4639: result: yes
configure:4639: checking for strings.h
configure:4639: gcc -c -g -O2  -DNDEBUG conftest.c >&5
configure:4639: $? = 0
configure:4639: result: yes
configure:4639: checking for inttypes.h
configure:4639: gcc -c -g -O2  -DNDEBUG conftest.c >&5
configure:4639: $? = 0
configure:4639: result: yes
configure:4639: checking for stdint.h
configure:4639: gcc -c -g -O2  -DNDEBUG conftest.c >&5
configure:4639: $? = 0
configure:4639: result: yes
configure:4639: checking for unistd.h
configure:4639: gcc -c -g -O2  -DNDEBUG conftest.c >&5
configure:4639: $? = 0
configure:4639: result: yes
configure:4651: checking for int
configure:4651: gcc -c -g -O2  -DNDEBUG conftest.c >&5
configure:4651: $? = 0
configure:4651: gcc -c -g -O2  -DNDEBUG conftest.c >&5
conftest.c: In function 'main':
conftest.c:57: error: expected expression before ')' token
configure:4651: $? = 1
configure: failed program was:
| /* confdefs.h */
| #define PACKAGE_NAME "FastJet"
| #define PACKAGE_TARNAME "fastjet"
| #define PACKAGE_VERSION "3.2.0"
| #define PACKAGE_STRING "FastJet 3.2.0"
| #define PACKAGE_BUGREPORT ""
| #define PACKAGE_URL ""
| #define PACKAGE "fastjet"
| #define VERSION "3.2.0"
| #define STDC_HEADERS 1
| #define HAVE_SYS_TYPES_H 1
| #define HAVE_SYS_STAT_H 1
| #define HAVE_STDLIB_H 1
| #define HAVE_STRING_H 1
| #define HAVE_MEMORY_H 1
| #define HAVE_STRINGS_H 1
| #define HAVE_INTTYPES_H 1
| #define HAVE_STDINT_H 1
| #define HAVE_UNISTD_H 1
| /* end confdefs.h.  */
| #include <stdio.h>
| #ifdef HAVE_SYS_TYPES_H
| # include <sys/types.h>
| #endif
| #ifdef HAVE_SYS_STAT_H
| # include <sys/stat.h>
| #endif
| #ifdef STDC_HEADERS
| # include <stdlib.h>
| # include <stddef.h>
| #else
| # ifdef HAVE_STDLIB_H
| #  include <stdlib.h>
| # endif
| #endif
| #ifdef HAVE_STRING_H
| # if !defined STDC_HEADERS && defined HAVE_MEMORY_H
| #  include <memory.h>
| # endif
| # include <string.h>
| #endif
| #ifdef HAVE_STRINGS_H
| # include <strings.h>
| #endif
| #ifdef HAVE_INTTYPES_H
| # include <inttypes.h>
| #endif
| #ifdef HAVE_STDINT_H
| # include <stdint.h>
| #endif
| #ifdef HAVE_UNISTD_H
| # include <unistd.h>
| #endif
| int
| main ()
| {
| if (sizeof ((int)))
| 	    return 0;
|   ;
|   return 0;
| }
configure:4651: result: yes
configure:4656: checking for long
configure:4656: gcc -c -g -O2  -DNDEBUG conftest.c >&5
configure:4656: $? = 0
configure:4656: gcc -c -g -O2  -DNDEBUG conftest.c >&5
conftest.c: In function 'main':
conftest.c:57: error: expected expression before ')' token
configure:4656: $? = 1
configure: failed program was:
| /* confdefs.h */
| #define PACKAGE_NAME "FastJet"
| #define PACKAGE_TARNAME "fastjet"
| #define PACKAGE_VERSION "3.2.0"
| #define PACKAGE_STRING "FastJet 3.2.0"
| #define PACKAGE_BUGREPORT ""
| #define PACKAGE_URL ""
| #define PACKAGE "fastjet"
| #define VERSION "3.2.0"
| #define STDC_HEADERS 1
| #define HAVE_SYS_TYPES_H 1
| #define HAVE_SYS_STAT_H 1
| #define HAVE_STDLIB_H 1
| #define HAVE_STRING_H 1
| #define HAVE_MEMORY_H 1
| #define HAVE_STRINGS_H 1
| #define HAVE_INTTYPES_H 1
| #define HAVE_STDINT_H 1
| #define HAVE_UNISTD_H 1
| /* end confdefs.h.  */
| #include <stdio.h>
| #ifdef HAVE_SYS_TYPES_H
| # include <sys/types.h>
| #endif
| #ifdef HAVE_SYS_STAT_H
| # include <sys/stat.h>
| #endif
| #ifdef STDC_HEADERS
| # include <stdlib.h>
| # include <stddef.h>
| #else
| # ifdef HAVE_STDLIB_H
| #  include <stdlib.h>
| # endif
| #endif
| #ifdef HAVE_STRING_H
| # if !defined STDC_HEADERS && defined HAVE_MEMORY_H
| #  include <memory.h>
| # endif
| # include <string.h>
| #endif
| #ifdef HAVE_STRINGS_H
| # include <strings.h>
| #endif
| #ifdef HAVE_INTTYPES_H
| # include <inttypes.h>
| #endif
| #ifdef HAVE_STDINT_H
| # include <stdint.h>
| #endif
| #ifdef HAVE_UNISTD_H
| # include <unistd.h>
| #endif
| int
| main ()
| {
| if (sizeof ((long)))
| 	    return 0;
|   ;
|   return 0;
| }
configure:4656: result: yes
configure:4728: checking for g++
configure:4744: found /usr/bin/g++
configure:4755: result: g++
configure:4782: checking for C++ compiler version
configure:4791: g++ --version >&5
g++ (GCC) 4.4.7 20120313 (Red Hat 4.4.7-16)
Copyright (C) 2010 Free Software Foundation, Inc.
This is free software; see the source for copying conditions.  There is NO
warranty; not even for MERCHANTABILITY or FITNESS FOR A PARTICULAR PURPOSE.

configure:4802: $? = 0
configure:4791: g++ -v >&5
Using built-in specs.
Target: x86_64-redhat-linux
Configured with: ../configure --prefix=/usr --mandir=/usr/share/man --infodir=/usr/share/info --with-bugurl=http://bugzilla.redhat.com/bugzilla --enable-bootstrap --enable-shared --enable-threads=posix --enable-checking=release --with-system-zlib --enable-__cxa_atexit --disable-libunwind-exceptions --enable-gnu-unique-object --enable-languages=c,c++,objc,obj-c++,java,fortran,ada --enable-java-awt=gtk --disable-dssi --with-java-home=/usr/lib/jvm/java-1.5.0-gcj-1.5.0.0/jre --enable-libgcj-multifile --enable-java-maintainer-mode --with-ecj-jar=/usr/share/java/eclipse-ecj.jar --disable-libjava-multilib --with-ppl --with-cloog --with-tune=generic --with-arch_32=i686 --build=x86_64-redhat-linux
Thread model: posix
gcc version 4.4.7 20120313 (Red Hat 4.4.7-16) (GCC) 
configure:4802: $? = 0
configure:4791: g++ -V >&5
g++: '-V' option must have argument
configure:4802: $? = 1
configure:4791: g++ -qversion >&5
g++: unrecognized option '-qversion'
g++: no input files
configure:4802: $? = 1
configure:4806: checking whether we are using the GNU C++ compiler
configure:4825: g++ -c -O2 -Wall  -DNDEBUG conftest.cpp >&5
configure:4825: $? = 0
configure:4834: result: yes
configure:4843: checking whether g++ accepts -g
configure:4863: g++ -c -g  -DNDEBUG conftest.cpp >&5
configure:4863: $? = 0
configure:4904: result: yes
configure:4929: checking dependency style of g++
configure:5040: result: gcc3
configure:5060: checking for g++
configure:5076: found /usr/bin/g++
configure:5088: result: yes
configure:5101: checking whether ln -s works
configure:5105: result: yes
configure:5112: checking for a sed that does not truncate output
configure:5176: result: /bin/sed
configure:5181: checking whether make sets $(MAKE)
configure:5203: result: yes
configure:5215: checking for ANSI C header files
configure:5319: result: yes
configure:5346: checking if g++ supports -Woverloaded-virtual flag
configure:5361: g++ -c -Woverloaded-virtual  -DNDEBUG conftest.cpp >&5
configure:5361: $? = 0
configure:5374: result: yes
configure:5408: checking if g++  -g  -Woverloaded-virtual  -O2 -Wall supports the "[[deprecated]]" keyword
configure:5422: g++ -c  -g  -Woverloaded-virtual  -O2 -Wall -Werror -Wno-error=deprecated-declarations  -DNDEBUG conftest.cpp >&5
conftest.cpp:23: error: expected unqualified-id before '[' token
conftest.cpp: In function 'int main()':
conftest.cpp:23: error: 'class A' has no member named 'test'
configure:5422: $? = 1
configure: failed program was:
| /* confdefs.h */
| #define PACKAGE_NAME "FastJet"
| #define PACKAGE_TARNAME "fastjet"
| #define PACKAGE_VERSION "3.2.0"
| #define PACKAGE_STRING "FastJet 3.2.0"
| #define PACKAGE_BUGREPORT ""
| #define PACKAGE_URL ""
| #define PACKAGE "fastjet"
| #define VERSION "3.2.0"
| #define STDC_HEADERS 1
| #define HAVE_SYS_TYPES_H 1
| #define HAVE_SYS_STAT_H 1
| #define HAVE_STDLIB_H 1
| #define HAVE_STRING_H 1
| #define HAVE_MEMORY_H 1
| #define HAVE_STRINGS_H 1
| #define HAVE_INTTYPES_H 1
| #define HAVE_STDINT_H 1
| #define HAVE_UNISTD_H 1
| #define STDC_HEADERS 1
| #define HAVE_AUTO_PTR_INTERFACE /**/
| /* end confdefs.h.  */
| class A{public:  [[deprecated]] void test() {}}; int main(void){ A a; a.test(); return 0;}
configure:5440: result: no
configure:5443: checking if g++  -g  -Woverloaded-virtual  -O2 -Wall supports the "__attribute__((deprecated))" keyword
configure:5457: g++ -c  -g  -Woverloaded-virtual  -O2 -Wall -Werror -Wno-error=deprecated-declarations  -DNDEBUG conftest.cpp >&5
conftest.cpp: In function 'int main()':
conftest.cpp:23: warning: 'void A::test()' is deprecated (declared at conftest.cpp:23)
configure:5457: $? = 0
configure:5475: result: yes
configure:5478: checking if g++  -g  -Woverloaded-virtual  -O2 -Wall supports the "override" keyword
configure:5492: g++ -c  -g  -Woverloaded-virtual  -O2 -Wall -Werror  -DNDEBUG conftest.cpp >&5
conftest.cpp:24: error: expected ';' before 'override'
conftest.cpp:24: error: expected ';' before '}' token
configure:5492: $? = 1
configure: failed program was:
| /* confdefs.h */
| #define PACKAGE_NAME "FastJet"
| #define PACKAGE_TARNAME "fastjet"
| #define PACKAGE_VERSION "3.2.0"
| #define PACKAGE_STRING "FastJet 3.2.0"
| #define PACKAGE_BUGREPORT ""
| #define PACKAGE_URL ""
| #define PACKAGE "fastjet"
| #define VERSION "3.2.0"
| #define STDC_HEADERS 1
| #define HAVE_SYS_TYPES_H 1
| #define HAVE_SYS_STAT_H 1
| #define HAVE_STDLIB_H 1
| #define HAVE_STRING_H 1
| #define HAVE_MEMORY_H 1
| #define HAVE_STRINGS_H 1
| #define HAVE_INTTYPES_H 1
| #define HAVE_STDINT_H 1
| #define HAVE_UNISTD_H 1
| #define STDC_HEADERS 1
| #define HAVE_AUTO_PTR_INTERFACE /**/
| #define HAVE_GNUCXX_DEPRECATED /**/
| /* end confdefs.h.  */
| class A{public: virtual void test(){}}; class B : public A{public: virtual void test() override{}}; int main(void){ B b; b.test(); return 0;}
configure:5510: result: no
configure:5513: checking if g++  -g  -Woverloaded-virtual  -O2 -Wall supports the "explicit" keyword for operators
configure:5527: g++ -c  -g  -Woverloaded-virtual  -O2 -Wall -Werror  -DNDEBUG conftest.cpp >&5
conftest.cpp:24: error: only declarations of constructors can be 'explicit'
configure:5527: $? = 1
configure: failed program was:
| /* confdefs.h */
| #define PACKAGE_NAME "FastJet"
| #define PACKAGE_TARNAME "fastjet"
| #define PACKAGE_VERSION "3.2.0"
| #define PACKAGE_STRING "FastJet 3.2.0"
| #define PACKAGE_BUGREPORT ""
| #define PACKAGE_URL ""
| #define PACKAGE "fastjet"
| #define VERSION "3.2.0"
| #define STDC_HEADERS 1
| #define HAVE_SYS_TYPES_H 1
| #define HAVE_SYS_STAT_H 1
| #define HAVE_STDLIB_H 1
| #define HAVE_STRING_H 1
| #define HAVE_MEMORY_H 1
| #define HAVE_STRINGS_H 1
| #define HAVE_INTTYPES_H 1
| #define HAVE_STDINT_H 1
| #define HAVE_UNISTD_H 1
| #define STDC_HEADERS 1
| #define HAVE_AUTO_PTR_INTERFACE /**/
| #define HAVE_GNUCXX_DEPRECATED /**/
| /* end confdefs.h.  */
| class A{public: explicit operator bool(){return true;}}; int main(void){ A a; bool b=bool(a); if (b) b=false; return 0;}
configure:5545: result: no
configure:5585: checking execinfo.h usability
configure:5585: gcc -c -g -O2  -DNDEBUG conftest.c >&5
configure:5585: $? = 0
configure:5585: result: yes
configure:5585: checking execinfo.h presence
configure:5585: gcc -E  -DNDEBUG conftest.c
configure:5585: $? = 0
configure:5585: result: yes
configure:5585: checking for execinfo.h
configure:5585: result: yes
configure:5596: checking for cos in -lm
configure:5621: gcc -o conftest -g -O2  -DNDEBUG  conftest.c -lm   >&5
conftest.c:32: warning: conflicting types for built-in function 'cos'
configure:5621: $? = 0
configure:5630: result: yes
configure:6137: checking if g++ supports -Wl,--enable-new-dtags flag
configure:6151: g++ -o conftest -Werror -Wl,--enable-new-dtags  -DNDEBUG  conftest.cpp -lm  >&5
configure:6151: $? = 0
configure:6165: result: yes
configure:6325: checking whether to build all plugins
configure:6362: result: not set
configure:6366: checking whether to build all CXX plugins
configure:6401: result: yes
configure:6432: checking whether to build plugin SISCone
configure:6470: result: yes
configure:6479: checking whether to build plugin CDFCones
configure:6516: result: yes
configure:6523: checking whether to build plugin PxCone
configure:6560: result: no
configure:6565: checking whether to build plugin D0RunIICone
configure:6602: result: yes
configure:6607: checking whether to build plugin NestedDefs
configure:6644: result: yes
configure:6649: checking whether to build plugin TrackJet
configure:6686: result: yes
configure:6691: checking whether to build plugin ATLASCone
configure:6728: result: yes
configure:6733: checking whether to build plugin CMSIterativeCone
configure:6770: result: yes
configure:6775: checking whether to build plugin EECambridge
configure:6812: result: yes
configure:6817: checking whether to build plugin Jade
configure:6854: result: yes
configure:6859: checking whether to build plugin D0RunICone
configure:6896: result: yes
configure:6901: checking whether to build plugin GridJet
configure:6938: result: yes
configure:6972: checking build system type
configure:6986: result: x86_64-pc-linux-gnu
configure:7006: checking host system type
configure:7019: result: x86_64-pc-linux-gnu
configure:7060: checking how to print strings
configure:7087: result: printf
configure:7108: checking for a sed that does not truncate output
configure:7172: result: /bin/sed
configure:7190: checking for fgrep
configure:7252: result: /bin/grep -F
configure:7287: checking for ld used by gcc
configure:7354: result: /usr/bin/ld
configure:7361: checking if the linker (/usr/bin/ld) is GNU ld
configure:7376: result: yes
configure:7388: checking for BSD- or MS-compatible name lister (nm)
configure:7442: result: /usr/bin/nm -B
configure:7572: checking the name lister (/usr/bin/nm -B) interface
configure:7579: gcc -c -g -O2  -DNDEBUG conftest.c >&5
configure:7582: /usr/bin/nm -B "conftest.o"
configure:7585: output
0000000000000000 B some_variable
configure:7592: result: BSD nm
configure:7596: checking the maximum length of command line arguments
configure:7727: result: 1966080
configure:7775: checking how to convert x86_64-pc-linux-gnu file names to x86_64-pc-linux-gnu format
configure:7815: result: func_convert_file_noop
configure:7822: checking how to convert x86_64-pc-linux-gnu file names to toolchain format
configure:7842: result: func_convert_file_noop
configure:7849: checking for /usr/bin/ld option to reload object files
configure:7856: result: -r
configure:7930: checking for objdump
configure:7946: found /usr/bin/objdump
configure:7957: result: objdump
configure:7989: checking how to recognize dependent libraries
configure:8189: result: pass_all
configure:8274: checking for dlltool
configure:8304: result: no
configure:8334: checking how to associate runtime and link libraries
configure:8361: result: printf %s\n
configure:8421: checking for ar
configure:8437: found /usr/bin/ar
configure:8448: result: ar
configure:8485: checking for archiver @FILE support
configure:8502: gcc -c -g -O2  -DNDEBUG conftest.c >&5
configure:8502: $? = 0
configure:8505: ar cru libconftest.a @conftest.lst >&5
configure:8508: $? = 0
configure:8513: ar cru libconftest.a @conftest.lst >&5
ar: conftest.o: No such file or directory
configure:8516: $? = 1
configure:8528: result: @
configure:8586: checking for strip
configure:8602: found /usr/bin/strip
configure:8613: result: strip
configure:8685: checking for ranlib
configure:8701: found /usr/bin/ranlib
configure:8712: result: ranlib
configure:8814: checking command to parse /usr/bin/nm -B output from gcc object
configure:8967: gcc -c -g -O2  -DNDEBUG conftest.c >&5
configure:8970: $? = 0
configure:8974: /usr/bin/nm -B conftest.o \| sed -n -e 's/^.*[ ]\([ABCDGIRSTW][ABCDGIRSTW]*\)[ ][ ]*\([_A-Za-z][_A-Za-z0-9]*\)$/\1 \2 \2/p' | sed '/ __gnu_lto/d' \> conftest.nm
configure:8977: $? = 0
configure:9043: gcc -o conftest -g -O2  -DNDEBUG  conftest.c conftstm.o >&5
configure:9046: $? = 0
configure:9084: result: ok
configure:9131: checking for sysroot
configure:9161: result: no
configure:9168: checking for a working dd
configure:9206: result: /bin/dd
configure:9210: checking how to truncate binary pipes
configure:9225: result: /bin/dd bs=4096 count=1
configure:9361: gcc -c -g -O2  -DNDEBUG conftest.c >&5
configure:9364: $? = 0
configure:9554: checking for mt
configure:9584: result: no
configure:9604: checking if : is a manifest tool
configure:9610: : '-?'
configure:9618: result: no
configure:10292: checking for dlfcn.h
configure:10292: gcc -c -g -O2  -DNDEBUG conftest.c >&5
configure:10292: $? = 0
configure:10292: result: yes
configure:10528: checking for objdir
configure:10543: result: .libs
configure:10807: checking if gcc supports -fno-rtti -fno-exceptions
configure:10825: gcc -c -g -O2  -DNDEBUG -fno-rtti -fno-exceptions conftest.c >&5
cc1: warning: command line option "-fno-rtti" is valid for C++/ObjC++ but not for C
configure:10829: $? = 0
configure:10842: result: no
configure:11200: checking for gcc option to produce PIC
configure:11207: result: -fPIC -DPIC
configure:11215: checking if gcc PIC flag -fPIC -DPIC works
configure:11233: gcc -c -g -O2  -DNDEBUG -fPIC -DPIC -DPIC conftest.c >&5
configure:11237: $? = 0
configure:11250: result: yes
configure:11279: checking if gcc static flag -static works
configure:11307: result: yes
configure:11322: checking if gcc supports -c -o file.o
configure:11343: gcc -c -g -O2  -DNDEBUG -o out/conftest2.o conftest.c >&5
configure:11347: $? = 0
configure:11369: result: yes
configure:11377: checking if gcc supports -c -o file.o
configure:11424: result: yes
configure:11457: checking whether the gcc linker (/usr/bin/ld -m elf_x86_64) supports shared libraries
configure:12720: result: yes
configure:12757: checking whether -lc should be explicitly linked in
configure:12765: gcc -c -g -O2  -DNDEBUG conftest.c >&5
configure:12768: $? = 0
configure:12783: gcc -shared  -fPIC -DPIC conftest.o  -v -Wl,-soname -Wl,conftest -o conftest 2\>\&1 \| /bin/grep  -lc  \>/dev/null 2\>\&1
configure:12786: $? = 0
configure:12800: result: no
configure:12960: checking dynamic linker characteristics
configure:13541: gcc -o conftest -g -O2  -DNDEBUG  -Wl,-rpath -Wl,/foo conftest.c -lm  >&5
configure:13541: $? = 0
configure:13790: result: GNU/Linux ld.so
configure:13912: checking how to hardcode library paths into programs
configure:13937: result: immediate
configure:14485: checking whether stripping libraries is possible
configure:14490: result: yes
configure:14525: checking if libtool supports shared libraries
configure:14527: result: yes
configure:14530: checking whether to build shared libraries
configure:14555: result: yes
configure:14558: checking whether to build static libraries
configure:14562: result: yes
configure:14585: checking how to run the C++ preprocessor
configure:14612: g++ -E  -DNDEBUG conftest.cpp
configure:14612: $? = 0
configure:14626: g++ -E  -DNDEBUG conftest.cpp
conftest.cpp:39:28: error: ac_nonexistent.h: No such file or directory
configure:14626: $? = 1
configure: failed program was:
| /* confdefs.h */
| #define PACKAGE_NAME "FastJet"
| #define PACKAGE_TARNAME "fastjet"
| #define PACKAGE_VERSION "3.2.0"
| #define PACKAGE_STRING "FastJet 3.2.0"
| #define PACKAGE_BUGREPORT ""
| #define PACKAGE_URL ""
| #define PACKAGE "fastjet"
| #define VERSION "3.2.0"
| #define STDC_HEADERS 1
| #define HAVE_SYS_TYPES_H 1
| #define HAVE_SYS_STAT_H 1
| #define HAVE_STDLIB_H 1
| #define HAVE_STRING_H 1
| #define HAVE_MEMORY_H 1
| #define HAVE_STRINGS_H 1
| #define HAVE_INTTYPES_H 1
| #define HAVE_STDINT_H 1
| #define HAVE_UNISTD_H 1
| #define STDC_HEADERS 1
| #define HAVE_AUTO_PTR_INTERFACE /**/
| #define HAVE_GNUCXX_DEPRECATED /**/
| #define HAVE_EXECINFO_H 1
| #define HAVE_LIBM 1
| #define ENABLE_PLUGIN_SISCONE /**/
| #define ENABLE_PLUGIN_CDFCONES /**/
| #define ENABLE_PLUGIN_D0RUNIICONE /**/
| #define ENABLE_PLUGIN_NESTEDDEFS /**/
| #define ENABLE_PLUGIN_TRACKJET /**/
| #define ENABLE_PLUGIN_ATLASCONE /**/
| #define ENABLE_PLUGIN_CMSITERATIVECONE /**/
| #define ENABLE_PLUGIN_EECAMBRIDGE /**/
| #define ENABLE_PLUGIN_JADE /**/
| #define ENABLE_PLUGIN_D0RUNICONE /**/
| #define ENABLE_PLUGIN_GRIDJET /**/
| #define HAVE_DLFCN_H 1
| #define LT_OBJDIR ".libs/"
| /* end confdefs.h.  */
| #include <ac_nonexistent.h>
configure:14651: result: g++ -E
configure:14671: g++ -E  -DNDEBUG conftest.cpp
configure:14671: $? = 0
configure:14685: g++ -E  -DNDEBUG conftest.cpp
conftest.cpp:39:28: error: ac_nonexistent.h: No such file or directory
configure:14685: $? = 1
configure: failed program was:
| /* confdefs.h */
| #define PACKAGE_NAME "FastJet"
| #define PACKAGE_TARNAME "fastjet"
| #define PACKAGE_VERSION "3.2.0"
| #define PACKAGE_STRING "FastJet 3.2.0"
| #define PACKAGE_BUGREPORT ""
| #define PACKAGE_URL ""
| #define PACKAGE "fastjet"
| #define VERSION "3.2.0"
| #define STDC_HEADERS 1
| #define HAVE_SYS_TYPES_H 1
| #define HAVE_SYS_STAT_H 1
| #define HAVE_STDLIB_H 1
| #define HAVE_STRING_H 1
| #define HAVE_MEMORY_H 1
| #define HAVE_STRINGS_H 1
| #define HAVE_INTTYPES_H 1
| #define HAVE_STDINT_H 1
| #define HAVE_UNISTD_H 1
| #define STDC_HEADERS 1
| #define HAVE_AUTO_PTR_INTERFACE /**/
| #define HAVE_GNUCXX_DEPRECATED /**/
| #define HAVE_EXECINFO_H 1
| #define HAVE_LIBM 1
| #define ENABLE_PLUGIN_SISCONE /**/
| #define ENABLE_PLUGIN_CDFCONES /**/
| #define ENABLE_PLUGIN_D0RUNIICONE /**/
| #define ENABLE_PLUGIN_NESTEDDEFS /**/
| #define ENABLE_PLUGIN_TRACKJET /**/
| #define ENABLE_PLUGIN_ATLASCONE /**/
| #define ENABLE_PLUGIN_CMSITERATIVECONE /**/
| #define ENABLE_PLUGIN_EECAMBRIDGE /**/
| #define ENABLE_PLUGIN_JADE /**/
| #define ENABLE_PLUGIN_D0RUNICONE /**/
| #define ENABLE_PLUGIN_GRIDJET /**/
| #define HAVE_DLFCN_H 1
| #define LT_OBJDIR ".libs/"
| /* end confdefs.h.  */
| #include <ac_nonexistent.h>
configure:14847: checking for ld used by g++
configure:14914: result: /usr/bin/ld -m elf_x86_64
configure:14921: checking if the linker (/usr/bin/ld -m elf_x86_64) is GNU ld
configure:14936: result: yes
configure:14991: checking whether the g++ linker (/usr/bin/ld -m elf_x86_64) supports shared libraries
configure:16064: result: yes
configure:16100: g++ -c -O2 -Wall  -DNDEBUG conftest.cpp >&5
configure:16103: $? = 0
configure:16584: checking for g++ option to produce PIC
configure:16591: result: -fPIC -DPIC
configure:16599: checking if g++ PIC flag -fPIC -DPIC works
configure:16617: g++ -c -O2 -Wall  -DNDEBUG -fPIC -DPIC -DPIC conftest.cpp >&5
configure:16621: $? = 0
configure:16634: result: yes
configure:16657: checking if g++ static flag -static works
configure:16685: result: yes
configure:16697: checking if g++ supports -c -o file.o
configure:16718: g++ -c -O2 -Wall  -DNDEBUG -o out/conftest2.o conftest.cpp >&5
configure:16722: $? = 0
configure:16744: result: yes
configure:16749: checking if g++ supports -c -o file.o
configure:16796: result: yes
configure:16826: checking whether the g++ linker (/usr/bin/ld -m elf_x86_64) supports shared libraries
configure:16869: result: yes
configure:17010: checking dynamic linker characteristics
configure:17767: result: GNU/Linux ld.so
configure:17832: checking how to hardcode library paths into programs
configure:17857: result: immediate
configure:21619: checking if g++ supports -fno-inline
configure:21633: g++ -o conftest -Werror -fno-inline  -DNDEBUG  conftest.cpp -lm  >&5
configure:21633: $? = 0
configure:21647: result: yes
configure:21947: creating ./config.status

## ---------------------- ##
## Running config.status. ##
## ---------------------- ##

This file was extended by FastJet config.status 3.2.0, which was
generated by GNU Autoconf 2.69.  Invocation command line was

  CONFIG_FILES    = 
  CONFIG_HEADERS  = 
  CONFIG_LINKS    = 
  CONFIG_COMMANDS = 
  $ ./config.status 

on zebra03.spa.umn.edu

config.status:1310: creating plugins/Makefile
config.status:1310: creating plugins/SISCone/Makefile
config.status:1310: creating plugins/SISCone/fastjet/Makefile
config.status:1310: creating plugins/CDFCones/Makefile
config.status:1310: creating plugins/CDFCones/fastjet/Makefile
config.status:1310: creating plugins/CDFCones/CDFcode/Makefile
config.status:1310: creating plugins/PxCone/Makefile
config.status:1310: creating plugins/PxCone/fastjet/Makefile
config.status:1310: creating plugins/D0RunIICone/Makefile
config.status:1310: creating plugins/D0RunIICone/fastjet/Makefile
config.status:1310: creating plugins/NestedDefs/Makefile
config.status:1310: creating plugins/NestedDefs/fastjet/Makefile
config.status:1310: creating plugins/TrackJet/Makefile
config.status:1310: creating plugins/TrackJet/fastjet/Makefile
config.status:1310: creating plugins/ATLASCone/Makefile
config.status:1310: creating plugins/ATLASCone/fastjet/Makefile
config.status:1310: creating plugins/CMSIterativeCone/Makefile
config.status:1310: creating plugins/CMSIterativeCone/fastjet/Makefile
config.status:1310: creating plugins/EECambridge/Makefile
config.status:1310: creating plugins/EECambridge/fastjet/Makefile
config.status:1310: creating plugins/Jade/Makefile
config.status:1310: creating plugins/Jade/fastjet/Makefile
config.status:1310: creating plugins/D0RunICone/Makefile
config.status:1310: creating plugins/D0RunICone/fastjet/Makefile
config.status:1310: creating plugins/GridJet/Makefile
config.status:1310: creating plugins/GridJet/fastjet/Makefile
config.status:1310: creating tools/Makefile
config.status:1310: creating tools/fastjet/Makefile
config.status:1310: creating tools/fastjet/tools/Makefile
config.status:1310: creating example/Makefile
config.status:1310: creating example/data/Makefile
config.status:1310: creating example/root/Makefile
config.status:1310: creating doc/Makefile
config.status:1310: creating doc/figs/Makefile
config.status:1310: creating fastjet-config
config.status:1310: creating fortran_wrapper/Makefile
config.status:1310: creating Makefile
config.status:1310: creating src/Makefile
config.status:1310: creating include/Makefile
config.status:1310: creating include/fastjet/Makefile
config.status:1310: creating include/fastjet/internal/Makefile
config.status:1310: creating include/fastjet/config_raw.h
config.status:1491: include/fastjet/config_raw.h is unchanged
config.status:1539: executing include/fastjet/config_auto.h commands
config.status:1577: creating include/fastjet/config_auto.h - prefix FASTJET for include/fastjet/config_raw.h defines
config.status:1599: include/fastjet/config_auto.h is unchanged
config.status:1539: executing depfiles commands
config.status:1539: executing libtool commands
configure:24795: === configuring in plugins/SISCone/siscone (/home/aevans/CMS/phistar/rivet/fastjet-3.2.0/plugins/SISCone/siscone)
configure:24858: running /bin/sh ./configure --disable-option-checking '--prefix=/home/aevans/CMS/phistar/rivet/local'  '--enable-shared' '--enable-allcxxplugins' 'CPPFLAGS= -DNDEBUG' --cache-file=/dev/null --srcdir=.

## ---------------- ##
## Cache variables. ##
## ---------------- ##

ac_cv_build=x86_64-pc-linux-gnu
ac_cv_c_compiler_gnu=yes
ac_cv_cxx_compiler_gnu=yes
ac_cv_env_CCC_set=
ac_cv_env_CCC_value=
ac_cv_env_CC_set=
ac_cv_env_CC_value=
ac_cv_env_CFLAGS_set=
ac_cv_env_CFLAGS_value=
ac_cv_env_CPPFLAGS_set=set
ac_cv_env_CPPFLAGS_value=' -DNDEBUG'
ac_cv_env_CPP_set=
ac_cv_env_CPP_value=
ac_cv_env_CXXCPP_set=
ac_cv_env_CXXCPP_value=
ac_cv_env_CXXFLAGS_set=
ac_cv_env_CXXFLAGS_value=
ac_cv_env_CXX_set=
ac_cv_env_CXX_value=
ac_cv_env_FCFLAGS_set=
ac_cv_env_FCFLAGS_value=
ac_cv_env_FC_set=
ac_cv_env_FC_value=
ac_cv_env_LDFLAGS_set=
ac_cv_env_LDFLAGS_value=
ac_cv_env_LIBS_set=
ac_cv_env_LIBS_value=
ac_cv_env_LT_SYS_LIBRARY_PATH_set=
ac_cv_env_LT_SYS_LIBRARY_PATH_value=
ac_cv_env_build_alias_set=
ac_cv_env_build_alias_value=
ac_cv_env_host_alias_set=
ac_cv_env_host_alias_value=
ac_cv_env_target_alias_set=
ac_cv_env_target_alias_value=
ac_cv_header_dlfcn_h=yes
ac_cv_header_execinfo_h=yes
ac_cv_header_inttypes_h=yes
ac_cv_header_memory_h=yes
ac_cv_header_stdc=yes
ac_cv_header_stdint_h=yes
ac_cv_header_stdlib_h=yes
ac_cv_header_string_h=yes
ac_cv_header_strings_h=yes
ac_cv_header_sys_stat_h=yes
ac_cv_header_sys_types_h=yes
ac_cv_header_unistd_h=yes
ac_cv_host=x86_64-pc-linux-gnu
ac_cv_lib_m_cos=yes
ac_cv_objext=o
ac_cv_path_EGREP='/bin/grep -E'
ac_cv_path_FGREP='/bin/grep -F'
ac_cv_path_GREP=/bin/grep
ac_cv_path_SED=/bin/sed
ac_cv_path_install='/usr/bin/install -c'
ac_cv_path_lt_DD=/bin/dd
ac_cv_path_mkdir=/bin/mkdir
ac_cv_prog_AWK=gawk
ac_cv_prog_CPP='gcc -E'
ac_cv_prog_CXXCPP='g++ -E'
ac_cv_prog_ac_ct_AR=ar
ac_cv_prog_ac_ct_CC=gcc
ac_cv_prog_ac_ct_CXX=g++
ac_cv_prog_ac_ct_OBJDUMP=objdump
ac_cv_prog_ac_ct_RANLIB=ranlib
ac_cv_prog_ac_ct_STRIP=strip
ac_cv_prog_cc_c89=
ac_cv_prog_cc_g=yes
ac_cv_prog_cxx_found=yes
ac_cv_prog_cxx_g=yes
ac_cv_prog_make_make_set=yes
ac_cv_type_int=yes
ac_cv_type_long=yes
am_cv_CC_dependencies_compiler_type=gcc3
am_cv_CXX_dependencies_compiler_type=gcc3
am_cv_prog_tar_ustar=gnutar
lt_cv_ar_at_file=@
lt_cv_archive_cmds_need_lc=no
lt_cv_deplibs_check_method=pass_all
lt_cv_file_magic_cmd='$MAGIC_CMD'
lt_cv_file_magic_test_file=
lt_cv_ld_reload_flag=-r
lt_cv_nm_interface='BSD nm'
lt_cv_objdir=.libs
lt_cv_path_LD=/usr/bin/ld
lt_cv_path_LDCXX='/usr/bin/ld -m elf_x86_64'
lt_cv_path_NM='/usr/bin/nm -B'
lt_cv_path_mainfest_tool=no
lt_cv_prog_compiler_c_o=yes
lt_cv_prog_compiler_c_o_CXX=yes
lt_cv_prog_compiler_pic='-fPIC -DPIC'
lt_cv_prog_compiler_pic_CXX='-fPIC -DPIC'
lt_cv_prog_compiler_pic_works=yes
lt_cv_prog_compiler_pic_works_CXX=yes
lt_cv_prog_compiler_rtti_exceptions=no
lt_cv_prog_compiler_static_works=yes
lt_cv_prog_compiler_static_works_CXX=yes
lt_cv_prog_gnu_ld=yes
lt_cv_prog_gnu_ldcxx=yes
lt_cv_sharedlib_from_linklib_cmd='printf %s\n'
lt_cv_shlibpath_overrides_runpath=no
lt_cv_sys_global_symbol_pipe='sed -n -e '\''s/^.*[	 ]\([ABCDGIRSTW][ABCDGIRSTW]*\)[	 ][	 ]*\([_A-Za-z][_A-Za-z0-9]*\)$/\1 \2 \2/p'\'' | sed '\''/ __gnu_lto/d'\'''
lt_cv_sys_global_symbol_to_c_name_address='sed -n -e '\''s/^: \(.*\) .*$/  {"\1", (void *) 0},/p'\'' -e '\''s/^[ABCDGIRSTW][ABCDGIRSTW]* .* \(.*\)$/  {"\1", (void *) \&\1},/p'\'''
lt_cv_sys_global_symbol_to_c_name_address_lib_prefix='sed -n -e '\''s/^: \(.*\) .*$/  {"\1", (void *) 0},/p'\'' -e '\''s/^[ABCDGIRSTW][ABCDGIRSTW]* .* \(lib.*\)$/  {"\1", (void *) \&\1},/p'\'' -e '\''s/^[ABCDGIRSTW][ABCDGIRSTW]* .* \(.*\)$/  {"lib\1", (void *) \&\1},/p'\'''
lt_cv_sys_global_symbol_to_cdecl='sed -n -e '\''s/^T .* \(.*\)$/extern int \1();/p'\'' -e '\''s/^[ABCDGIRSTW][ABCDGIRSTW]* .* \(.*\)$/extern char \1;/p'\'''
lt_cv_sys_global_symbol_to_import=
lt_cv_sys_max_cmd_len=1966080
lt_cv_to_host_file_cmd=func_convert_file_noop
lt_cv_to_tool_file_cmd=func_convert_file_noop
lt_cv_truncate_bin='/bin/dd bs=4096 count=1'

## ----------------- ##
## Output variables. ##
## ----------------- ##

ACLOCAL='${SHELL} /home/aevans/CMS/phistar/rivet/fastjet-3.2.0/missing --run aclocal-1.11'
AMDEPBACKSLASH='\'
AMDEP_FALSE='#'
AMDEP_TRUE=''
AMTAR='$${TAR-tar}'
AM_CXXFLAGS='-O2 -Wall  -g  -Woverloaded-virtual  -DDROP_CGAL '
AM_FCFLAGS=''
AM_FFLAGS=''
AR='ar'
AUTOCONF='${SHELL} /home/aevans/CMS/phistar/rivet/fastjet-3.2.0/missing --run autoconf'
AUTOHEADER='${SHELL} /home/aevans/CMS/phistar/rivet/fastjet-3.2.0/missing --run autoheader'
AUTOMAKE='${SHELL} /home/aevans/CMS/phistar/rivet/fastjet-3.2.0/missing --run automake-1.11'
AWK='gawk'
BUILD_PLUGIN_ATLASCONE_FALSE='#'
BUILD_PLUGIN_ATLASCONE_TRUE=''
BUILD_PLUGIN_CDFCONES_FALSE='#'
BUILD_PLUGIN_CDFCONES_TRUE=''
BUILD_PLUGIN_CMSITERATIVECONE_FALSE='#'
BUILD_PLUGIN_CMSITERATIVECONE_TRUE=''
BUILD_PLUGIN_D0RUNICONE_FALSE='#'
BUILD_PLUGIN_D0RUNICONE_TRUE=''
BUILD_PLUGIN_D0RUNIICONE_FALSE='#'
BUILD_PLUGIN_D0RUNIICONE_TRUE=''
BUILD_PLUGIN_EECAMBRIDGE_FALSE='#'
BUILD_PLUGIN_EECAMBRIDGE_TRUE=''
BUILD_PLUGIN_GRIDJET_FALSE='#'
BUILD_PLUGIN_GRIDJET_TRUE=''
BUILD_PLUGIN_JADE_FALSE='#'
BUILD_PLUGIN_JADE_TRUE=''
BUILD_PLUGIN_NESTEDDEFS_FALSE='#'
BUILD_PLUGIN_NESTEDDEFS_TRUE=''
BUILD_PLUGIN_PXCONE_FALSE=''
BUILD_PLUGIN_PXCONE_TRUE='#'
BUILD_PLUGIN_SISCONE_FALSE='#'
BUILD_PLUGIN_SISCONE_TRUE=''
BUILD_PLUGIN_TRACKJET_FALSE='#'
BUILD_PLUGIN_TRACKJET_TRUE=''
CC='gcc'
CCDEPMODE='depmode=gcc3'
CFLAGS='-g -O2'
CGAL_CPPFLAGS=''
CGAL_LIBS=''
CONFIGURE_INVOCATION='./configure  '\''--prefix=/home/aevans/CMS/phistar/rivet/local'\'' '\''--enable-shared'\'' '\''--enable-allcxxplugins'\'' '\''CPPFLAGS= -DNDEBUG'\'''
CONFIG_CXXFLAGS=''
CONFIG_LIBS=' -lm '
CONFIG_LIBS_PLUGINS=' -lfastjetplugins  -lsiscone_spherical -lsiscone'
CONFIG_LIBS_PLUGINS_STATIC=' ${installationdir}/lib/libfastjetplugins.a  ${installationdir}/lib/libsiscone.a ${installationdir}/lib/libsiscone_spherical.a'
CONFIG_RUNPATH_FLAGS='-Wl,--enable-new-dtags'
CONFIG_SUMMARY='Configuration summary:\n----------------------\n  Installation directory     /home/aevans/CMS/phistar/rivet/local\n  Shared libraries           yes\n  Static libraries           yes\n  Debug flag                 yes\n  CGAL support               no\n  Plugins: EECambridge       yes\n           Jade              yes\n           NestedDefs        yes\n           SISCone           yes\n           CDFCones          yes\n           D0RunICone        yes\n           D0RunIICone       yes\n           ATLASCone         yes\n           CMSIterativeCone  yes\n           PxCone            no\n           TrackJet          yes\n           GridJet           yes\n  Monolithic plugins lib     yes\n'
CPP='gcc -E'
CPPFLAGS=' -DNDEBUG'
CXX='g++'
CXXCPP='g++ -E'
CXXDEPMODE='depmode=gcc3'
CXXFLAGS=''
CYGPATH_W='echo'
D0_CXXFLAGS='-O2 -Wall  -g  -Woverloaded-virtual  -DDROP_CGAL  -fno-inline'
DEFS='-DHAVE_CONFIG_H'
DEPDIR='.deps'
DLLTOOL='false'
DSYMUTIL=''
DUMPBIN=''
ECHO_C=''
ECHO_N='-n'
ECHO_T=''
EGREP='/bin/grep -E'
EXEEXT=''
F77=''
FC=''
FCFLAGS=''
FCLIBS=''
FFLAGS=''
FGREP='/bin/grep -F'
FLIBS=''
GREP='/bin/grep'
HAS_RUNPATH_SUPPORT='yes'
HAS_SHARED='yes'
INSTALL_DATA='${INSTALL} -m 644'
INSTALL_PROGRAM='${INSTALL}'
INSTALL_SCRIPT='${INSTALL}'
INSTALL_STRIP_PROGRAM='$(install_sh) -c -s'
LD='/usr/bin/ld -m elf_x86_64'
LDFLAGS=''
LIBOBJS=''
LIBS='-lm '
LIBTOOL='$(SHELL) $(top_builddir)/libtool'
LIPO=''
LIST_ALL_PLUGINS=' SISCone CDFCones D0RunIICone NestedDefs TrackJet ATLASCone CMSIterativeCone EECambridge Jade D0RunICone GridJet'
LN_S='ln -s'
LTLIBOBJS=''
LT_SYS_LIBRARY_PATH=''
MAKEINFO='${SHELL} /home/aevans/CMS/phistar/rivet/fastjet-3.2.0/missing --run makeinfo'
MANIFEST_TOOL=':'
MKDIR_P='/bin/mkdir -p'
MONOLITHIC_PLUGINS_FALSE='#'
MONOLITHIC_PLUGINS_TRUE=''
NM='/usr/bin/nm -B'
NMEDIT=''
OBJDUMP='objdump'
OBJEXT='o'
OTOOL64=''
OTOOL=''
PACKAGE='fastjet'
PACKAGE_BUGREPORT=''
PACKAGE_NAME='FastJet'
PACKAGE_STRING='FastJet 3.2.0'
PACKAGE_TARNAME='fastjet'
PACKAGE_URL=''
PACKAGE_VERSION='3.2.0'
PATH_SEPARATOR=':'
RANLIB='ranlib'
SED='/bin/sed'
SET_MAKE=''
SHELL='/bin/sh'
STRIP='strip'
VERSION='3.2.0'
ac_ct_AR='ar'
ac_ct_CC='gcc'
ac_ct_CXX='g++'
ac_ct_DUMPBIN=''
ac_ct_FC=''
am__EXEEXT_FALSE=''
am__EXEEXT_TRUE='#'
am__fastdepCC_FALSE='#'
am__fastdepCC_TRUE=''
am__fastdepCXX_FALSE='#'
am__fastdepCXX_TRUE=''
am__include='include'
am__isrc=''
am__leading_dot='.'
am__nodep='_no'
am__quote=''
am__tar='tar --format=ustar -chf - "$$tardir"'
am__untar='tar -xf -'
bindir='${exec_prefix}/bin'
build='x86_64-pc-linux-gnu'
build_alias=''
build_cpu='x86_64'
build_os='linux-gnu'
build_vendor='pc'
cxx_found='yes'
datadir='${datarootdir}'
datarootdir='${prefix}/share'
docdir='${datarootdir}/doc/${PACKAGE_TARNAME}'
dvidir='${docdir}'
exec_prefix='${prefix}'
host='x86_64-pc-linux-gnu'
host_alias=''
host_cpu='x86_64'
host_os='linux-gnu'
host_vendor='pc'
htmldir='${docdir}'
includedir='${prefix}/include'
infodir='${datarootdir}/info'
install_sh='${SHELL} /home/aevans/CMS/phistar/rivet/fastjet-3.2.0/install-sh'
libdir='${exec_prefix}/lib'
libexecdir='${exec_prefix}/libexec'
localedir='${datarootdir}/locale'
localstatedir='${prefix}/var'
mandir='${datarootdir}/man'
mkdir_p='/bin/mkdir -p'
oldincludedir='/usr/include'
pdfdir='${docdir}'
prefix='/home/aevans/CMS/phistar/rivet/local'
program_transform_name='s,x,x,'
psdir='${docdir}'
runstatedir='${localstatedir}/run'
sbindir='${exec_prefix}/sbin'
sharedstatedir='${prefix}/com'
subdirs=' plugins/SISCone/siscone'
sysconfdir='${prefix}/etc'
target_alias=''

## ----------- ##
## confdefs.h. ##
## ----------- ##

/* confdefs.h */
#define PACKAGE_NAME "FastJet"
#define PACKAGE_TARNAME "fastjet"
#define PACKAGE_VERSION "3.2.0"
#define PACKAGE_STRING "FastJet 3.2.0"
#define PACKAGE_BUGREPORT ""
#define PACKAGE_URL ""
#define PACKAGE "fastjet"
#define VERSION "3.2.0"
#define STDC_HEADERS 1
#define HAVE_SYS_TYPES_H 1
#define HAVE_SYS_STAT_H 1
#define HAVE_STDLIB_H 1
#define HAVE_STRING_H 1
#define HAVE_MEMORY_H 1
#define HAVE_STRINGS_H 1
#define HAVE_INTTYPES_H 1
#define HAVE_STDINT_H 1
#define HAVE_UNISTD_H 1
#define STDC_HEADERS 1
#define HAVE_AUTO_PTR_INTERFACE /**/
#define HAVE_GNUCXX_DEPRECATED /**/
#define HAVE_EXECINFO_H 1
#define HAVE_LIBM 1
#define ENABLE_PLUGIN_SISCONE /**/
#define ENABLE_PLUGIN_CDFCONES /**/
#define ENABLE_PLUGIN_D0RUNIICONE /**/
#define ENABLE_PLUGIN_NESTEDDEFS /**/
#define ENABLE_PLUGIN_TRACKJET /**/
#define ENABLE_PLUGIN_ATLASCONE /**/
#define ENABLE_PLUGIN_CMSITERATIVECONE /**/
#define ENABLE_PLUGIN_EECAMBRIDGE /**/
#define ENABLE_PLUGIN_JADE /**/
#define ENABLE_PLUGIN_D0RUNICONE /**/
#define ENABLE_PLUGIN_GRIDJET /**/
#define HAVE_DLFCN_H 1
#define LT_OBJDIR ".libs/"
#define VERSION_MAJOR 3
#define VERSION_MINOR 2
#define VERSION_PATCHLEVEL 0
#define VERSION_NUMBER 30200

configure: exit 0
