This file contains any messages produced by compilers while
running configure, to aid debugging if configure makes a mistake.

It was created by SISCone configure 3.0.2, which was
generated by GNU Autoconf 2.69.  Invocation command line was

  $ ./configure --disable-option-checking --prefix=/home/aevans/CMS/phistar/rivet/local --enable-shared --enable-allcxxplugins CPPFLAGS= -DNDEBUG --cache-file=/dev/null --srcdir=.

## --------- ##
## Platform. ##
## --------- ##

hostname = zebra03.spa.umn.edu
uname -m = x86_64
uname -r = 2.6.32-573.26.1.el6.x86_64
uname -s = Linux
uname -v = #1 SMP Tue May 3 14:22:07 CDT 2016

/usr/bin/uname -p = unknown
/bin/uname -X     = unknown

/bin/arch              = x86_64
/usr/bin/arch -k       = unknown
/usr/convex/getsysinfo = unknown
/usr/bin/hostinfo      = unknown
/bin/machine           = unknown
/usr/bin/oslevel       = unknown
/bin/universe          = unknown

PATH: /home/aevans/CMS/phistar/rivet/local/bin
PATH: /home/aevans/CMS/phistar/rivet/local/bin
PATH: /home/aevans/CMS/phistar/rivet/local/lib/../bin
PATH: /home/aevans/bin
PATH: /local/site/pkg/texlive/2015/bin/x86_64-linux
PATH: /usr/lib64/qt-3.3/bin
PATH: /home/aevans/bin
PATH: /usr/local/bin
PATH: /bin
PATH: /usr/bin
PATH: /home/aevans/CMS/oral/LHAPDF-6.1.5-bin/bin
PATH: /home/aevans/CMS/oral/fastjet-3.1.2-bin/bin
PATH: /home/aevans/bin


## ----------- ##
## Core tests. ##
## ----------- ##

configure:2360: checking for a BSD-compatible install
configure:2428: result: /usr/bin/install -c
configure:2439: checking whether build environment is sane
configure:2489: result: yes
configure:2630: checking for a thread-safe mkdir -p
configure:2669: result: /bin/mkdir -p
configure:2682: checking for gawk
configure:2698: found /bin/gawk
configure:2709: result: gawk
configure:2720: checking whether make sets $(MAKE)
configure:2742: result: yes
configure:2839: checking for style of include used by make
configure:2867: result: GNU
configure:2938: checking for gcc
configure:2954: found /usr/bin/gcc
configure:2965: result: gcc
configure:3194: checking for C compiler version
configure:3203: gcc --version >&5
gcc (GCC) 4.4.7 20120313 (Red Hat 4.4.7-16)
Copyright (C) 2010 Free Software Foundation, Inc.
This is free software; see the source for copying conditions.  There is NO
warranty; not even for MERCHANTABILITY or FITNESS FOR A PARTICULAR PURPOSE.

configure:3214: $? = 0
configure:3203: gcc -v >&5
Using built-in specs.
Target: x86_64-redhat-linux
Configured with: ../configure --prefix=/usr --mandir=/usr/share/man --infodir=/usr/share/info --with-bugurl=http://bugzilla.redhat.com/bugzilla --enable-bootstrap --enable-shared --enable-threads=posix --enable-checking=release --with-system-zlib --enable-__cxa_atexit --disable-libunwind-exceptions --enable-gnu-unique-object --enable-languages=c,c++,objc,obj-c++,java,fortran,ada --enable-java-awt=gtk --disable-dssi --with-java-home=/usr/lib/jvm/java-1.5.0-gcj-1.5.0.0/jre --enable-libgcj-multifile --enable-java-maintainer-mode --with-ecj-jar=/usr/share/java/eclipse-ecj.jar --disable-libjava-multilib --with-ppl --with-cloog --with-tune=generic --with-arch_32=i686 --build=x86_64-redhat-linux
Thread model: posix
gcc version 4.4.7 20120313 (Red Hat 4.4.7-16) (GCC) 
configure:3214: $? = 0
configure:3203: gcc -V >&5
gcc: '-V' option must have argument
configure:3214: $? = 1
configure:3203: gcc -qversion >&5
gcc: unrecognized option '-qversion'
gcc: no input files
configure:3214: $? = 1
configure:3234: checking whether the C compiler works
configure:3256: gcc   -DNDEBUG  conftest.c  >&5
configure:3260: $? = 0
configure:3308: result: yes
configure:3311: checking for C compiler default output file name
configure:3313: result: a.out
configure:3319: checking for suffix of executables
configure:3326: gcc -o conftest   -DNDEBUG  conftest.c  >&5
configure:3330: $? = 0
configure:3352: result: 
configure:3374: checking whether we are cross compiling
configure:3382: gcc -o conftest   -DNDEBUG  conftest.c  >&5
configure:3386: $? = 0
configure:3393: ./conftest
configure:3397: $? = 0
configure:3412: result: no
configure:3417: checking for suffix of object files
configure:3439: gcc -c   -DNDEBUG conftest.c >&5
configure:3443: $? = 0
configure:3464: result: o
configure:3468: checking whether we are using the GNU C compiler
configure:3487: gcc -c   -DNDEBUG conftest.c >&5
configure:3487: $? = 0
configure:3496: result: yes
configure:3505: checking whether gcc accepts -g
configure:3525: gcc -c -g  -DNDEBUG conftest.c >&5
configure:3525: $? = 0
configure:3566: result: yes
configure:3583: checking for gcc option to accept ISO C89
configure:3646: gcc  -c -g -O2  -DNDEBUG conftest.c >&5
configure:3646: $? = 0
configure:3659: result: none needed
configure:3681: checking dependency style of gcc
configure:3792: result: gcc3
configure:3813: checking how to run the C preprocessor
configure:3844: gcc -E  -DNDEBUG conftest.c
configure:3844: $? = 0
configure:3858: gcc -E  -DNDEBUG conftest.c
conftest.c:11:28: error: ac_nonexistent.h: No such file or directory
configure:3858: $? = 1
configure: failed program was:
| /* confdefs.h */
| #define PACKAGE_NAME "SISCone"
| #define PACKAGE_TARNAME "siscone"
| #define PACKAGE_VERSION "3.0.2"
| #define PACKAGE_STRING "SISCone 3.0.2"
| #define PACKAGE_BUGREPORT ""
| #define PACKAGE_URL ""
| #define PACKAGE "siscone"
| #define VERSION "3.0.2"
| /* end confdefs.h.  */
| #include <ac_nonexistent.h>
configure:3883: result: gcc -E
configure:3903: gcc -E  -DNDEBUG conftest.c
configure:3903: $? = 0
configure:3917: gcc -E  -DNDEBUG conftest.c
conftest.c:11:28: error: ac_nonexistent.h: No such file or directory
configure:3917: $? = 1
configure: failed program was:
| /* confdefs.h */
| #define PACKAGE_NAME "SISCone"
| #define PACKAGE_TARNAME "siscone"
| #define PACKAGE_VERSION "3.0.2"
| #define PACKAGE_STRING "SISCone 3.0.2"
| #define PACKAGE_BUGREPORT ""
| #define PACKAGE_URL ""
| #define PACKAGE "siscone"
| #define VERSION "3.0.2"
| /* end confdefs.h.  */
| #include <ac_nonexistent.h>
configure:3946: checking for grep that handles long lines and -e
configure:4004: result: /bin/grep
configure:4009: checking for egrep
configure:4071: result: /bin/grep -E
configure:4076: checking for ANSI C header files
configure:4096: gcc -c -g -O2  -DNDEBUG conftest.c >&5
configure:4096: $? = 0
configure:4169: gcc -o conftest -g -O2  -DNDEBUG  conftest.c  >&5
configure:4169: $? = 0
configure:4169: ./conftest
configure:4169: $? = 0
configure:4180: result: yes
configure:4193: checking for sys/types.h
configure:4193: gcc -c -g -O2  -DNDEBUG conftest.c >&5
configure:4193: $? = 0
configure:4193: result: yes
configure:4193: checking for sys/stat.h
configure:4193: gcc -c -g -O2  -DNDEBUG conftest.c >&5
configure:4193: $? = 0
configure:4193: result: yes
configure:4193: checking for stdlib.h
configure:4193: gcc -c -g -O2  -DNDEBUG conftest.c >&5
configure:4193: $? = 0
configure:4193: result: yes
configure:4193: checking for string.h
configure:4193: gcc -c -g -O2  -DNDEBUG conftest.c >&5
configure:4193: $? = 0
configure:4193: result: yes
configure:4193: checking for memory.h
configure:4193: gcc -c -g -O2  -DNDEBUG conftest.c >&5
configure:4193: $? = 0
configure:4193: result: yes
configure:4193: checking for strings.h
configure:4193: gcc -c -g -O2  -DNDEBUG conftest.c >&5
configure:4193: $? = 0
configure:4193: result: yes
configure:4193: checking for inttypes.h
configure:4193: gcc -c -g -O2  -DNDEBUG conftest.c >&5
configure:4193: $? = 0
configure:4193: result: yes
configure:4193: checking for stdint.h
configure:4193: gcc -c -g -O2  -DNDEBUG conftest.c >&5
configure:4193: $? = 0
configure:4193: result: yes
configure:4193: checking for unistd.h
configure:4193: gcc -c -g -O2  -DNDEBUG conftest.c >&5
configure:4193: $? = 0
configure:4193: result: yes
configure:4205: checking for int
configure:4205: gcc -c -g -O2  -DNDEBUG conftest.c >&5
configure:4205: $? = 0
configure:4205: gcc -c -g -O2  -DNDEBUG conftest.c >&5
conftest.c: In function 'main':
conftest.c:57: error: expected expression before ')' token
configure:4205: $? = 1
configure: failed program was:
| /* confdefs.h */
| #define PACKAGE_NAME "SISCone"
| #define PACKAGE_TARNAME "siscone"
| #define PACKAGE_VERSION "3.0.2"
| #define PACKAGE_STRING "SISCone 3.0.2"
| #define PACKAGE_BUGREPORT ""
| #define PACKAGE_URL ""
| #define PACKAGE "siscone"
| #define VERSION "3.0.2"
| #define STDC_HEADERS 1
| #define HAVE_SYS_TYPES_H 1
| #define HAVE_SYS_STAT_H 1
| #define HAVE_STDLIB_H 1
| #define HAVE_STRING_H 1
| #define HAVE_MEMORY_H 1
| #define HAVE_STRINGS_H 1
| #define HAVE_INTTYPES_H 1
| #define HAVE_STDINT_H 1
| #define HAVE_UNISTD_H 1
| /* end confdefs.h.  */
| #include <stdio.h>
| #ifdef HAVE_SYS_TYPES_H
| # include <sys/types.h>
| #endif
| #ifdef HAVE_SYS_STAT_H
| # include <sys/stat.h>
| #endif
| #ifdef STDC_HEADERS
| # include <stdlib.h>
| # include <stddef.h>
| #else
| # ifdef HAVE_STDLIB_H
| #  include <stdlib.h>
| # endif
| #endif
| #ifdef HAVE_STRING_H
| # if !defined STDC_HEADERS && defined HAVE_MEMORY_H
| #  include <memory.h>
| # endif
| # include <string.h>
| #endif
| #ifdef HAVE_STRINGS_H
| # include <strings.h>
| #endif
| #ifdef HAVE_INTTYPES_H
| # include <inttypes.h>
| #endif
| #ifdef HAVE_STDINT_H
| # include <stdint.h>
| #endif
| #ifdef HAVE_UNISTD_H
| # include <unistd.h>
| #endif
| int
| main ()
| {
| if (sizeof ((int)))
| 	    return 0;
|   ;
|   return 0;
| }
configure:4205: result: yes
configure:4210: checking for long
configure:4210: gcc -c -g -O2  -DNDEBUG conftest.c >&5
configure:4210: $? = 0
configure:4210: gcc -c -g -O2  -DNDEBUG conftest.c >&5
conftest.c: In function 'main':
conftest.c:57: error: expected expression before ')' token
configure:4210: $? = 1
configure: failed program was:
| /* confdefs.h */
| #define PACKAGE_NAME "SISCone"
| #define PACKAGE_TARNAME "siscone"
| #define PACKAGE_VERSION "3.0.2"
| #define PACKAGE_STRING "SISCone 3.0.2"
| #define PACKAGE_BUGREPORT ""
| #define PACKAGE_URL ""
| #define PACKAGE "siscone"
| #define VERSION "3.0.2"
| #define STDC_HEADERS 1
| #define HAVE_SYS_TYPES_H 1
| #define HAVE_SYS_STAT_H 1
| #define HAVE_STDLIB_H 1
| #define HAVE_STRING_H 1
| #define HAVE_MEMORY_H 1
| #define HAVE_STRINGS_H 1
| #define HAVE_INTTYPES_H 1
| #define HAVE_STDINT_H 1
| #define HAVE_UNISTD_H 1
| /* end confdefs.h.  */
| #include <stdio.h>
| #ifdef HAVE_SYS_TYPES_H
| # include <sys/types.h>
| #endif
| #ifdef HAVE_SYS_STAT_H
| # include <sys/stat.h>
| #endif
| #ifdef STDC_HEADERS
| # include <stdlib.h>
| # include <stddef.h>
| #else
| # ifdef HAVE_STDLIB_H
| #  include <stdlib.h>
| # endif
| #endif
| #ifdef HAVE_STRING_H
| # if !defined STDC_HEADERS && defined HAVE_MEMORY_H
| #  include <memory.h>
| # endif
| # include <string.h>
| #endif
| #ifdef HAVE_STRINGS_H
| # include <strings.h>
| #endif
| #ifdef HAVE_INTTYPES_H
| # include <inttypes.h>
| #endif
| #ifdef HAVE_STDINT_H
| # include <stdint.h>
| #endif
| #ifdef HAVE_UNISTD_H
| # include <unistd.h>
| #endif
| int
| main ()
| {
| if (sizeof ((long)))
| 	    return 0;
|   ;
|   return 0;
| }
configure:4210: result: yes
configure:4276: checking for g++
configure:4292: found /usr/bin/g++
configure:4303: result: g++
configure:4330: checking for C++ compiler version
configure:4339: g++ --version >&5
g++ (GCC) 4.4.7 20120313 (Red Hat 4.4.7-16)
Copyright (C) 2010 Free Software Foundation, Inc.
This is free software; see the source for copying conditions.  There is NO
warranty; not even for MERCHANTABILITY or FITNESS FOR A PARTICULAR PURPOSE.

configure:4350: $? = 0
configure:4339: g++ -v >&5
Using built-in specs.
Target: x86_64-redhat-linux
Configured with: ../configure --prefix=/usr --mandir=/usr/share/man --infodir=/usr/share/info --with-bugurl=http://bugzilla.redhat.com/bugzilla --enable-bootstrap --enable-shared --enable-threads=posix --enable-checking=release --with-system-zlib --enable-__cxa_atexit --disable-libunwind-exceptions --enable-gnu-unique-object --enable-languages=c,c++,objc,obj-c++,java,fortran,ada --enable-java-awt=gtk --disable-dssi --with-java-home=/usr/lib/jvm/java-1.5.0-gcj-1.5.0.0/jre --enable-libgcj-multifile --enable-java-maintainer-mode --with-ecj-jar=/usr/share/java/eclipse-ecj.jar --disable-libjava-multilib --with-ppl --with-cloog --with-tune=generic --with-arch_32=i686 --build=x86_64-redhat-linux
Thread model: posix
gcc version 4.4.7 20120313 (Red Hat 4.4.7-16) (GCC) 
configure:4350: $? = 0
configure:4339: g++ -V >&5
g++: '-V' option must have argument
configure:4350: $? = 1
configure:4339: g++ -qversion >&5
g++: unrecognized option '-qversion'
g++: no input files
configure:4350: $? = 1
configure:4354: checking whether we are using the GNU C++ compiler
configure:4373: g++ -c -O3 -Wall -ffast-math  -DNDEBUG conftest.cpp >&5
configure:4373: $? = 0
configure:4382: result: yes
configure:4391: checking whether g++ accepts -g
configure:4411: g++ -c -g  -DNDEBUG conftest.cpp >&5
configure:4411: $? = 0
configure:4452: result: yes
configure:4477: checking dependency style of g++
configure:4588: result: gcc3
configure:4604: checking whether ln -s works
configure:4608: result: yes
configure:4615: checking whether make sets $(MAKE)
configure:4637: result: yes
configure:4647: checking for ANSI C header files
configure:4751: result: yes
configure:4775: checking for cos in -lm
configure:4800: gcc -o conftest -g -O2  -DNDEBUG  conftest.c -lm   >&5
conftest.c:29: warning: conflicting types for built-in function 'cos'
configure:4800: $? = 0
configure:4809: result: yes
configure:4851: checking build system type
configure:4865: result: x86_64-pc-linux-gnu
configure:4885: checking host system type
configure:4898: result: x86_64-pc-linux-gnu
configure:4939: checking how to print strings
configure:4966: result: printf
configure:4987: checking for a sed that does not truncate output
configure:5051: result: /bin/sed
configure:5069: checking for fgrep
configure:5131: result: /bin/grep -F
configure:5166: checking for ld used by gcc
configure:5233: result: /usr/bin/ld
configure:5240: checking if the linker (/usr/bin/ld) is GNU ld
configure:5255: result: yes
configure:5267: checking for BSD- or MS-compatible name lister (nm)
configure:5321: result: /usr/bin/nm -B
configure:5451: checking the name lister (/usr/bin/nm -B) interface
configure:5458: gcc -c -g -O2  -DNDEBUG conftest.c >&5
configure:5461: /usr/bin/nm -B "conftest.o"
configure:5464: output
0000000000000000 B some_variable
configure:5471: result: BSD nm
configure:5475: checking the maximum length of command line arguments
configure:5606: result: 1966080
configure:5654: checking how to convert x86_64-pc-linux-gnu file names to x86_64-pc-linux-gnu format
configure:5694: result: func_convert_file_noop
configure:5701: checking how to convert x86_64-pc-linux-gnu file names to toolchain format
configure:5721: result: func_convert_file_noop
configure:5728: checking for /usr/bin/ld option to reload object files
configure:5735: result: -r
configure:5809: checking for objdump
configure:5825: found /usr/bin/objdump
configure:5836: result: objdump
configure:5868: checking how to recognize dependent libraries
configure:6068: result: pass_all
configure:6153: checking for dlltool
configure:6183: result: no
configure:6213: checking how to associate runtime and link libraries
configure:6240: result: printf %s\n
configure:6300: checking for ar
configure:6316: found /usr/bin/ar
configure:6327: result: ar
configure:6364: checking for archiver @FILE support
configure:6381: gcc -c -g -O2  -DNDEBUG conftest.c >&5
configure:6381: $? = 0
configure:6384: ar cru libconftest.a @conftest.lst >&5
configure:6387: $? = 0
configure:6392: ar cru libconftest.a @conftest.lst >&5
ar: conftest.o: No such file or directory
configure:6395: $? = 1
configure:6407: result: @
configure:6465: checking for strip
configure:6481: found /usr/bin/strip
configure:6492: result: strip
configure:6564: checking for ranlib
configure:6580: found /usr/bin/ranlib
configure:6591: result: ranlib
configure:6693: checking command to parse /usr/bin/nm -B output from gcc object
configure:6846: gcc -c -g -O2  -DNDEBUG conftest.c >&5
configure:6849: $? = 0
configure:6853: /usr/bin/nm -B conftest.o \| sed -n -e 's/^.*[ ]\([ABCDGIRSTW][ABCDGIRSTW]*\)[ ][ ]*\([_A-Za-z][_A-Za-z0-9]*\)$/\1 \2 \2/p' | sed '/ __gnu_lto/d' \> conftest.nm
configure:6856: $? = 0
configure:6922: gcc -o conftest -g -O2  -DNDEBUG  conftest.c conftstm.o >&5
configure:6925: $? = 0
configure:6963: result: ok
configure:7010: checking for sysroot
configure:7040: result: no
configure:7047: checking for a working dd
configure:7085: result: /bin/dd
configure:7089: checking how to truncate binary pipes
configure:7104: result: /bin/dd bs=4096 count=1
configure:7240: gcc -c -g -O2  -DNDEBUG conftest.c >&5
configure:7243: $? = 0
configure:7433: checking for mt
configure:7463: result: no
configure:7483: checking if : is a manifest tool
configure:7489: : '-?'
configure:7497: result: no
configure:8171: checking for dlfcn.h
configure:8171: gcc -c -g -O2  -DNDEBUG conftest.c >&5
configure:8171: $? = 0
configure:8171: result: yes
configure:8438: checking for objdir
configure:8453: result: .libs
configure:8713: checking if gcc supports -fno-rtti -fno-exceptions
configure:8731: gcc -c -g -O2  -DNDEBUG -fno-rtti -fno-exceptions conftest.c >&5
cc1: warning: command line option "-fno-rtti" is valid for C++/ObjC++ but not for C
configure:8735: $? = 0
configure:8748: result: no
configure:9106: checking for gcc option to produce PIC
configure:9113: result: -fPIC -DPIC
configure:9121: checking if gcc PIC flag -fPIC -DPIC works
configure:9139: gcc -c -g -O2  -DNDEBUG -fPIC -DPIC -DPIC conftest.c >&5
configure:9143: $? = 0
configure:9156: result: yes
configure:9185: checking if gcc static flag -static works
configure:9213: result: yes
configure:9228: checking if gcc supports -c -o file.o
configure:9249: gcc -c -g -O2  -DNDEBUG -o out/conftest2.o conftest.c >&5
configure:9253: $? = 0
configure:9275: result: yes
configure:9283: checking if gcc supports -c -o file.o
configure:9330: result: yes
configure:9363: checking whether the gcc linker (/usr/bin/ld -m elf_x86_64) supports shared libraries
configure:10626: result: yes
configure:10663: checking whether -lc should be explicitly linked in
configure:10671: gcc -c -g -O2  -DNDEBUG conftest.c >&5
configure:10674: $? = 0
configure:10689: gcc -shared  -fPIC -DPIC conftest.o  -v -Wl,-soname -Wl,conftest -o conftest 2\>\&1 \| /bin/grep  -lc  \>/dev/null 2\>\&1
configure:10692: $? = 0
configure:10706: result: no
configure:10866: checking dynamic linker characteristics
configure:11447: gcc -o conftest -g -O2  -DNDEBUG  -Wl,-rpath -Wl,/foo conftest.c -lm  >&5
configure:11447: $? = 0
configure:11696: result: GNU/Linux ld.so
configure:11818: checking how to hardcode library paths into programs
configure:11843: result: immediate
configure:12391: checking whether stripping libraries is possible
configure:12396: result: yes
configure:12431: checking if libtool supports shared libraries
configure:12433: result: yes
configure:12436: checking whether to build shared libraries
configure:12461: result: yes
configure:12464: checking whether to build static libraries
configure:12468: result: yes
configure:12491: checking how to run the C++ preprocessor
configure:12518: g++ -E  -DNDEBUG conftest.cpp
configure:12518: $? = 0
configure:12532: g++ -E  -DNDEBUG conftest.cpp
conftest.cpp:25:28: error: ac_nonexistent.h: No such file or directory
configure:12532: $? = 1
configure: failed program was:
| /* confdefs.h */
| #define PACKAGE_NAME "SISCone"
| #define PACKAGE_TARNAME "siscone"
| #define PACKAGE_VERSION "3.0.2"
| #define PACKAGE_STRING "SISCone 3.0.2"
| #define PACKAGE_BUGREPORT ""
| #define PACKAGE_URL ""
| #define PACKAGE "siscone"
| #define VERSION "3.0.2"
| #define STDC_HEADERS 1
| #define HAVE_SYS_TYPES_H 1
| #define HAVE_SYS_STAT_H 1
| #define HAVE_STDLIB_H 1
| #define HAVE_STRING_H 1
| #define HAVE_MEMORY_H 1
| #define HAVE_STRINGS_H 1
| #define HAVE_INTTYPES_H 1
| #define HAVE_STDINT_H 1
| #define HAVE_UNISTD_H 1
| #define STDC_HEADERS 1
| #define HAVE_LIBM 1
| #define HAVE_DLFCN_H 1
| #define LT_OBJDIR ".libs/"
| /* end confdefs.h.  */
| #include <ac_nonexistent.h>
configure:12557: result: g++ -E
configure:12577: g++ -E  -DNDEBUG conftest.cpp
configure:12577: $? = 0
configure:12591: g++ -E  -DNDEBUG conftest.cpp
conftest.cpp:25:28: error: ac_nonexistent.h: No such file or directory
configure:12591: $? = 1
configure: failed program was:
| /* confdefs.h */
| #define PACKAGE_NAME "SISCone"
| #define PACKAGE_TARNAME "siscone"
| #define PACKAGE_VERSION "3.0.2"
| #define PACKAGE_STRING "SISCone 3.0.2"
| #define PACKAGE_BUGREPORT ""
| #define PACKAGE_URL ""
| #define PACKAGE "siscone"
| #define VERSION "3.0.2"
| #define STDC_HEADERS 1
| #define HAVE_SYS_TYPES_H 1
| #define HAVE_SYS_STAT_H 1
| #define HAVE_STDLIB_H 1
| #define HAVE_STRING_H 1
| #define HAVE_MEMORY_H 1
| #define HAVE_STRINGS_H 1
| #define HAVE_INTTYPES_H 1
| #define HAVE_STDINT_H 1
| #define HAVE_UNISTD_H 1
| #define STDC_HEADERS 1
| #define HAVE_LIBM 1
| #define HAVE_DLFCN_H 1
| #define LT_OBJDIR ".libs/"
| /* end confdefs.h.  */
| #include <ac_nonexistent.h>
configure:12753: checking for ld used by g++
configure:12820: result: /usr/bin/ld -m elf_x86_64
configure:12827: checking if the linker (/usr/bin/ld -m elf_x86_64) is GNU ld
configure:12842: result: yes
configure:12897: checking whether the g++ linker (/usr/bin/ld -m elf_x86_64) supports shared libraries
configure:13970: result: yes
configure:14006: g++ -c -O3 -Wall -ffast-math -g   -DNDEBUG conftest.cpp >&5
configure:14009: $? = 0
configure:14490: checking for g++ option to produce PIC
configure:14497: result: -fPIC -DPIC
configure:14505: checking if g++ PIC flag -fPIC -DPIC works
configure:14523: g++ -c -O3 -Wall -ffast-math -g   -DNDEBUG -fPIC -DPIC -DPIC conftest.cpp >&5
configure:14527: $? = 0
configure:14540: result: yes
configure:14563: checking if g++ static flag -static works
configure:14591: result: yes
configure:14603: checking if g++ supports -c -o file.o
configure:14624: g++ -c -O3 -Wall -ffast-math -g   -DNDEBUG -o out/conftest2.o conftest.cpp >&5
configure:14628: $? = 0
configure:14650: result: yes
configure:14655: checking if g++ supports -c -o file.o
configure:14702: result: yes
configure:14732: checking whether the g++ linker (/usr/bin/ld -m elf_x86_64) supports shared libraries
configure:14775: result: yes
configure:14916: checking dynamic linker characteristics
configure:15673: result: GNU/Linux ld.so
configure:15738: checking how to hardcode library paths into programs
configure:15763: result: immediate
configure:15825: checking if g++ -O3 -Wall -ffast-math -g  considers atd::auto_ptr as deprecated
configure:15846: g++ -c -O3 -Wall -ffast-math -g  -Werror=deprecated-declarations  -DNDEBUG conftest.cpp >&5
configure:15846: $? = 0
configure:15852: result: no
configure:16027: creating ./config.status

## ---------------------- ##
## Running config.status. ##
## ---------------------- ##

This file was extended by SISCone config.status 3.0.2, which was
generated by GNU Autoconf 2.69.  Invocation command line was

  CONFIG_FILES    = 
  CONFIG_HEADERS  = 
  CONFIG_LINKS    = 
  CONFIG_COMMANDS = 
  $ ./config.status 

on zebra03.spa.umn.edu

config.status:1149: creating Makefile
config.status:1149: creating siscone/Makefile
config.status:1149: creating siscone/spherical/Makefile
config.status:1149: creating examples/Makefile
config.status:1149: creating examples/events/Makefile
config.status:1149: creating siscone/config.h
config.status:1330: siscone/config.h is unchanged
config.status:1378: executing depfiles commands
config.status:1378: executing libtool commands

## ---------------- ##
## Cache variables. ##
## ---------------- ##

ac_cv_build=x86_64-pc-linux-gnu
ac_cv_c_compiler_gnu=yes
ac_cv_cxx_compiler_gnu=yes
ac_cv_env_CCC_set=
ac_cv_env_CCC_value=
ac_cv_env_CC_set=
ac_cv_env_CC_value=
ac_cv_env_CFLAGS_set=
ac_cv_env_CFLAGS_value=
ac_cv_env_CPPFLAGS_set=set
ac_cv_env_CPPFLAGS_value=' -DNDEBUG'
ac_cv_env_CPP_set=
ac_cv_env_CPP_value=
ac_cv_env_CXXCPP_set=
ac_cv_env_CXXCPP_value=
ac_cv_env_CXXFLAGS_set=
ac_cv_env_CXXFLAGS_value=
ac_cv_env_CXX_set=
ac_cv_env_CXX_value=
ac_cv_env_LDFLAGS_set=
ac_cv_env_LDFLAGS_value=
ac_cv_env_LIBS_set=
ac_cv_env_LIBS_value=
ac_cv_env_LT_SYS_LIBRARY_PATH_set=
ac_cv_env_LT_SYS_LIBRARY_PATH_value=
ac_cv_env_build_alias_set=
ac_cv_env_build_alias_value=
ac_cv_env_host_alias_set=
ac_cv_env_host_alias_value=
ac_cv_env_target_alias_set=
ac_cv_env_target_alias_value=
ac_cv_header_dlfcn_h=yes
ac_cv_header_inttypes_h=yes
ac_cv_header_memory_h=yes
ac_cv_header_stdc=yes
ac_cv_header_stdint_h=yes
ac_cv_header_stdlib_h=yes
ac_cv_header_string_h=yes
ac_cv_header_strings_h=yes
ac_cv_header_sys_stat_h=yes
ac_cv_header_sys_types_h=yes
ac_cv_header_unistd_h=yes
ac_cv_host=x86_64-pc-linux-gnu
ac_cv_lib_m_cos=yes
ac_cv_objext=o
ac_cv_path_EGREP='/bin/grep -E'
ac_cv_path_FGREP='/bin/grep -F'
ac_cv_path_GREP=/bin/grep
ac_cv_path_SED=/bin/sed
ac_cv_path_install='/usr/bin/install -c'
ac_cv_path_lt_DD=/bin/dd
ac_cv_path_mkdir=/bin/mkdir
ac_cv_prog_AWK=gawk
ac_cv_prog_CPP='gcc -E'
ac_cv_prog_CXXCPP='g++ -E'
ac_cv_prog_ac_ct_AR=ar
ac_cv_prog_ac_ct_CC=gcc
ac_cv_prog_ac_ct_CXX=g++
ac_cv_prog_ac_ct_OBJDUMP=objdump
ac_cv_prog_ac_ct_RANLIB=ranlib
ac_cv_prog_ac_ct_STRIP=strip
ac_cv_prog_cc_c89=
ac_cv_prog_cc_g=yes
ac_cv_prog_cxx_g=yes
ac_cv_prog_make_make_set=yes
ac_cv_type_int=yes
ac_cv_type_long=yes
am_cv_CC_dependencies_compiler_type=gcc3
am_cv_CXX_dependencies_compiler_type=gcc3
lt_cv_ar_at_file=@
lt_cv_archive_cmds_need_lc=no
lt_cv_deplibs_check_method=pass_all
lt_cv_file_magic_cmd='$MAGIC_CMD'
lt_cv_file_magic_test_file=
lt_cv_ld_reload_flag=-r
lt_cv_nm_interface='BSD nm'
lt_cv_objdir=.libs
lt_cv_path_LD=/usr/bin/ld
lt_cv_path_LDCXX='/usr/bin/ld -m elf_x86_64'
lt_cv_path_NM='/usr/bin/nm -B'
lt_cv_path_mainfest_tool=no
lt_cv_prog_compiler_c_o=yes
lt_cv_prog_compiler_c_o_CXX=yes
lt_cv_prog_compiler_pic='-fPIC -DPIC'
lt_cv_prog_compiler_pic_CXX='-fPIC -DPIC'
lt_cv_prog_compiler_pic_works=yes
lt_cv_prog_compiler_pic_works_CXX=yes
lt_cv_prog_compiler_rtti_exceptions=no
lt_cv_prog_compiler_static_works=yes
lt_cv_prog_compiler_static_works_CXX=yes
lt_cv_prog_gnu_ld=yes
lt_cv_prog_gnu_ldcxx=yes
lt_cv_sharedlib_from_linklib_cmd='printf %s\n'
lt_cv_shlibpath_overrides_runpath=no
lt_cv_sys_global_symbol_pipe='sed -n -e '\''s/^.*[	 ]\([ABCDGIRSTW][ABCDGIRSTW]*\)[	 ][	 ]*\([_A-Za-z][_A-Za-z0-9]*\)$/\1 \2 \2/p'\'' | sed '\''/ __gnu_lto/d'\'''
lt_cv_sys_global_symbol_to_c_name_address='sed -n -e '\''s/^: \(.*\) .*$/  {"\1", (void *) 0},/p'\'' -e '\''s/^[ABCDGIRSTW][ABCDGIRSTW]* .* \(.*\)$/  {"\1", (void *) \&\1},/p'\'''
lt_cv_sys_global_symbol_to_c_name_address_lib_prefix='sed -n -e '\''s/^: \(.*\) .*$/  {"\1", (void *) 0},/p'\'' -e '\''s/^[ABCDGIRSTW][ABCDGIRSTW]* .* \(lib.*\)$/  {"\1", (void *) \&\1},/p'\'' -e '\''s/^[ABCDGIRSTW][ABCDGIRSTW]* .* \(.*\)$/  {"lib\1", (void *) \&\1},/p'\'''
lt_cv_sys_global_symbol_to_cdecl='sed -n -e '\''s/^T .* \(.*\)$/extern int \1();/p'\'' -e '\''s/^[ABCDGIRSTW][ABCDGIRSTW]* .* \(.*\)$/extern char \1;/p'\'''
lt_cv_sys_global_symbol_to_import=
lt_cv_sys_max_cmd_len=1966080
lt_cv_to_host_file_cmd=func_convert_file_noop
lt_cv_to_tool_file_cmd=func_convert_file_noop
lt_cv_truncate_bin='/bin/dd bs=4096 count=1'

## ----------------- ##
## Output variables. ##
## ----------------- ##

ACLOCAL='${SHELL} /home/aevans/CMS/phistar/rivet/fastjet-3.2.0/plugins/SISCone/siscone/missing --run aclocal-1.11'
AMDEPBACKSLASH='\'
AMDEP_FALSE='#'
AMDEP_TRUE=''
AMTAR='$${TAR-tar}'
AR='ar'
AUTOCONF='${SHELL} /home/aevans/CMS/phistar/rivet/fastjet-3.2.0/plugins/SISCone/siscone/missing --run autoconf'
AUTOHEADER='${SHELL} /home/aevans/CMS/phistar/rivet/fastjet-3.2.0/plugins/SISCone/siscone/missing --run autoheader'
AUTOMAKE='${SHELL} /home/aevans/CMS/phistar/rivet/fastjet-3.2.0/plugins/SISCone/siscone/missing --run automake-1.11'
AWK='gawk'
CC='gcc'
CCDEPMODE='depmode=gcc3'
CFLAGS='-g -O2'
CPP='gcc -E'
CPPFLAGS=' -DNDEBUG'
CXX='g++'
CXXCPP='g++ -E'
CXXDEPMODE='depmode=gcc3'
CXXFLAGS='-O3 -Wall -ffast-math -g '
CYGPATH_W='echo'
DEFS='-DHAVE_CONFIG_H'
DEPDIR='.deps'
DLLTOOL='false'
DSYMUTIL=''
DUMPBIN=''
ECHO_C=''
ECHO_N='-n'
ECHO_T=''
EGREP='/bin/grep -E'
EXEEXT=''
FGREP='/bin/grep -F'
GREP='/bin/grep'
INSTALL_DATA='${INSTALL} -m 644'
INSTALL_PROGRAM='${INSTALL}'
INSTALL_SCRIPT='${INSTALL}'
INSTALL_STRIP_PROGRAM='$(install_sh) -c -s'
LD='/usr/bin/ld -m elf_x86_64'
LDFLAGS=''
LIBOBJS=''
LIBS='-lm '
LIBTOOL='$(SHELL) $(top_builddir)/libtool'
LIPO=''
LN_S='ln -s'
LTLIBOBJS=''
LT_SYS_LIBRARY_PATH=''
MAKEINFO='${SHELL} /home/aevans/CMS/phistar/rivet/fastjet-3.2.0/plugins/SISCone/siscone/missing --run makeinfo'
MANIFEST_TOOL=':'
MKDIR_P='/bin/mkdir -p'
NM='/usr/bin/nm -B'
NMEDIT=''
OBJDUMP='objdump'
OBJEXT='o'
OTOOL64=''
OTOOL=''
PACKAGE='siscone'
PACKAGE_BUGREPORT=''
PACKAGE_NAME='SISCone'
PACKAGE_STRING='SISCone 3.0.2'
PACKAGE_TARNAME='siscone'
PACKAGE_URL=''
PACKAGE_VERSION='3.0.2'
PATH_SEPARATOR=':'
RANLIB='ranlib'
SED='/bin/sed'
SET_MAKE=''
SHELL='/bin/sh'
STRIP='strip'
VERSION='3.0.2'
ac_ct_AR='ar'
ac_ct_CC='gcc'
ac_ct_CXX='g++'
ac_ct_DUMPBIN=''
am__EXEEXT_FALSE=''
am__EXEEXT_TRUE='#'
am__fastdepCC_FALSE='#'
am__fastdepCC_TRUE=''
am__fastdepCXX_FALSE='#'
am__fastdepCXX_TRUE=''
am__include='include'
am__isrc=''
am__leading_dot='.'
am__nodep='_no'
am__quote=''
am__tar='$${TAR-tar} chof - "$$tardir"'
am__untar='$${TAR-tar} xf -'
bindir='${exec_prefix}/bin'
build='x86_64-pc-linux-gnu'
build_alias=''
build_cpu='x86_64'
build_os='linux-gnu'
build_vendor='pc'
datadir='${datarootdir}'
datarootdir='${prefix}/share'
docdir='${datarootdir}/doc/${PACKAGE_TARNAME}'
dvidir='${docdir}'
exec_prefix='${prefix}'
host='x86_64-pc-linux-gnu'
host_alias=''
host_cpu='x86_64'
host_os='linux-gnu'
host_vendor='pc'
htmldir='${docdir}'
includedir='${prefix}/include'
infodir='${datarootdir}/info'
install_sh='${SHELL} /home/aevans/CMS/phistar/rivet/fastjet-3.2.0/plugins/SISCone/siscone/install-sh'
libdir='${exec_prefix}/lib'
libexecdir='${exec_prefix}/libexec'
localedir='${datarootdir}/locale'
localstatedir='${prefix}/var'
mandir='${datarootdir}/man'
mkdir_p='/bin/mkdir -p'
oldincludedir='/usr/include'
pdfdir='${docdir}'
prefix='/home/aevans/CMS/phistar/rivet/local'
program_transform_name='s,x,x,'
psdir='${docdir}'
runstatedir='${localstatedir}/run'
sbindir='${exec_prefix}/sbin'
sharedstatedir='${prefix}/com'
sysconfdir='${prefix}/etc'
target_alias=''

## ----------- ##
## confdefs.h. ##
## ----------- ##

/* confdefs.h */
#define PACKAGE_NAME "SISCone"
#define PACKAGE_TARNAME "siscone"
#define PACKAGE_VERSION "3.0.2"
#define PACKAGE_STRING "SISCone 3.0.2"
#define PACKAGE_BUGREPORT ""
#define PACKAGE_URL ""
#define PACKAGE "siscone"
#define VERSION "3.0.2"
#define STDC_HEADERS 1
#define HAVE_SYS_TYPES_H 1
#define HAVE_SYS_STAT_H 1
#define HAVE_STDLIB_H 1
#define HAVE_STRING_H 1
#define HAVE_MEMORY_H 1
#define HAVE_STRINGS_H 1
#define HAVE_INTTYPES_H 1
#define HAVE_STDINT_H 1
#define HAVE_UNISTD_H 1
#define STDC_HEADERS 1
#define HAVE_LIBM 1
#define HAVE_DLFCN_H 1
#define LT_OBJDIR ".libs/"

configure: exit 0
